tests\clubbot\services\jobs\test_subscriber_base.py:73: error: Argument
"source_factory" to "RedisBackgroundSubscriber" has incompatible type
"Callable[[str], _StubSource]"; expected "Callable[[str], MessageSource] | None"
 [arg-type]
            source_factory=_source_factory,
                           ^~~~~~~~~~~~~~~
tests\clubbot\services\jobs\test_subscriber_base.py:101: error: Argument
"source_factory" to "RedisBackgroundSubscriber" has incompatible type
"Callable[[str], _StubSource]"; expected "Callable[[str], MessageSource] | None"
 [arg-type]
            source_factory=_source_factory,
                           ^~~~~~~~~~~~~~~
tests\clubbot\cogs\test_base_cog_more.py:76: error: "ResponseProto" has no
attribute "sent"  [attr-defined]
        assert inter.response.sent and not inter.followup.sent
               ^~~~~~~~~~~~~~~~~~~
tests\clubbot\cogs\test_base_cog_more.py:76: error: Expression has type "Any" 
[misc]
        assert inter.response.sent and not inter.followup.sent
               ^~~~~~~~~~~~~~~~~~~
tests\clubbot\cogs\test_base_cog_more.py:76: error: Expression type contains
"Any" (has type "Any | bool")  [misc]
        assert inter.response.sent and not inter.followup.sent
               ^~~~~~~~~~~~~~~~~~~~~~~~~~~~~~~~~~~~~~~~~~~~~~~
tests\clubbot\cogs\test_base_cog_more.py:76: error: "FollowupProto" has no
attribute "sent"  [attr-defined]
        assert inter.response.sent and not inter.followup.sent
                                           ^~~~~~~~~~~~~~~~~~~
tests\clubbot\cogs\test_base_cog_more.py:81: error: "FollowupProto" has no
attribute "sent"  [attr-defined]
        assert inter2.followup.sent
               ^~~~~~~~~~~~~~~~~~~~
tests\clubbot\cogs\test_base_cog_more.py:81: error: Expression has type "Any" 
[misc]
        assert inter2.followup.sent
               ^~~~~~~~~~~~~~~~~~~~
tests\clubbot\cogs\test_base_cog_more.py:92: error: "FollowupProto" has no
attribute "sent"  [attr-defined]
        assert inter.followup.sent
               ^~~~~~~~~~~~~~~~~~~
tests\clubbot\cogs\test_base_cog_more.py:92: error: Expression has type "Any" 
[misc]
        assert inter.followup.sent
               ^~~~~~~~~~~~~~~~~~~
tests\clubbot\cogs\test_base_cog_more.py:93: error: "FollowupProto" has no
attribute "sent"  [attr-defined]
        sent_content = inter.followup.sent[0][0]
                       ^~~~~~~~~~~~~~~~~~~
tests\clubbot\cogs\test_base_cog_more.py:93: error: Expression has type "Any" 
[misc]
        sent_content = inter.followup.sent[0][0]
                       ^~~~~~~~~~~~~~~~~~~
tests\clubbot\cogs\test_base_cog_more.py:94: error: Expression has type "Any" 
[misc]
        assert sent_content is not None and "req=r99" in sent_content
               ^~~~~~~~~~~~
tests\clubbot\cogs\test_base_cog_more.py:99: error: "ResponseProto" has no
attribute "sent"  [attr-defined]
        assert inter2.response.sent
               ^~~~~~~~~~~~~~~~~~~~
tests\clubbot\cogs\test_base_cog_more.py:99: error: Expression has type "Any" 
[misc]
        assert inter2.response.sent
               ^~~~~~~~~~~~~~~~~~~~
tests\clubbot\cogs\test_base_cog_more.py:116: error: Argument 2 to
"handle_exception" of "BaseCog" has incompatible type "_LogNonDictExtra";
expected "_Logger"  [arg-type]
        await cog.handle_exception(inter, _LogNonDictExtra(), RuntimeError...
                                          ^~~~~~~~~~~~~~~~~~
tests\clubbot\cogs\test_base_cog_more.py:118: error: "FollowupProto" has no
attribute "sent"  [attr-defined]
        assert inter.followup.sent
               ^~~~~~~~~~~~~~~~~~~
tests\clubbot\cogs\test_base_cog_more.py:118: error: Expression has type "Any" 
[misc]
        assert inter.followup.sent
               ^~~~~~~~~~~~~~~~~~~
tests\clubbot\cogs\test_base_cog_more.py:119: error: "FollowupProto" has no
attribute "sent"  [attr-defined]
        sent_content = inter.followup.sent[0][0]
                       ^~~~~~~~~~~~~~~~~~~
tests\clubbot\cogs\test_base_cog_more.py:119: error: Expression has type "Any" 
[misc]
        sent_content = inter.followup.sent[0][0]
                       ^~~~~~~~~~~~~~~~~~~
tests\clubbot\cogs\test_base_cog_more.py:120: error: Expression has type "Any" 
[misc]
        assert sent_content is not None and "req=" not in sent_content
               ^~~~~~~~~~~~
tests\clubbot\cogs\test_base_cog_more.py:145: error: Name "FakeEmbed" is not
defined  [name-defined]
                embed: FakeEmbed | None = None,
                       ^
tests\clubbot\cogs\test_base_cog_lifecycle.py:24: error: Argument 1 to
"handle_user_error" of "BaseCog" has incompatible type "FakeInteraction";
expected "InteractionProto"  [arg-type]
        asyncio.run(bc.handle_user_error(inter1, log, "m"))
                                         ^~~~~~
tests\clubbot\cogs\test_base_cog_lifecycle.py:24: note: Following member(s) of "FakeInteraction" have conflicts:
tests\clubbot\cogs\test_base_cog_lifecycle.py:24: note:     followup: expected "FollowupProto", got "FakeFollowup | FakeFollowupRaises"
tests\clubbot\cogs\test_base_cog_lifecycle.py:24: note:     response: expected "ResponseProto", got "FakeResponse | FakeResponseRaises"
tests\clubbot\cogs\test_base_cog_lifecycle.py:29: error: Argument 1 to
"handle_user_error" of "BaseCog" has incompatible type "FakeInteraction";
expected "InteractionProto"  [arg-type]
        asyncio.run(bc.handle_user_error(inter2, log, "m2"))
                                         ^~~~~~
tests\clubbot\cogs\test_base_cog_lifecycle.py:29: note: Following member(s) of "FakeInteraction" have conflicts:
tests\clubbot\cogs\test_base_cog_lifecycle.py:29: note:     followup: expected "FollowupProto", got "FakeFollowup | FakeFollowupRaises"
tests\clubbot\cogs\test_base_cog_lifecycle.py:29: note:     response: expected "ResponseProto", got "FakeResponse | FakeResponseRaises"
tests\clubbot\cogs\test_base_cog_lifecycle.py:41: error: Argument 1 to
"handle_exception" of "BaseCog" has incompatible type "FakeInteraction";
expected "InteractionProto"  [arg-type]
        asyncio.run(bc.handle_exception(inter1, log, RuntimeError("x")))
                                        ^~~~~~
tests\clubbot\cogs\test_base_cog_lifecycle.py:41: note: Following member(s) of "FakeInteraction" have conflicts:
tests\clubbot\cogs\test_base_cog_lifecycle.py:41: note:     followup: expected "FollowupProto", got "FakeFollowup | FakeFollowupRaises"
tests\clubbot\cogs\test_base_cog_lifecycle.py:41: note:     response: expected "ResponseProto", got "FakeResponse | FakeResponseRaises"
tests\clubbot\cogs\test_base_cog_lifecycle.py:45: error: Argument 1 to
"handle_exception" of "BaseCog" has incompatible type "FakeInteraction";
expected "InteractionProto"  [arg-type]
        asyncio.run(bc.handle_exception(inter2, log, RuntimeError("y")))
                                        ^~~~~~
tests\clubbot\cogs\test_base_cog_lifecycle.py:45: note: Following member(s) of "FakeInteraction" have conflicts:
tests\clubbot\cogs\test_base_cog_lifecycle.py:45: note:     followup: expected "FollowupProto", got "FakeFollowup | FakeFollowupRaises"
tests\clubbot\cogs\test_base_cog_lifecycle.py:45: note:     response: expected "ResponseProto", got "FakeResponse | FakeResponseRaises"
tests\clubbot\cogs\test_base_cog_helpers_edges.py:69: error: Argument 1 to
"_safe_defer" of "BaseCog" has incompatible type "_InteractionForDefer";
expected "InteractionProto"  [arg-type]
        ok = await cog._safe_defer(inter, ephemeral=True)
                                   ^~~~~
tests\clubbot\cogs\test_base_cog_helpers_edges.py:69: note: Following member(s) of "_InteractionForDefer" have conflicts:
tests\clubbot\cogs\test_base_cog_helpers_edges.py:69: note:     followup: expected "FollowupProto", got "_FollowupStub"
tests\clubbot\cogs\test_base_cog_helpers_edges.py:69: note:     response: expected "ResponseProto", got "_ResponseForDefer"
tests\clubbot\cogs\test_base_cog_handle_exception_branch.py:72: error: Argument
1 to "handle_exception" of "BaseCog" has incompatible type
"_InteractionWithTracking"; expected "InteractionProto"  [arg-type]
        await cog.handle_exception(inter, logger, RuntimeError("boom"))
                                   ^~~~~
tests\clubbot\cogs\test_base_cog_handle_exception_branch.py:72: note: Following member(s) of "_InteractionWithTracking" have conflicts:
tests\clubbot\cogs\test_base_cog_handle_exception_branch.py:72: note:     followup: expected "FollowupProto", got "_FollowupWithTracking"
tests\clubbot\cogs\test_base_cog_handle_exception_branch.py:72: note:     response: expected "ResponseProto", got "_ResponseWithTracking"
tests\test_trainer_notifier_unknown_event.py:10: error: Expression has type
"Any"  [misc]
        bot = type("B", (), {"fetch_user": lambda self, uid: None})()
              ^~~~~~~~~~~~~~~~~~~~~~~~~~~~~~~~~~~~~~~~~~~~~~~~~~~~~~~
tests\test_trainer_notifier_unknown_event.py:10: error: Expression type
contains "Any" (has type "dict[str, Callable[[Any, Any], None]]")  [misc]
        bot = type("B", (), {"fetch_user": lambda self, uid: None})()
                            ^~~~~~~~~~~~~~~~~~~~~~~~~~~~~~~~~~~~~~
tests\test_trainer_notifier_unknown_event.py:10: error: Expression type
contains "Any" (has type "dict[str, Any]")  [misc]
        bot = type("B", (), {"fetch_user": lambda self, uid: None})()
                            ^~~~~~~~~~~~~~~~~~~~~~~~~~~~~~~~~~~~~~
tests\test_trainer_notifier_unknown_event.py:10: error: Expression type
contains "Any" (has type "tuple[str, Callable[[Any, Any], None]]")  [misc]
        bot = type("B", (), {"fetch_user": lambda self, uid: None})()
                             ^
tests\test_trainer_notifier_unknown_event.py:10: error: Expression type
contains "Any" (has type "Callable[[Any, Any], None]")  [misc]
        bot = type("B", (), {"fetch_user": lambda self, uid: None})()
                                           ^
tests\test_trainer_notifier_unknown_event.py:11: error: Expression has type
"Any"  [misc]
        sub = TrainerEventSubscriber(bot=bot, redis_url="redis://example")
                                         ^~~
tests\test_trainer_notifier_unknown_event.py:14: error: Argument 1 to
"_handle_event" of "TrainerEventSubscriber" has incompatible type
"dict[str, str]"; expected "StartedV1 | ProgressV1 | CompletedV1 | FailedV1" 
[arg-type]
            await sub._handle_event({"type": "trainer.train.other.v1"})
                                    ^~~~~~~~~~~~~~~~~~~~~~~~~~~~~~~~~~
tests\test_trainer_notifier_start_stop.py:16: error: Incompatible return value
type (got "object", expected
"dict[str, UnknownJson] | list[UnknownJson] | str | int | float | bool | None") 
[return-value]
                return object()
                       ^~~~~~~~
tests\test_trainer_notifier_start_stop.py:43: error: Incompatible return value
type (got "object", expected
"dict[str, UnknownJson] | list[UnknownJson] | str | int | float | bool | None") 
[return-value]
                return object()
                       ^~~~~~~~
tests\test_trainer_notifier_failure.py:22: error: Incompatible return value
type (got "object", expected
"dict[str, UnknownJson] | list[UnknownJson] | str | int | float | bool | None") 
[return-value]
                return object()
                       ^~~~~~~~
tests\test_trainer_notifier_failure.py:25: error: Function is missing a return
type annotation  [no-untyped-def]
            async def send(self, *args: UnknownJson, **kwargs: UnknownJson...
            ^
tests\test_trainer_notifier_failure.py:30: error: Function is missing a return
type annotation  [no-untyped-def]
            async def fetch_user(self, user_id: int):
            ^
tests\test_trainer_notifier.py:20: error: Incompatible return value type (got
"object", expected
"dict[str, UnknownJson] | list[UnknownJson] | str | int | float | bool | None") 
[return-value]
            return object()
                   ^~~~~~~~
tests\test_trainer_notifier.py:27: error: Function is missing a return type
annotation  [no-untyped-def]
        async def send(self, *args: UnknownJson, **kwargs: UnknownJson):
        ^
tests\test_trainer_notifier.py:29: error: Expression type contains "Any" (has
type "type[Embed]")  [misc]
            if isinstance(emb, discord.Embed):
                               ^~~~~~~~~~~~~
tests\test_trainer_notifier.py:39: error: Function is missing a return type
annotation  [no-untyped-def]
        async def fetch_user(self, user_id: int):
        ^
tests\test_trainer_notifier.py:106: error: Expression type contains "Any" (has
type "type[Embed]")  [misc]
        assert isinstance(bot._user.sent[0], discord.Embed)
                                             ^~~~~~~~~~~~~
tests\clubbot\services\test_transcript_api_client_unexpected_format.py:32: error:
Expression type contains "Any" (has type "Callable[[Any], Any]")  [misc]
            Timeout=lambda t: t,
                    ^
tests\clubbot\services\test_transcript_api_client_unexpected_format.py:33: error:
Expression type contains "Any" (has type
"Callable[[VarArg(Any), KwArg(Any)], Any]")  [misc]
            AsyncClient=lambda *a, **k: (_ for _ in ()).throw(RuntimeError...
                        ^
tests\clubbot\services\test_transcript_api_client_unexpected_format.py:33: error:
Expression type contains "Any" (has type "Generator[Any, None, None]")  [misc]
            AsyncClient=lambda *a, **k: (_ for _ in ()).throw(RuntimeError...
                                        ^~~~~~~~~~~~~~~
tests\clubbot\services\test_transcript_api_client_unexpected_format.py:33: error:
Expression has type "Any"  [misc]
            AsyncClient=lambda *a, **k: (_ for _ in ()).throw(RuntimeError...
                                        ^~~~~~~~~~~~~~~~~~~~~~~~~~~~~~~~~~...
tests\clubbot\services\test_transcript_api_client_unexpected_format.py:34: error:
Expression type contains "Any" (has type "Callable[[Any], _Client]")  [misc]
            Client=lambda timeout: _Client(text='"not a dict"'),
                   ^
tests\clubbot\services\test_transcript_api_client_400_generic.py:7: error:
Cannot find implementation or library stub for module named
"clubbot.utils.errors"  [import-not-found]
    from clubbot.utils.errors import UserInputError
    ^
tests\clubbot\services\test_transcript_api_client_400_generic.py:33: error:
Expression type contains "Any" (has type "Callable[[Any], Any]")  [misc]
            Timeout=lambda t: t,
                    ^
tests\clubbot\services\test_transcript_api_client_400_generic.py:34: error:
Expression type contains "Any" (has type
"Callable[[VarArg(Any), KwArg(Any)], Any]")  [misc]
            AsyncClient=lambda *a, **k: (_ for _ in ()).throw(RuntimeError...
                        ^
tests\clubbot\services\test_transcript_api_client_400_generic.py:34: error:
Expression type contains "Any" (has type "Generator[Any, None, None]")  [misc]
            AsyncClient=lambda *a, **k: (_ for _ in ()).throw(RuntimeError...
                                        ^~~~~~~~~~~~~~~
tests\clubbot\services\test_transcript_api_client_400_generic.py:34: error:
Expression has type "Any"  [misc]
            AsyncClient=lambda *a, **k: (_ for _ in ()).throw(RuntimeError...
                                        ^~~~~~~~~~~~~~~~~~~~~~~~~~~~~~~~~~...
tests\clubbot\services\test_transcript_api_client_400_generic.py:35: error:
Expression type contains "Any" (has type "Callable[[Any], _Client]")  [misc]
            Client=lambda timeout: _Client(text=text),
                   ^
tests\clubbot\services\test_transcript_api_client_400_generic.py:43: error:
Expression type contains "Any" (has type "RaisesExc[Any]")  [misc]
        with pytest.raises(UserInputError):
             ^~~~~~~~~~~~~~~~~~~~~~~~~~~~~
tests\clubbot\services\test_transcript_api_client_400_generic.py:43: error:
Expression has type "Any"  [misc]
        with pytest.raises(UserInputError):
                           ^~~~~~~~~~~~~~
tests\clubbot\services\test_transcript_api_client_400_generic.py:50: error:
Expression type contains "Any" (has type "RaisesExc[Any]")  [misc]
        with pytest.raises(UserInputError):
             ^~~~~~~~~~~~~~~~~~~~~~~~~~~~~
tests\clubbot\services\test_transcript_api_client_400_generic.py:50: error:
Expression has type "Any"  [misc]
        with pytest.raises(UserInputError):
                           ^~~~~~~~~~~~~~
tests\clubbot\services\test_transcript_api_client.py:6: error: Cannot find
implementation or library stub for module named "clubbot.utils.errors" 
[import-not-found]
    from clubbot.utils.errors import UserInputError
    ^
tests\clubbot\services\test_transcript_api_client.py:23: error: Incompatible
return value type (got
"dict[str, str | int | float | bool | None | dict[str, str | int | float | bool | None] | list[str | int | float | bool | None]]",
expected
"str | int | float | bool | None | dict[str, str | int | float | bool | None] | list[str | int | float | bool | None]")
 [return-value]
            return self._payload
                   ^~~~~~~~~~~~~
tests\clubbot\services\test_transcript_api_client.py:51: error: Expression type
contains "Any" (has type "Callable[[Any], Any]")  [misc]
            Timeout=lambda t: t,
                    ^
tests\clubbot\services\test_transcript_api_client.py:52: error: Expression type
contains "Any" (has type "Callable[[VarArg(Any), KwArg(Any)], Any]")  [misc]
            AsyncClient=lambda *a, **k: (_ for _ in ()).throw(RuntimeError...
                        ^
tests\clubbot\services\test_transcript_api_client.py:52: error: Expression type
contains "Any" (has type "Generator[Any, None, None]")  [misc]
            AsyncClient=lambda *a, **k: (_ for _ in ()).throw(RuntimeError...
                                        ^~~~~~~~~~~~~~~
tests\clubbot\services\test_transcript_api_client.py:52: error: Expression has
type "Any"  [misc]
            AsyncClient=lambda *a, **k: (_ for _ in ()).throw(RuntimeError...
                                        ^~~~~~~~~~~~~~~~~~~~~~~~~~~~~~~~~~...
tests\clubbot\services\test_transcript_api_client.py:53: error: Expression type
contains "Any" (has type "Callable[[Any], _ClientFake]")  [misc]
            Client=lambda timeout: _ClientFake(status=status, payload=payl...
                   ^
tests\clubbot\services\test_transcript_api_client.py:59: error: Expression has
type "Any"  [misc]
        monkeypatch.setitem(__import__("sys").modules, "httpx", fake_mod)
                            ^~~~~~~~~~~~~~~~~~~~~~~~~
tests\clubbot\services\test_transcript_api_client.py:68: error: Expression has
type "Any"  [misc]
        monkeypatch.setitem(__import__("sys").modules, "httpx", fake_mod)
                            ^~~~~~~~~~~~~~~~~~~~~~~~~
tests\clubbot\services\test_transcript_api_client.py:71: error: Expression type
contains "Any" (has type "RaisesExc[Any]")  [misc]
        with pytest.raises(UserInputError):
             ^~~~~~~~~~~~~~~~~~~~~~~~~~~~~
tests\clubbot\services\test_transcript_api_client.py:71: error: Expression has
type "Any"  [misc]
        with pytest.raises(UserInputError):
                           ^~~~~~~~~~~~~~
tests\clubbot\services\test_transcript_api_client.py:77: error: Expression has
type "Any"  [misc]
        monkeypatch.setitem(__import__("sys").modules, "httpx", fake_mod)
                            ^~~~~~~~~~~~~~~~~~~~~~~~~
tests\clubbot\services\test_transcript_api_client.py:86: error: Expression has
type "Any"  [misc]
        monkeypatch.setitem(__import__("sys").modules, "httpx", fake_mod)
                            ^~~~~~~~~~~~~~~~~~~~~~~~~
tests\clubbot\services\test_transcript_api_client.py:95: error: Expression has
type "Any"  [misc]
        monkeypatch.setitem(__import__("sys").modules, "httpx", fake_mod)
                            ^~~~~~~~~~~~~~~~~~~~~~~~~
tests\clubbot\services\test_transcript_api_client.py:98: error: Expression type
contains "Any" (has type "RaisesExc[Any]")  [misc]
        with pytest.raises(UserInputError):
             ^~~~~~~~~~~~~~~~~~~~~~~~~~~~~
tests\clubbot\services\test_transcript_api_client.py:98: error: Expression has
type "Any"  [misc]
        with pytest.raises(UserInputError):
                           ^~~~~~~~~~~~~~
tests\clubbot\services\test_transcript_api_client.py:114: error: Expression
type contains "Any" (has type "Callable[[Any], Any]")  [misc]
            Timeout=lambda t: t,
                    ^
tests\clubbot\services\test_transcript_api_client.py:115: error: Expression
type contains "Any" (has type "Callable[[VarArg(Any), KwArg(Any)], Any]") 
[misc]
            AsyncClient=lambda *a, **k: (_ for _ in ()).throw(RuntimeError...
                        ^
tests\clubbot\services\test_transcript_api_client.py:115: error: Expression
type contains "Any" (has type "Generator[Any, None, None]")  [misc]
            AsyncClient=lambda *a, **k: (_ for _ in ()).throw(RuntimeError...
                                        ^~~~~~~~~~~~~~~
tests\clubbot\services\test_transcript_api_client.py:115: error: Expression has
type "Any"  [misc]
            AsyncClient=lambda *a, **k: (_ for _ in ()).throw(RuntimeError...
                                        ^~~~~~~~~~~~~~~~~~~~~~~~~~~~~~~~~~...
tests\clubbot\services\test_transcript_api_client.py:116: error: Expression
type contains "Any" (has type "Callable[[Any], _ClientFake2]")  [misc]
            Client=lambda timeout: _ClientFake2(status=200, payload=None),
                   ^
tests\clubbot\services\test_transcript_api_client.py:118: error: Expression has
type "Any"  [misc]
        monkeypatch.setitem(__import__("sys").modules, "httpx", fake_mod)
                            ^~~~~~~~~~~~~~~~~~~~~~~~~
tests\clubbot\services\test_transcript_api_client.py:127: error: Expression has
type "Any"  [misc]
        monkeypatch.setitem(__import__("sys").modules, "httpx", fake_mod)
                            ^~~~~~~~~~~~~~~~~~~~~~~~~
tests\clubbot\services\test_trainer_notifier_stop_cancel.py:16: error:
Expression type contains "Any" (has type "Callable[[Any], SimpleNamespace]") 
[misc]
            SimpleNamespace(fetch_user=lambda uid: SimpleNamespace()), red...
                                       ^
tests\clubbot\services\test_digits_notifier_unit.py:28: error: Incompatible
return value type (got "SimpleNamespace", expected
"dict[str, UnknownJson] | list[UnknownJson] | str | int | float | bool | None") 
[return-value]
                    return SimpleNamespace()
                           ^~~~~~~~~~~~~~~~~
tests\clubbot\services\test_digits_notifier_unit.py:30: error: Incompatible
return value type (got "_Msg", expected
"dict[str, UnknownJson] | list[UnknownJson] | str | int | float | bool | None") 
[return-value]
            return _Msg(self)
                   ^~~~~~~~~~
tests\clubbot\services\test_digits_notifier_unit.py:206: error: Argument 1 to
"_handle_event" of "DigitsEventSubscriber" has incompatible type
"dict[str, int | str | None]"; expected
"StartedV1 | BatchV1 | EpochV1 | BestV1 | ArtifactV1 | UploadV1 | PruneV1 | CompletedV1 | FailedV1"
 [arg-type]
            {
            ^
tests\clubbot\services\test_digits_notifier_unit.py:240: error: Unexpected
keyword argument "user_id" for "_on_completed" of "DigitsEventSubscriber" 
[call-arg]
        await sub._on_completed(user_id=1, request_id="r", model_id="m", r...
              ^~~~~~~~~~~~~~~~~~~~~~~~~~~~~~~~~~~~~~~~~~~~~~~~~~~~~~~~~~~~...
src\clubbot\services\jobs\digits_notifier.py: note: "_on_completed" of "DigitsEventSubscriber" defined here
tests\clubbot\services\test_digits_notifier_unit.py:240: error: Unexpected
keyword argument "request_id" for "_on_completed" of "DigitsEventSubscriber" 
[call-arg]
        await sub._on_completed(user_id=1, request_id="r", model_id="m", r...
              ^~~~~~~~~~~~~~~~~~~~~~~~~~~~~~~~~~~~~~~~~~~~~~~~~~~~~~~~~~~~...
tests\clubbot\services\test_digits_notifier_unit.py:240: error: Unexpected
keyword argument "model_id" for "_on_completed" of "DigitsEventSubscriber" 
[call-arg]
        await sub._on_completed(user_id=1, request_id="r", model_id="m", r...
              ^~~~~~~~~~~~~~~~~~~~~~~~~~~~~~~~~~~~~~~~~~~~~~~~~~~~~~~~~~~~...
tests\clubbot\services\test_digits_notifier_unit.py:240: error: Unexpected
keyword argument "run_id" for "_on_completed" of "DigitsEventSubscriber" 
[call-arg]
        await sub._on_completed(user_id=1, request_id="r", model_id="m", r...
              ^~~~~~~~~~~~~~~~~~~~~~~~~~~~~~~~~~~~~~~~~~~~~~~~~~~~~~~~~~~~...
tests\clubbot\services\test_digits_notifier_unit.py:240: error: Unexpected
keyword argument "val_acc" for "_on_completed" of "DigitsEventSubscriber" 
[call-arg]
        await sub._on_completed(user_id=1, request_id="r", model_id="m", r...
              ^~~~~~~~~~~~~~~~~~~~~~~~~~~~~~~~~~~~~~~~~~~~~~~~~~~~~~~~~~~~...
tests\clubbot\services\test_digits_notifier_unit.py:261: error: Unexpected
keyword argument "user_id" for "_on_completed" of "DigitsEventSubscriber" 
[call-arg]
        await sub._on_completed(user_id=1, request_id="r", model_id="m", r...
              ^~~~~~~~~~~~~~~~~~~~~~~~~~~~~~~~~~~~~~~~~~~~~~~~~~~~~~~~~~~~...
tests\clubbot\services\test_digits_notifier_unit.py:261: error: Unexpected
keyword argument "request_id" for "_on_completed" of "DigitsEventSubscriber" 
[call-arg]
        await sub._on_completed(user_id=1, request_id="r", model_id="m", r...
              ^~~~~~~~~~~~~~~~~~~~~~~~~~~~~~~~~~~~~~~~~~~~~~~~~~~~~~~~~~~~...
tests\clubbot\services\test_digits_notifier_unit.py:261: error: Unexpected
keyword argument "model_id" for "_on_completed" of "DigitsEventSubscriber" 
[call-arg]
        await sub._on_completed(user_id=1, request_id="r", model_id="m", r...
              ^~~~~~~~~~~~~~~~~~~~~~~~~~~~~~~~~~~~~~~~~~~~~~~~~~~~~~~~~~~~...
tests\clubbot\services\test_digits_notifier_unit.py:261: error: Unexpected
keyword argument "run_id" for "_on_completed" of "DigitsEventSubscriber" 
[call-arg]
        await sub._on_completed(user_id=1, request_id="r", model_id="m", r...
              ^~~~~~~~~~~~~~~~~~~~~~~~~~~~~~~~~~~~~~~~~~~~~~~~~~~~~~~~~~~~...
tests\clubbot\services\test_digits_notifier_unit.py:261: error: Unexpected
keyword argument "val_acc" for "_on_completed" of "DigitsEventSubscriber" 
[call-arg]
        await sub._on_completed(user_id=1, request_id="r", model_id="m", r...
              ^~~~~~~~~~~~~~~~~~~~~~~~~~~~~~~~~~~~~~~~~~~~~~~~~~~~~~~~~~~~...
tests\clubbot\services\test_digits_notifier_unit.py:269: error: Argument 1 to
"_handle_event" of "DigitsEventSubscriber" has incompatible type
"dict[str, object]"; expected
"StartedV1 | BatchV1 | EpochV1 | BestV1 | ArtifactV1 | UploadV1 | PruneV1 | CompletedV1 | FailedV1"
 [arg-type]
        await sub._handle_event({"type": "digits.train.other.v1", "user_id...
                                ^~~~~~~~~~~~~~~~~~~~~~~~~~~~~~~~~~~~~~~~~~...
tests\clubbot\services\test_digits_notifier_unit.py:276: error: Function is
missing a type annotation for one or more arguments  [no-untyped-def]
        async def _noop(self) -> None:
        ^
tests\clubbot\services\test_digits_notifier_unit.py:279: error: Expression type
contains "Any" (has type "Callable[[Any], Coroutine[Any, Any, None]]")  [misc]
    ...eypatch.setattr(dn.DigitsEventSubscriber, "_run", _noop, raising=True)
                                                         ^~~~~
tests\clubbot\services\test_digits_notifier_metrics_tracking.py:22: error:
Variable
"tests.clubbot.services.test_digits_notifier_metrics_tracking._User.DiscordMessage"
is not valid as a type  [valid-type]
    ...ef send(self, content: str = "", **kw: UnknownJson) -> DiscordMessage:
                                                              ^
tests\clubbot\services\test_digits_notifier_metrics_tracking.py:22: note: See https://mypy.readthedocs.io/en/stable/common_issues.html#variables-vs-type-aliases
tests\clubbot\services\test_digits_notifier_metrics_tracking.py:24: error:
Expression type contains "Any" (has type "type[Embed]")  [misc]
            if isinstance(embed, discord.Embed):
                                 ^~~~~~~~~~~~~
tests\clubbot\services\test_digits_notifier_metrics_tracking.py:33: error:
Expression type contains "Any" (has type "type[Embed]")  [misc]
                    if isinstance(emb, discord.Embed):
                                       ^~~~~~~~~~~~~
tests\clubbot\services\test_digits_notifier_metrics_tracking.py:147: error:
Expression type contains "Any" (has type "type[Embed]")  [misc]
        assert isinstance(final_embed, discord.Embed)
                                       ^~~~~~~~~~~~~
tests\clubbot\services\test_digits_notifier_metrics_tracking.py:156: error:
Unsupported right operand type for in ("object")  [operator]
        assert "Final Avg Loss" in summary_value and "0.6000" in summary_v...
               ^~~~~~~~~~~~~~~~~~~~~~~~~~~~~~~~~
tests\clubbot\services\test_digits_notifier_metrics_tracking.py:157: error:
Unsupported right operand type for in ("object")  [operator]
        assert "Final Train Loss" in summary_value and "0.4500" in summary...
               ^~~~~~~~~~~~~~~~~~~~~~~~~~~~~~~~~~~
tests\clubbot\services\test_digits_notifier_metrics_tracking.py:158: error:
Unsupported right operand type for in ("object")  [operator]
        assert "Total Time" in summary_value and "2m 0s" in summary_value
               ^~~~~~~~~~~~~~~~~~~~~~~~~~~~~
tests\clubbot\services\test_digits_notifier_metrics_tracking.py:159: error:
Unsupported right operand type for in ("object")  [operator]
        assert "Avg Speed" in summary_value and "1234.5 samples/sec" in su...
               ^~~~~~~~~~~~~~~~~~~~~~~~~~~~
tests\clubbot\services\test_digits_notifier_metrics_tracking.py:160: error:
Unsupported right operand type for in ("object")  [operator]
        assert "Best Epoch" in summary_value and "1" in summary_value
               ^~~~~~~~~~~~~~~~~~~~~~~~~~~~~
tests\clubbot\services\test_digits_notifier_metrics_tracking.py:161: error:
Unsupported right operand type for in ("object")  [operator]
        assert "Peak Memory" in summary_value and "600 MB" in summary_valu...
               ^~~~~~~~~~~~~~~~~~~~~~~~~~~~~~
tests\clubbot\services\test_digits_notifier_metrics_tracking.py:166: error:
Unsupported right operand type for in ("object")  [operator]
        assert "92.00%" in perf_field["value"] or "0.92" in perf_field["va...
               ^~~~~~~~~~~~~~~~~~~~~~~~~~~~~~~
tests\clubbot\services\test_digits_notifier_metrics_tracking.py:170: error:
Unsupported right operand type for in ("object")  [operator]
        assert run_id_field is not None and "run_2025" in run_id_field["va...
                                            ^~~~~~~~~~~~~~~~~~~~~~~~~~~~~~...
tests\clubbot\services\test_digits_notifier_metrics_tracking.py:180: error:
Unexpected keyword argument "user_id" for "_on_completed" of
"DigitsEventSubscriber"  [call-arg]
        await sub._on_completed(
              ^
src\clubbot\services\jobs\digits_notifier.py: note: "_on_completed" of "DigitsEventSubscriber" defined here
tests\clubbot\services\test_digits_notifier_metrics_tracking.py:180: error:
Unexpected keyword argument "request_id" for "_on_completed" of
"DigitsEventSubscriber"  [call-arg]
        await sub._on_completed(
              ^
tests\clubbot\services\test_digits_notifier_metrics_tracking.py:180: error:
Unexpected keyword argument "model_id" for "_on_completed" of
"DigitsEventSubscriber"  [call-arg]
        await sub._on_completed(
              ^
tests\clubbot\services\test_digits_notifier_metrics_tracking.py:180: error:
Unexpected keyword argument "run_id" for "_on_completed" of
"DigitsEventSubscriber"  [call-arg]
        await sub._on_completed(
              ^
tests\clubbot\services\test_digits_notifier_metrics_tracking.py:180: error:
Unexpected keyword argument "val_acc" for "_on_completed" of
"DigitsEventSubscriber"  [call-arg]
        await sub._on_completed(
              ^
tests\clubbot\services\test_digits_notifier_metrics_tracking.py:231: error:
Expression type contains "Any" (has type "type[Embed]")  [misc]
        assert isinstance(final_embed, discord.Embed)
                                       ^~~~~~~~~~~~~
tests\clubbot\services\test_digits_notifier_metrics_tracking.py:235: error:
Unsupported right operand type for in ("object")  [operator]
            assert "Best Epoch" in summary_value and "2" in summary_value
                   ^~~~~~~~~~~~~~~~~~~~~~~~~~~~~
tests\clubbot\services\test_digits_notifier_metrics_tracking.py:236: error:
Unsupported right operand type for in ("object")  [operator]
            assert "Final Avg Loss" not in summary_value
                   ^~~~~~~~~~~~~~~~~~~~~~~~~~~~~~~~~~~~~
tests\clubbot\services\test_digits_notifier_metrics_tracking.py:237: error:
Unsupported right operand type for in ("object")  [operator]
            assert "Final Train Loss" not in summary_value
                   ^~~~~~~~~~~~~~~~~~~~~~~~~~~~~~~~~~~~~~~
tests\clubbot\services\test_digits_notifier_metrics_tracking.py:238: error:
Unsupported right operand type for in ("object")  [operator]
            assert "Total Time" not in summary_value
                   ^~~~~~~~~~~~~~~~~~~~~~~~~~~~~~~~~
tests\clubbot\services\test_digits_notifier_metrics_tracking.py:239: error:
Unsupported right operand type for in ("object")  [operator]
            assert "Avg Speed" not in summary_value
                   ^~~~~~~~~~~~~~~~~~~~~~~~~~~~~~~~
tests\clubbot\services\test_digits_notifier_metrics_tracking.py:240: error:
Unsupported right operand type for in ("object")  [operator]
            assert "Peak Memory" not in summary_value
                   ^~~~~~~~~~~~~~~~~~~~~~~~~~~~~~~~~~
tests\clubbot\services\test_digits_notifier_metrics_tracking.py:353: error:
Unsupported right operand type for in ("object")  [operator]
        assert "0.6000" in summary_value
               ^~~~~~~~~~~~~~~~~~~~~~~~~
tests\clubbot\services\test_digits_notifier_metrics_tracking.py:354: error:
Unsupported right operand type for in ("object")  [operator]
        assert "150.0 samples/sec" in summary_value
               ^~~~~~~~~~~~~~~~~~~~~~~~~~~~~~~~~~~~
tests\clubbot\services\test_digits_notifier_metrics_tracking.py:355: error:
Unsupported right operand type for in ("object")  [operator]
        assert "500 MB" in summary_value
               ^~~~~~~~~~~~~~~~~~~~~~~~~
tests\clubbot\services\test_digits_notifier_metrics_tracking.py:435: error:
Unsupported right operand type for in ("object")  [operator]
        assert "Total Time" in summary_value and "3m 45s" in summary_value
               ^~~~~~~~~~~~~~~~~~~~~~~~~~~~~
tests\clubbot\services\test_digits_notifier_metrics_tracking.py:436: error:
Unsupported right operand type for in ("object")  [operator]
        assert "0.3000" in summary_value
               ^~~~~~~~~~~~~~~~~~~~~~~~~
tests\clubbot\services\test_digits_notifier_metrics_tracking.py:455: error:
"DigitsEventSubscriber" has no attribute "_metrics"; maybe "metrics" or
"_metrics_map"?  [attr-defined]
        assert "req_fail" in sub._metrics
                             ^~~~~~~~~~~~
tests\clubbot\services\test_digits_notifier_metrics_tracking.py:455: error:
Expression has type "Any"  [misc]
        assert "req_fail" in sub._metrics
                             ^~~~~~~~~~~~
tests\clubbot\services\test_digits_notifier_metrics_tracking.py:470: error:
"DigitsEventSubscriber" has no attribute "_metrics"; maybe "metrics" or
"_metrics_map"?  [attr-defined]
        assert "req_fail" not in sub._metrics
                                 ^~~~~~~~~~~~
tests\clubbot\services\test_digits_notifier_metrics_tracking.py:470: error:
Expression has type "Any"  [misc]
        assert "req_fail" not in sub._metrics
                                 ^~~~~~~~~~~~
tests\clubbot\services\test_digits_notifier_metrics_tracking.py:473: error:
Expression type contains "Any" (has type "type[Embed]")  [misc]
        assert isinstance(final_embed, discord.Embed)
                                       ^~~~~~~~~~~~~
tests\clubbot\services\test_digits_notifier_metrics_tracking.py:482: error:
Module "clubbot.services.jobs.digits_notifier" does not explicitly export
attribute "TrainingConfig"  [attr-defined]
        sub._configs["req_no_acc"] = dn.TrainingConfig(model_id="m", total...
                                     ^~~~~~~~~~~~~~~~~
tests\clubbot\services\test_digits_notifier_metrics_tracking.py:482: error:
Missing named argument "batch_size"  [call-arg]
        sub._configs["req_no_acc"] = dn.TrainingConfig(model_id="m", total...
                                     ^~~~~~~~~~~~~~~~~~~~~~~~~~~~~~~~~~~~~...
tests\clubbot\services\test_digits_notifier_metrics_tracking.py:482: error:
Missing named argument "learning_rate"  [call-arg]
        sub._configs["req_no_acc"] = dn.TrainingConfig(model_id="m", total...
                                     ^~~~~~~~~~~~~~~~~~~~~~~~~~~~~~~~~~~~~...
tests\clubbot\services\test_digits_notifier_metrics_tracking.py:482: error:
Missing named argument "device"  [call-arg]
        sub._configs["req_no_acc"] = dn.TrainingConfig(model_id="m", total...
                                     ^~~~~~~~~~~~~~~~~~~~~~~~~~~~~~~~~~~~~...
tests\clubbot\services\test_digits_notifier_metrics_tracking.py:482: error:
Missing named argument "cpu_cores"  [call-arg]
        sub._configs["req_no_acc"] = dn.TrainingConfig(model_id="m", total...
                                     ^~~~~~~~~~~~~~~~~~~~~~~~~~~~~~~~~~~~~...
tests\clubbot\services\test_digits_notifier_metrics_tracking.py:482: error:
Missing named argument "memory_mb"  [call-arg]
        sub._configs["req_no_acc"] = dn.TrainingConfig(model_id="m", total...
                                     ^~~~~~~~~~~~~~~~~~~~~~~~~~~~~~~~~~~~~...
tests\clubbot\services\test_digits_notifier_metrics_tracking.py:482: error:
Missing named argument "optimal_threads"  [call-arg]
        sub._configs["req_no_acc"] = dn.TrainingConfig(model_id="m", total...
                                     ^~~~~~~~~~~~~~~~~~~~~~~~~~~~~~~~~~~~~...
tests\clubbot\services\test_digits_notifier_metrics_tracking.py:482: error:
Missing named argument "optimal_workers"  [call-arg]
        sub._configs["req_no_acc"] = dn.TrainingConfig(model_id="m", total...
                                     ^~~~~~~~~~~~~~~~~~~~~~~~~~~~~~~~~~~~~...
tests\clubbot\services\test_digits_notifier_metrics_tracking.py:482: error:
Missing named argument "augment"  [call-arg]
        sub._configs["req_no_acc"] = dn.TrainingConfig(model_id="m", total...
                                     ^~~~~~~~~~~~~~~~~~~~~~~~~~~~~~~~~~~~~...
tests\clubbot\services\test_digits_notifier_metrics_tracking.py:482: error:
Missing named argument "aug_rotate"  [call-arg]
        sub._configs["req_no_acc"] = dn.TrainingConfig(model_id="m", total...
                                     ^~~~~~~~~~~~~~~~~~~~~~~~~~~~~~~~~~~~~...
tests\clubbot\services\test_digits_notifier_metrics_tracking.py:482: error:
Missing named argument "aug_translate"  [call-arg]
        sub._configs["req_no_acc"] = dn.TrainingConfig(model_id="m", total...
                                     ^~~~~~~~~~~~~~~~~~~~~~~~~~~~~~~~~~~~~...
tests\clubbot\services\test_digits_notifier_metrics_tracking.py:482: error:
Missing named argument "noise_prob"  [call-arg]
        sub._configs["req_no_acc"] = dn.TrainingConfig(model_id="m", total...
                                     ^~~~~~~~~~~~~~~~~~~~~~~~~~~~~~~~~~~~~...
tests\clubbot\services\test_digits_notifier_metrics_tracking.py:482: error:
Missing named argument "dots_prob"  [call-arg]
        sub._configs["req_no_acc"] = dn.TrainingConfig(model_id="m", total...
                                     ^~~~~~~~~~~~~~~~~~~~~~~~~~~~~~~~~~~~~...
tests\clubbot\services\test_digits_notifier_metrics_tracking.py:483: error:
"DigitsEventSubscriber" has no attribute "_metrics"; maybe "metrics" or
"_metrics_map"?  [attr-defined]
        sub._metrics["req_no_acc"] = dn.TrainingMetrics(best_epoch=1)
        ^~~~~~~~~~~~
tests\clubbot\services\test_digits_notifier_metrics_tracking.py:483: error:
Expression has type "Any"  [misc]
        sub._metrics["req_no_acc"] = dn.TrainingMetrics(best_epoch=1)
        ^~~~~~~~~~~~
tests\clubbot\services\test_digits_notifier_metrics_tracking.py:483: error:
Module "clubbot.services.jobs.digits_notifier" does not explicitly export
attribute "TrainingMetrics"  [attr-defined]
        sub._metrics["req_no_acc"] = dn.TrainingMetrics(best_epoch=1)
                                     ^~~~~~~~~~~~~~~~~~
tests\clubbot\services\test_digits_notifier_metrics_tracking.py:484: error:
"DigitsEventSubscriber" has no attribute "_build_training_embed"  [attr-defined]
        embed = sub._build_training_embed(
                ^~~~~~~~~~~~~~~~~~~~~~~~~
tests\clubbot\services\test_digits_notifier_metrics_tracking.py:484: error:
Expression has type "Any"  [misc]
        embed = sub._build_training_embed(
                ^
tests\clubbot\services\test_digits_notifier_metrics_tracking.py:489: error:
"DigitsEventSubscriber" has no attribute "_metrics"; maybe "metrics" or
"_metrics_map"?  [attr-defined]
            final_metrics=sub._metrics["req_no_acc"],
                          ^~~~~~~~~~~~
tests\clubbot\services\test_digits_notifier_metrics_tracking.py:489: error:
Expression has type "Any"  [misc]
            final_metrics=sub._metrics["req_no_acc"],
                          ^~~~~~~~~~~~
tests\clubbot\services\test_digits_notifier_metrics_tracking.py:492: error:
Expression has type "Any"  [misc]
        assert not _has_field(embed, "Final Performance")
                              ^~~~~
tests\clubbot\services\test_digits_notifier_metrics_tracking.py:493: error:
Expression has type "Any"  [misc]
        assert _has_field(embed, "Training Summary")
                          ^~~~~
tests\clubbot\services\test_digits_notifier_metrics_tracking.py:500: error:
Module "clubbot.services.jobs.digits_notifier" does not explicitly export
attribute "TrainingConfig"  [attr-defined]
        sub._configs["req_empty_run"] = dn.TrainingConfig(model_id="m", to...
                                        ^~~~~~~~~~~~~~~~~
tests\clubbot\services\test_digits_notifier_metrics_tracking.py:500: error:
Missing named argument "batch_size"  [call-arg]
        sub._configs["req_empty_run"] = dn.TrainingConfig(model_id="m", to...
                                        ^~~~~~~~~~~~~~~~~~~~~~~~~~~~~~~~~~...
tests\clubbot\services\test_digits_notifier_metrics_tracking.py:500: error:
Missing named argument "learning_rate"  [call-arg]
        sub._configs["req_empty_run"] = dn.TrainingConfig(model_id="m", to...
                                        ^~~~~~~~~~~~~~~~~~~~~~~~~~~~~~~~~~...
tests\clubbot\services\test_digits_notifier_metrics_tracking.py:500: error:
Missing named argument "device"  [call-arg]
        sub._configs["req_empty_run"] = dn.TrainingConfig(model_id="m", to...
                                        ^~~~~~~~~~~~~~~~~~~~~~~~~~~~~~~~~~...
tests\clubbot\services\test_digits_notifier_metrics_tracking.py:500: error:
Missing named argument "cpu_cores"  [call-arg]
        sub._configs["req_empty_run"] = dn.TrainingConfig(model_id="m", to...
                                        ^~~~~~~~~~~~~~~~~~~~~~~~~~~~~~~~~~...
tests\clubbot\services\test_digits_notifier_metrics_tracking.py:500: error:
Missing named argument "memory_mb"  [call-arg]
        sub._configs["req_empty_run"] = dn.TrainingConfig(model_id="m", to...
                                        ^~~~~~~~~~~~~~~~~~~~~~~~~~~~~~~~~~...
tests\clubbot\services\test_digits_notifier_metrics_tracking.py:500: error:
Missing named argument "optimal_threads"  [call-arg]
        sub._configs["req_empty_run"] = dn.TrainingConfig(model_id="m", to...
                                        ^~~~~~~~~~~~~~~~~~~~~~~~~~~~~~~~~~...
tests\clubbot\services\test_digits_notifier_metrics_tracking.py:500: error:
Missing named argument "optimal_workers"  [call-arg]
        sub._configs["req_empty_run"] = dn.TrainingConfig(model_id="m", to...
                                        ^~~~~~~~~~~~~~~~~~~~~~~~~~~~~~~~~~...
tests\clubbot\services\test_digits_notifier_metrics_tracking.py:500: error:
Missing named argument "augment"  [call-arg]
        sub._configs["req_empty_run"] = dn.TrainingConfig(model_id="m", to...
                                        ^~~~~~~~~~~~~~~~~~~~~~~~~~~~~~~~~~...
tests\clubbot\services\test_digits_notifier_metrics_tracking.py:500: error:
Missing named argument "aug_rotate"  [call-arg]
        sub._configs["req_empty_run"] = dn.TrainingConfig(model_id="m", to...
                                        ^~~~~~~~~~~~~~~~~~~~~~~~~~~~~~~~~~...
tests\clubbot\services\test_digits_notifier_metrics_tracking.py:500: error:
Missing named argument "aug_translate"  [call-arg]
        sub._configs["req_empty_run"] = dn.TrainingConfig(model_id="m", to...
                                        ^~~~~~~~~~~~~~~~~~~~~~~~~~~~~~~~~~...
tests\clubbot\services\test_digits_notifier_metrics_tracking.py:500: error:
Missing named argument "noise_prob"  [call-arg]
        sub._configs["req_empty_run"] = dn.TrainingConfig(model_id="m", to...
                                        ^~~~~~~~~~~~~~~~~~~~~~~~~~~~~~~~~~...
tests\clubbot\services\test_digits_notifier_metrics_tracking.py:500: error:
Missing named argument "dots_prob"  [call-arg]
        sub._configs["req_empty_run"] = dn.TrainingConfig(model_id="m", to...
                                        ^~~~~~~~~~~~~~~~~~~~~~~~~~~~~~~~~~...
tests\clubbot\services\test_digits_notifier_metrics_tracking.py:501: error:
"DigitsEventSubscriber" has no attribute "_build_training_embed"  [attr-defined]
        embed = sub._build_training_embed(
                ^~~~~~~~~~~~~~~~~~~~~~~~~
tests\clubbot\services\test_digits_notifier_metrics_tracking.py:501: error:
Expression has type "Any"  [misc]
        embed = sub._build_training_embed(
                ^
tests\clubbot\services\test_digits_notifier_metrics_tracking.py:509: error:
Expression has type "Any"  [misc]
        assert not _has_field(embed, "Run ID")
                              ^~~~~
tests\clubbot\services\test_digits_notifier_metrics_tracking.py:516: error:
Module "clubbot.services.jobs.digits_notifier" does not explicitly export
attribute "TrainingConfig"  [attr-defined]
        sub._configs["req_zero"] = dn.TrainingConfig(model_id="m", total_e...
                                   ^~~~~~~~~~~~~~~~~
tests\clubbot\services\test_digits_notifier_metrics_tracking.py:516: error:
Missing named argument "batch_size"  [call-arg]
        sub._configs["req_zero"] = dn.TrainingConfig(model_id="m", total_e...
                                   ^~~~~~~~~~~~~~~~~~~~~~~~~~~~~~~~~~~~~~~...
tests\clubbot\services\test_digits_notifier_metrics_tracking.py:516: error:
Missing named argument "learning_rate"  [call-arg]
        sub._configs["req_zero"] = dn.TrainingConfig(model_id="m", total_e...
                                   ^~~~~~~~~~~~~~~~~~~~~~~~~~~~~~~~~~~~~~~...
tests\clubbot\services\test_digits_notifier_metrics_tracking.py:516: error:
Missing named argument "device"  [call-arg]
        sub._configs["req_zero"] = dn.TrainingConfig(model_id="m", total_e...
                                   ^~~~~~~~~~~~~~~~~~~~~~~~~~~~~~~~~~~~~~~...
tests\clubbot\services\test_digits_notifier_metrics_tracking.py:516: error:
Missing named argument "cpu_cores"  [call-arg]
        sub._configs["req_zero"] = dn.TrainingConfig(model_id="m", total_e...
                                   ^~~~~~~~~~~~~~~~~~~~~~~~~~~~~~~~~~~~~~~...
tests\clubbot\services\test_digits_notifier_metrics_tracking.py:516: error:
Missing named argument "memory_mb"  [call-arg]
        sub._configs["req_zero"] = dn.TrainingConfig(model_id="m", total_e...
                                   ^~~~~~~~~~~~~~~~~~~~~~~~~~~~~~~~~~~~~~~...
tests\clubbot\services\test_digits_notifier_metrics_tracking.py:516: error:
Missing named argument "optimal_threads"  [call-arg]
        sub._configs["req_zero"] = dn.TrainingConfig(model_id="m", total_e...
                                   ^~~~~~~~~~~~~~~~~~~~~~~~~~~~~~~~~~~~~~~...
tests\clubbot\services\test_digits_notifier_metrics_tracking.py:516: error:
Missing named argument "optimal_workers"  [call-arg]
        sub._configs["req_zero"] = dn.TrainingConfig(model_id="m", total_e...
                                   ^~~~~~~~~~~~~~~~~~~~~~~~~~~~~~~~~~~~~~~...
tests\clubbot\services\test_digits_notifier_metrics_tracking.py:516: error:
Missing named argument "augment"  [call-arg]
        sub._configs["req_zero"] = dn.TrainingConfig(model_id="m", total_e...
                                   ^~~~~~~~~~~~~~~~~~~~~~~~~~~~~~~~~~~~~~~...
tests\clubbot\services\test_digits_notifier_metrics_tracking.py:516: error:
Missing named argument "aug_rotate"  [call-arg]
        sub._configs["req_zero"] = dn.TrainingConfig(model_id="m", total_e...
                                   ^~~~~~~~~~~~~~~~~~~~~~~~~~~~~~~~~~~~~~~...
tests\clubbot\services\test_digits_notifier_metrics_tracking.py:516: error:
Missing named argument "aug_translate"  [call-arg]
        sub._configs["req_zero"] = dn.TrainingConfig(model_id="m", total_e...
                                   ^~~~~~~~~~~~~~~~~~~~~~~~~~~~~~~~~~~~~~~...
tests\clubbot\services\test_digits_notifier_metrics_tracking.py:516: error:
Missing named argument "noise_prob"  [call-arg]
        sub._configs["req_zero"] = dn.TrainingConfig(model_id="m", total_e...
                                   ^~~~~~~~~~~~~~~~~~~~~~~~~~~~~~~~~~~~~~~...
tests\clubbot\services\test_digits_notifier_metrics_tracking.py:516: error:
Missing named argument "dots_prob"  [call-arg]
        sub._configs["req_zero"] = dn.TrainingConfig(model_id="m", total_e...
                                   ^~~~~~~~~~~~~~~~~~~~~~~~~~~~~~~~~~~~~~~...
tests\clubbot\services\test_digits_notifier_metrics_tracking.py:517: error:
Module "clubbot.services.jobs.digits_notifier" does not explicitly export
attribute "TrainingMetrics"  [attr-defined]
        zero_metrics = dn.TrainingMetrics()
                       ^~~~~~~~~~~~~~~~~~
tests\clubbot\services\test_digits_notifier_metrics_tracking.py:518: error:
"DigitsEventSubscriber" has no attribute "_build_training_embed"  [attr-defined]
        embed = sub._build_training_embed(
                ^~~~~~~~~~~~~~~~~~~~~~~~~
tests\clubbot\services\test_digits_notifier_metrics_tracking.py:518: error:
Expression has type "Any"  [misc]
        embed = sub._build_training_embed(
                ^
tests\clubbot\services\test_digits_notifier_metrics_tracking.py:526: error:
Expression has type "Any"  [misc]
        assert not _has_field(embed, "Training Summary")
                              ^~~~~
tests\clubbot\services\test_digits_notifier_metrics_tracking.py:527: error:
Expression has type "Any"  [misc]
        assert _has_field(embed, "Final Performance")
                          ^~~~~
tests\clubbot\services\test_digits_notifier_failure_messages.py:26: error:
Incompatible return value type (got "SimpleNamespace", expected
"dict[str, UnknownJson] | list[UnknownJson] | str | int | float | bool | None") 
[return-value]
                    return SimpleNamespace()
                           ^~~~~~~~~~~~~~~~~
tests\clubbot\services\test_digits_notifier_failure_messages.py:28: error:
Incompatible return value type (got "_Msg", expected
"dict[str, UnknownJson] | list[UnknownJson] | str | int | float | bool | None") 
[return-value]
            return _Msg(self)
                   ^~~~~~~~~~
tests\clubbot\services\test_digits_notifier_batch_best.py:26: error:
Incompatible return value type (got "SimpleNamespace", expected
"dict[str, UnknownJson] | list[UnknownJson] | str | int | float | bool | None") 
[return-value]
                    return SimpleNamespace()
                           ^~~~~~~~~~~~~~~~~
tests\clubbot\services\test_digits_notifier_batch_best.py:28: error:
Incompatible return value type (got "_Msg", expected
"dict[str, UnknownJson] | list[UnknownJson] | str | int | float | bool | None") 
[return-value]
            return _Msg(self)
                   ^~~~~~~~~~
tests\clubbot\services\test_digits_notifier_batch_best.py:236: error:
Unexpected keyword argument "user_id" for "_on_batch" of "DigitsEventSubscriber"
 [call-arg]
        await sub._on_batch(
              ^
src\clubbot\services\jobs\digits_notifier.py: note: "_on_batch" of "DigitsEventSubscriber" defined here
tests\clubbot\services\test_digits_notifier_batch_best.py:236: error:
Unexpected keyword argument "request_id" for "_on_batch" of
"DigitsEventSubscriber"  [call-arg]
        await sub._on_batch(
              ^
tests\clubbot\services\test_digits_notifier_batch_best.py:236: error:
Unexpected keyword argument "model_id" for "_on_batch" of
"DigitsEventSubscriber"  [call-arg]
        await sub._on_batch(
              ^
tests\clubbot\services\test_digits_notifier_batch_best.py:236: error:
Unexpected keyword argument "epoch" for "_on_batch" of "DigitsEventSubscriber" 
[call-arg]
        await sub._on_batch(
              ^
tests\clubbot\services\test_digits_notifier_batch_best.py:236: error:
Unexpected keyword argument "total_epochs" for "_on_batch" of
"DigitsEventSubscriber"  [call-arg]
        await sub._on_batch(
              ^
tests\clubbot\services\test_digits_notifier_batch_best.py:236: error:
Unexpected keyword argument "batch" for "_on_batch" of "DigitsEventSubscriber" 
[call-arg]
        await sub._on_batch(
              ^
tests\clubbot\services\test_digits_notifier_batch_best.py:236: error:
Unexpected keyword argument "total_batches" for "_on_batch" of
"DigitsEventSubscriber"  [call-arg]
        await sub._on_batch(
              ^
tests\clubbot\services\test_digits_notifier_batch_best.py:236: error:
Unexpected keyword argument "batch_loss" for "_on_batch" of
"DigitsEventSubscriber"  [call-arg]
        await sub._on_batch(
              ^
tests\clubbot\services\test_digits_notifier_batch_best.py:236: error:
Unexpected keyword argument "batch_acc" for "_on_batch" of
"DigitsEventSubscriber"  [call-arg]
        await sub._on_batch(
              ^
tests\clubbot\services\test_digits_notifier_batch_best.py:236: error:
Unexpected keyword argument "avg_loss" for "_on_batch" of
"DigitsEventSubscriber"  [call-arg]
        await sub._on_batch(
              ^
tests\clubbot\services\test_digits_notifier_batch_best.py:236: error:
Unexpected keyword argument "samples_per_sec" for "_on_batch" of
"DigitsEventSubscriber"  [call-arg]
        await sub._on_batch(
              ^
tests\clubbot\services\test_digits_notifier_batch_best.py:236: error:
Unexpected keyword argument "main_rss_mb" for "_on_batch" of
"DigitsEventSubscriber"  [call-arg]
        await sub._on_batch(
              ^
tests\clubbot\services\test_digits_notifier_batch_best.py:236: error:
Unexpected keyword argument "workers_rss_mb" for "_on_batch" of
"DigitsEventSubscriber"  [call-arg]
        await sub._on_batch(
              ^
tests\clubbot\services\test_digits_notifier_batch_best.py:236: error:
Unexpected keyword argument "worker_count" for "_on_batch" of
"DigitsEventSubscriber"  [call-arg]
        await sub._on_batch(
              ^
tests\clubbot\services\test_digits_notifier_batch_best.py:236: error:
Unexpected keyword argument "cgroup_usage_mb" for "_on_batch" of
"DigitsEventSubscriber"  [call-arg]
        await sub._on_batch(
              ^
tests\clubbot\services\test_digits_notifier_batch_best.py:236: error:
Unexpected keyword argument "cgroup_limit_mb" for "_on_batch" of
"DigitsEventSubscriber"  [call-arg]
        await sub._on_batch(
              ^
tests\clubbot\services\test_digits_notifier_batch_best.py:236: error:
Unexpected keyword argument "cgroup_pct" for "_on_batch" of
"DigitsEventSubscriber"  [call-arg]
        await sub._on_batch(
              ^
tests\clubbot\services\test_digits_notifier_batch_best.py:236: error:
Unexpected keyword argument "anon_mb" for "_on_batch" of "DigitsEventSubscriber"
 [call-arg]
        await sub._on_batch(
              ^
tests\clubbot\services\test_digits_notifier_batch_best.py:236: error:
Unexpected keyword argument "file_mb" for "_on_batch" of "DigitsEventSubscriber"
 [call-arg]
        await sub._on_batch(
              ^
tests\clubbot\services\test_digits_notifier_batch_best.py:268: error:
Unexpected keyword argument "user_id" for "_on_batch" of "DigitsEventSubscriber"
 [call-arg]
        await sub._on_batch(
              ^
tests\clubbot\services\test_digits_notifier_batch_best.py:268: error:
Unexpected keyword argument "request_id" for "_on_batch" of
"DigitsEventSubscriber"  [call-arg]
        await sub._on_batch(
              ^
tests\clubbot\services\test_digits_notifier_batch_best.py:268: error:
Unexpected keyword argument "model_id" for "_on_batch" of
"DigitsEventSubscriber"  [call-arg]
        await sub._on_batch(
              ^
tests\clubbot\services\test_digits_notifier_batch_best.py:268: error:
Unexpected keyword argument "epoch" for "_on_batch" of "DigitsEventSubscriber" 
[call-arg]
        await sub._on_batch(
              ^
tests\clubbot\services\test_digits_notifier_batch_best.py:268: error:
Unexpected keyword argument "total_epochs" for "_on_batch" of
"DigitsEventSubscriber"  [call-arg]
        await sub._on_batch(
              ^
tests\clubbot\services\test_digits_notifier_batch_best.py:268: error:
Unexpected keyword argument "batch" for "_on_batch" of "DigitsEventSubscriber" 
[call-arg]
        await sub._on_batch(
              ^
tests\clubbot\services\test_digits_notifier_batch_best.py:268: error:
Unexpected keyword argument "total_batches" for "_on_batch" of
"DigitsEventSubscriber"  [call-arg]
        await sub._on_batch(
              ^
tests\clubbot\services\test_digits_notifier_batch_best.py:268: error:
Unexpected keyword argument "batch_loss" for "_on_batch" of
"DigitsEventSubscriber"  [call-arg]
        await sub._on_batch(
              ^
tests\clubbot\services\test_digits_notifier_batch_best.py:268: error:
Unexpected keyword argument "batch_acc" for "_on_batch" of
"DigitsEventSubscriber"  [call-arg]
        await sub._on_batch(
              ^
tests\clubbot\services\test_digits_notifier_batch_best.py:268: error:
Unexpected keyword argument "avg_loss" for "_on_batch" of
"DigitsEventSubscriber"  [call-arg]
        await sub._on_batch(
              ^
tests\clubbot\services\test_digits_notifier_batch_best.py:268: error:
Unexpected keyword argument "samples_per_sec" for "_on_batch" of
"DigitsEventSubscriber"  [call-arg]
        await sub._on_batch(
              ^
tests\clubbot\services\test_digits_notifier_batch_best.py:268: error:
Unexpected keyword argument "main_rss_mb" for "_on_batch" of
"DigitsEventSubscriber"  [call-arg]
        await sub._on_batch(
              ^
tests\clubbot\services\test_digits_notifier_batch_best.py:268: error:
Unexpected keyword argument "workers_rss_mb" for "_on_batch" of
"DigitsEventSubscriber"  [call-arg]
        await sub._on_batch(
              ^
tests\clubbot\services\test_digits_notifier_batch_best.py:268: error:
Unexpected keyword argument "worker_count" for "_on_batch" of
"DigitsEventSubscriber"  [call-arg]
        await sub._on_batch(
              ^
tests\clubbot\services\test_digits_notifier_batch_best.py:268: error:
Unexpected keyword argument "cgroup_usage_mb" for "_on_batch" of
"DigitsEventSubscriber"  [call-arg]
        await sub._on_batch(
              ^
tests\clubbot\services\test_digits_notifier_batch_best.py:268: error:
Unexpected keyword argument "cgroup_limit_mb" for "_on_batch" of
"DigitsEventSubscriber"  [call-arg]
        await sub._on_batch(
              ^
tests\clubbot\services\test_digits_notifier_batch_best.py:268: error:
Unexpected keyword argument "cgroup_pct" for "_on_batch" of
"DigitsEventSubscriber"  [call-arg]
        await sub._on_batch(
              ^
tests\clubbot\services\test_digits_notifier_batch_best.py:268: error:
Unexpected keyword argument "anon_mb" for "_on_batch" of "DigitsEventSubscriber"
 [call-arg]
        await sub._on_batch(
              ^
tests\clubbot\services\test_digits_notifier_batch_best.py:268: error:
Unexpected keyword argument "file_mb" for "_on_batch" of "DigitsEventSubscriber"
 [call-arg]
        await sub._on_batch(
              ^
tests\clubbot\services\test_digits_notifier_batch_best.py:298: error:
Unexpected keyword argument "user_id" for "_on_best" of "DigitsEventSubscriber" 
[call-arg]
        await sub._on_best(user_id=8, request_id="r_noop", epoch=5, val_ac...
              ^~~~~~~~~~~~~~~~~~~~~~~~~~~~~~~~~~~~~~~~~~~~~~~~~~~~~~~~~~~~...
src\clubbot\services\jobs\digits_notifier.py: note: "_on_best" of "DigitsEventSubscriber" defined here
tests\clubbot\services\test_digits_notifier_batch_best.py:298: error:
Unexpected keyword argument "request_id" for "_on_best" of
"DigitsEventSubscriber"  [call-arg]
        await sub._on_best(user_id=8, request_id="r_noop", epoch=5, val_ac...
              ^~~~~~~~~~~~~~~~~~~~~~~~~~~~~~~~~~~~~~~~~~~~~~~~~~~~~~~~~~~~...
tests\clubbot\services\test_digits_notifier_batch_best.py:298: error:
Unexpected keyword argument "epoch" for "_on_best" of "DigitsEventSubscriber" 
[call-arg]
        await sub._on_best(user_id=8, request_id="r_noop", epoch=5, val_ac...
              ^~~~~~~~~~~~~~~~~~~~~~~~~~~~~~~~~~~~~~~~~~~~~~~~~~~~~~~~~~~~...
tests\clubbot\services\test_digits_notifier_batch_best.py:298: error:
Unexpected keyword argument "val_acc" for "_on_best" of "DigitsEventSubscriber" 
[call-arg]
        await sub._on_best(user_id=8, request_id="r_noop", epoch=5, val_ac...
              ^~~~~~~~~~~~~~~~~~~~~~~~~~~~~~~~~~~~~~~~~~~~~~~~~~~~~~~~~~~~...
tests\clubbot\services\test_digits_notifier_batch_best.py:298: error:
"_on_best" of "DigitsEventSubscriber" does not return a value (it only ever
returns None)  [func-returns-value]
        await sub._on_best(user_id=8, request_id="r_noop", epoch=5, val_ac...
              ^~~~~~~~~~~~~~~~~~~~~~~~~~~~~~~~~~~~~~~~~~~~~~~~~~~~~~~~~~~~...
tests\clubbot\services\test_digits_notifier_batch_best.py:298: error:
Expression has type "Any"  [misc]
        await sub._on_best(user_id=8, request_id="r_noop", epoch=5, val_ac...
              ^~~~~~~~~~~~~~~~~~~~~~~~~~~~~~~~~~~~~~~~~~~~~~~~~~~~~~~~~~~~...
tests\clubbot\services\test_digits_notifier_artifact_upload_prune.py:26: error:
Incompatible return value type (got "SimpleNamespace", expected
"dict[str, UnknownJson] | list[UnknownJson] | str | int | float | bool | None") 
[return-value]
                    return SimpleNamespace()
                           ^~~~~~~~~~~~~~~~~
tests\clubbot\services\test_digits_notifier_artifact_upload_prune.py:28: error:
Incompatible return value type (got "_Msg", expected
"dict[str, UnknownJson] | list[UnknownJson] | str | int | float | bool | None") 
[return-value]
            return _Msg(self)
                   ^~~~~~~~~~
tests\clubbot\services\test_digits_notifier_artifact_upload_prune.py:155: error:
"_on_artifact" of "DigitsEventSubscriber" does not return a value (it only ever
returns None)  [func-returns-value]
        await sub._on_artifact(
              ^
tests\clubbot\services\test_digits_notifier_artifact_upload_prune.py:155: error:
Expression has type "Any"  [misc]
        await sub._on_artifact(
              ^
tests\clubbot\services\test_digits_notifier_artifact_upload_prune.py:176: error:
"_on_upload" of "DigitsEventSubscriber" does not return a value (it only ever
returns None)  [func-returns-value]
        await sub._on_upload(
              ^
tests\clubbot\services\test_digits_notifier_artifact_upload_prune.py:176: error:
Expression has type "Any"  [misc]
        await sub._on_upload(
              ^
tests\clubbot\services\test_digits_notifier_artifact_upload_prune.py:199: error:
"_on_prune" of "DigitsEventSubscriber" does not return a value (it only ever
returns None)  [func-returns-value]
        await sub._on_prune(
              ^
tests\clubbot\services\test_digits_notifier_artifact_upload_prune.py:199: error:
Expression has type "Any"  [misc]
        await sub._on_prune(
              ^
tests\clubbot\services\test_cov_trainer_notifier_stop.py:20: error:
Incompatible types in assignment (expression has type "Task[None]", variable has
type "None")  [assignment]
        sub._task = t
                    ^
tests\clubbot\services\test_cov_trainer_notifier_stop.py:20: note: Maybe you forgot to use "await"?
tests\clubbot\services\test_cov_trainer_notifier_stop.py:22: error: Expression
type contains "Any" (has type "Any | None")  [misc]
        assert getattr(sub, "_task", None) is None
               ^~~~~~~~~~~~~~~~~~~~~~~~~~~
tests\clubbot\services\test_cov_digits_notifier_small.py:18: error: Expression
type contains "Any" (has type "Callable[[Any], None]")  [misc]
        bot = SimpleNamespace(fetch_user=lambda uid: None)
                                         ^
tests\clubbot\services\test_cov_digits_notifier_small.py:23: error: Argument 1
to "_maybe_notify" of "DigitsEventSubscriber" has incompatible type
"SimpleNamespace"; expected "RequestAction"  [arg-type]
        await sub._maybe_notify(act)  # should not raise
                                ^~~
tests\clubbot\services\test_cov_digits_notifier_small.py:28: error: Function is
missing a type annotation  [no-untyped-def]
        def _on_completed(**kw):
        ^
tests\clubbot\services\test_cov_digits_notifier_small.py:32: error: Expression
type contains "Any" (has type "Callable[[KwArg(Any)], Any]")  [misc]
        monkeypatch.setattr(sub._rt, "on_completed", _on_completed, raisin...
                                                     ^~~~~~~~~~~~~
tests\clubbot\services\test_cov_digits_notifier_small.py:33: error: Unexpected
keyword argument "user_id" for "_on_completed" of "DigitsEventSubscriber" 
[call-arg]
        await sub._on_completed(user_id=1, request_id="r", model_id="m", r...
              ^~~~~~~~~~~~~~~~~~~~~~~~~~~~~~~~~~~~~~~~~~~~~~~~~~~~~~~~~~~~...
src\clubbot\services\jobs\digits_notifier.py: note: "_on_completed" of "DigitsEventSubscriber" defined here
tests\clubbot\services\test_cov_digits_notifier_small.py:33: error: Unexpected
keyword argument "request_id" for "_on_completed" of "DigitsEventSubscriber" 
[call-arg]
        await sub._on_completed(user_id=1, request_id="r", model_id="m", r...
              ^~~~~~~~~~~~~~~~~~~~~~~~~~~~~~~~~~~~~~~~~~~~~~~~~~~~~~~~~~~~...
tests\clubbot\services\test_cov_digits_notifier_small.py:33: error: Unexpected
keyword argument "model_id" for "_on_completed" of "DigitsEventSubscriber" 
[call-arg]
        await sub._on_completed(user_id=1, request_id="r", model_id="m", r...
              ^~~~~~~~~~~~~~~~~~~~~~~~~~~~~~~~~~~~~~~~~~~~~~~~~~~~~~~~~~~~...
tests\clubbot\services\test_cov_digits_notifier_small.py:33: error: Unexpected
keyword argument "run_id" for "_on_completed" of "DigitsEventSubscriber" 
[call-arg]
        await sub._on_completed(user_id=1, request_id="r", model_id="m", r...
              ^~~~~~~~~~~~~~~~~~~~~~~~~~~~~~~~~~~~~~~~~~~~~~~~~~~~~~~~~~~~...
tests\clubbot\services\test_cov_digits_notifier_small.py:33: error: Unexpected
keyword argument "val_acc" for "_on_completed" of "DigitsEventSubscriber" 
[call-arg]
        await sub._on_completed(user_id=1, request_id="r", model_id="m", r...
              ^~~~~~~~~~~~~~~~~~~~~~~~~~~~~~~~~~~~~~~~~~~~~~~~~~~~~~~~~~~~...
tests\clubbot\services\test_cov_digits_notifier_run_loop_more.py:24: error:
Function is missing a return type annotation  [no-untyped-def]
            async def get_message(self, ignore_subscribe_messages: bool = ...
            ^
tests\clubbot\services\test_cov_digits_notifier_run_loop_more.py:48: error:
Expression type contains "Any" (has type "Callable[[Any], _Conn]")  [misc]
        monkeypatch.setattr(ms, "_redis_from_url", lambda url: _Conn(), ra...
                                                   ^
tests\clubbot\services\test_cov_digits_notifier_run_loop_more.py:55: error:
Expression type contains "Any" (has type "Callable[[Any], None]")  [misc]
        bot = SimpleNamespace(fetch_user=lambda uid: None)
                                         ^
tests\clubbot\services\test_cov_digits_notifier_run_loop.py:23: error: Function
is missing a return type annotation  [no-untyped-def]
            async def get_message(self, ignore_subscribe_messages: bool = ...
            ^
tests\clubbot\services\test_cov_digits_notifier_run_loop.py:41: error:
Expression type contains "Any" (has type "Callable[[Any], _Conn]")  [misc]
        monkeypatch.setattr(ms, "_redis_from_url", lambda url: _Conn(), ra...
                                                   ^
tests\clubbot\services\test_cov_digits_notifier_run_loop.py:43: error:
Expression type contains "Any" (has type "Callable[[Any], None]")  [misc]
            SimpleNamespace(fetch_user=lambda uid: None),
                                       ^
tests\clubbot\services\test_cov_digits_notifier_more_paths.py:18: error:
Expression type contains "Any" (has type "Callable[[Any], None]")  [misc]
            SimpleNamespace(fetch_user=lambda uid: None), redis_url="redis...
                                       ^
tests\clubbot\services\test_cov_digits_notifier_more_paths.py:29: error:
Expression type contains "Any" (has type "Callable[[KwArg(Any)], _Act]")  [misc]
        monkeypatch.setattr(sub._rt, "on_completed", lambda **kw: _Act(), ...
                                                     ^
tests\clubbot\services\test_cov_digits_notifier_more_paths.py:36: error:
Unexpected keyword argument "user_id" for "_on_completed" of
"DigitsEventSubscriber"  [call-arg]
        await sub._on_completed(user_id=1, request_id="r", model_id="m", r...
              ^~~~~~~~~~~~~~~~~~~~~~~~~~~~~~~~~~~~~~~~~~~~~~~~~~~~~~~~~~~~...
src\clubbot\services\jobs\digits_notifier.py: note: "_on_completed" of "DigitsEventSubscriber" defined here
tests\clubbot\services\test_cov_digits_notifier_more_paths.py:36: error:
Unexpected keyword argument "request_id" for "_on_completed" of
"DigitsEventSubscriber"  [call-arg]
        await sub._on_completed(user_id=1, request_id="r", model_id="m", r...
              ^~~~~~~~~~~~~~~~~~~~~~~~~~~~~~~~~~~~~~~~~~~~~~~~~~~~~~~~~~~~...
tests\clubbot\services\test_cov_digits_notifier_more_paths.py:36: error:
Unexpected keyword argument "model_id" for "_on_completed" of
"DigitsEventSubscriber"  [call-arg]
        await sub._on_completed(user_id=1, request_id="r", model_id="m", r...
              ^~~~~~~~~~~~~~~~~~~~~~~~~~~~~~~~~~~~~~~~~~~~~~~~~~~~~~~~~~~~...
tests\clubbot\services\test_cov_digits_notifier_more_paths.py:36: error:
Unexpected keyword argument "run_id" for "_on_completed" of
"DigitsEventSubscriber"  [call-arg]
        await sub._on_completed(user_id=1, request_id="r", model_id="m", r...
              ^~~~~~~~~~~~~~~~~~~~~~~~~~~~~~~~~~~~~~~~~~~~~~~~~~~~~~~~~~~~...
tests\clubbot\services\test_cov_digits_notifier_more_paths.py:36: error:
Unexpected keyword argument "val_acc" for "_on_completed" of
"DigitsEventSubscriber"  [call-arg]
        await sub._on_completed(user_id=1, request_id="r", model_id="m", r...
              ^~~~~~~~~~~~~~~~~~~~~~~~~~~~~~~~~~~~~~~~~~~~~~~~~~~~~~~~~~~~...
tests\clubbot\services\test_cov_digits_notifier_more_paths.py:51: error:
Function is missing a return type annotation  [no-untyped-def]
            async def get_message(self, ignore_subscribe_messages: bool = ...
            ^
tests\clubbot\services\test_cov_digits_notifier_more_paths.py:70: error:
Expression type contains "Any" (has type "Callable[[Any], _Conn]")  [misc]
        monkeypatch.setattr(ms, "_redis_from_url", lambda url: _Conn(), ra...
                                                   ^
tests\clubbot\services\test_cov_digits_notifier_more_paths.py:71: error:
Expression type contains "Any" (has type "Callable[[Any], None]")  [misc]
        monkeypatch.setattr(mod, "try_decode_event", lambda s: None, raisi...
                                                     ^
tests\clubbot\services\test_cov_digits_notifier_more_paths.py:73: error:
Expression type contains "Any" (has type "Callable[[Any], None]")  [misc]
        bot = SimpleNamespace(fetch_user=lambda uid: None)
                                         ^
tests\clubbot\services\test_cov_digits_notifier_more_paths.py:85: error:
Expression type contains "Any" (has type "Callable[[Any], None]")  [misc]
            SimpleNamespace(fetch_user=lambda uid: None), redis_url="redis...
                                       ^
tests\clubbot\services\test_cov_digits_notifier_more_paths.py:89: error:
Incompatible types in assignment (expression has type "Task[None]", variable has
type "None")  [assignment]
        sub._task = done  # task already finished
                    ^~~~
tests\clubbot\services\test_cov_digits_notifier_more_paths.py:89: note: Maybe you forgot to use "await"?
tests\clubbot\services\test_cov_digits_notifier_more_paths.py:91: error:
Expression type contains "Any" (has type "Any | None")  [misc]
        assert getattr(sub, "_task", None) is None
               ^~~~~~~~~~~~~~~~~~~~~~~~~~~
tests\clubbot\services\test_cov_trainer_events_decode_more.py:8: error:
Function is missing a type annotation for one or more arguments 
[no-untyped-def]
    def test_trainer_events_try_decode_non_dict_after_loads(monkeypatch) -...
    ^
tests\clubbot\services\test_cov_trainer_events_decode_more.py:11: error:
Expression has type "Any"  [misc]
        monkeypatch.setattr(mod, "json", mod.json)
        ^~~~~~~~~~~
tests\clubbot\services\test_cov_trainer_events_decode_more.py:11: error: Module
has no attribute "json"  [attr-defined]
        monkeypatch.setattr(mod, "json", mod.json)
                                         ^~~~~~~~
tests\clubbot\services\test_cov_trainer_events_decode_more.py:12: error:
Expression has type "Any"  [misc]
        monkeypatch.setattr(mod.json, "loads", lambda s: [1, 2], raising=T...
        ^~~~~~~~~~~
tests\clubbot\services\test_cov_trainer_events_decode_more.py:12: error: Module
has no attribute "json"  [attr-defined]
        monkeypatch.setattr(mod.json, "loads", lambda s: [1, 2], raising=T...
                            ^~~~~~~~
tests\clubbot\services\test_cov_trainer_events_decode_more.py:12: error:
Expression type contains "Any" (has type "Callable[[Any], list[int]]")  [misc]
        monkeypatch.setattr(mod.json, "loads", lambda s: [1, 2], raising=T...
                                               ^
tests\clubbot\services\test_cov_digits_events_parse_more.py:8: error: Function
is missing a type annotation for one or more arguments  [no-untyped-def]
    def test_try_decode_non_dict_after_loads(monkeypatch) -> None:
    ^
tests\clubbot\services\test_cov_digits_events_parse_more.py:13: error:
Expression has type "Any"  [misc]
        monkeypatch.setattr(json_utils, "load_json_str", lambda s: [1, 2, ...
        ^~~~~~~~~~~
tests\clubbot\services\test_cov_digits_events_parse_more.py:13: error:
Expression type contains "Any" (has type "Callable[[Any], list[int]]")  [misc]
    ...monkeypatch.setattr(json_utils, "load_json_str", lambda s: [1, 2, 3], ...
                                                        ^
src\clubbot\cogs\trainer.py:90: error: Argument 1 to "handle_user_error" of
"BaseCog" has incompatible type "Interaction[Client]"; expected
"InteractionProto"  [arg-type]
                await self.handle_user_error(interaction, log, "Could not ...
                                             ^~~~~~~~~~~
src\clubbot\cogs\trainer.py:90: note: Following member(s) of "Interaction[Client]" have conflicts:
src\clubbot\cogs\trainer.py:90: note:     followup: expected "FollowupProto", got "Webhook"
src\clubbot\cogs\trainer.py:90: note:     response: expected "ResponseProto", got "InteractionResponse[Client]"
src\clubbot\cogs\trainer.py:117: error: Argument 1 to "handle_user_error" of
"BaseCog" has incompatible type "Interaction[Client]"; expected
"InteractionProto"  [arg-type]
                await self.handle_user_error(interaction, log, str(e))
                                             ^~~~~~~~~~~
src\clubbot\cogs\trainer.py:117: note: Following member(s) of "Interaction[Client]" have conflicts:
src\clubbot\cogs\trainer.py:117: note:     followup: expected "FollowupProto", got "Webhook"
src\clubbot\cogs\trainer.py:117: note:     response: expected "ResponseProto", got "InteractionResponse[Client]"
src\clubbot\cogs\trainer.py:121: error: Argument 1 to "handle_user_error" of
"BaseCog" has incompatible type "Interaction[Client]"; expected
"InteractionProto"  [arg-type]
                await self.handle_user_error(interaction, log, f"API error...
                                             ^~~~~~~~~~~
src\clubbot\cogs\trainer.py:121: note: Following member(s) of "Interaction[Client]" have conflicts:
src\clubbot\cogs\trainer.py:121: note:     followup: expected "FollowupProto", got "Webhook"
src\clubbot\cogs\trainer.py:121: note:     response: expected "ResponseProto", got "InteractionResponse[Client]"
src\clubbot\cogs\trainer.py:127: error: Argument 1 to "handle_user_error" of
"BaseCog" has incompatible type "Interaction[Client]"; expected
"InteractionProto"  [arg-type]
                    interaction, log, "An error occurred. Please try again...
                    ^~~~~~~~~~~
src\clubbot\cogs\trainer.py:127: note: Following member(s) of "Interaction[Client]" have conflicts:
src\clubbot\cogs\trainer.py:127: note:     followup: expected "FollowupProto", got "Webhook"
src\clubbot\cogs\trainer.py:127: note:     response: expected "ResponseProto", got "InteractionResponse[Client]"
src\clubbot\cogs\trainer.py:146: error: Argument 1 to "_safe_defer" of
"BaseCog" has incompatible type "Interaction[Client]"; expected
"InteractionProto"  [arg-type]
            return await self._safe_defer(interaction, ephemeral=True)
                                          ^~~~~~~~~~~
src\clubbot\cogs\trainer.py:146: note: Following member(s) of "Interaction[Client]" have conflicts:
src\clubbot\cogs\trainer.py:146: note:     followup: expected "FollowupProto", got "Webhook"
src\clubbot\cogs\trainer.py:146: note:     response: expected "ResponseProto", got "InteractionResponse[Client]"
tests\test_trainer_cog_branches.py:7: error: Cannot find implementation or
library stub for module named "clubbot.utils.errors"  [import-not-found]
    from clubbot.utils.errors import UserInputError
    ^
tests\test_trainer_cog_branches.py:19: error: Argument "overrides" to
"build_config" has incompatible type "dict[str, object]"; expected
"str | int | float | bool | list[int] | tuple[int, ...] | None"  [arg-type]
            overrides={
                      ^
tests\test_trainer_cog_branches.py:74: error: Expression type contains "Any"
(has type "RaisesExc[Any]")  [misc]
        with pytest.raises(UserInputError):
             ^~~~~~~~~~~~~~~~~~~~~~~~~~~~~
tests\test_trainer_cog_branches.py:74: error: Expression has type "Any"  [misc]
        with pytest.raises(UserInputError):
                           ^~~~~~~~~~~~~~
tests\test_trainer_cog_branches.py:82: error: Function is missing a type
annotation for one or more arguments  [no-untyped-def]
            def __init__(self, *, bot, redis_url: str, events_channel: str...
            ^
tests\test_trainer_cog_branches.py:83: error: Expression has type "Any"  [misc]
                assert bot is not None
                       ^~~
tests\test_trainer_cog_branches.py:90: error: Expression type contains "Any"
(has type "type[_Sub]")  [misc]
    ...ttr("clubbot.cogs.trainer.TrainerEventSubscriber", _Sub, raising=True)
                                                          ^~~~
tests\test_trainer_cog_branches.py:98: error: Expression type contains "Any"
(has type "Callable[[VarArg(Any), KwArg(Any)], Any]")  [misc]
            lambda *a, **k: (_ for _ in ()).throw(RuntimeError("should_not...
            ^
tests\test_trainer_cog_branches.py:98: error: Expression type contains "Any"
(has type "Generator[Any, None, None]")  [misc]
            lambda *a, **k: (_ for _ in ()).throw(RuntimeError("should_not...
                            ^~~~~~~~~~~~~~~
tests\test_trainer_cog_branches.py:98: error: Expression has type "Any"  [misc]
            lambda *a, **k: (_ for _ in ()).throw(RuntimeError("should_not...
                            ^~~~~~~~~~~~~~~~~~~~~~~~~~~~~~~~~~~~~~~~~~~~~~...
tests\test_trainer_cog_branches.py:110: error: Function is missing a type
annotation for one or more arguments  [no-untyped-def]
        async def fake_safe(inter, *, ephemeral: bool) -> bool:
        ^
tests\test_trainer_cog_branches.py:114: error: Expression type contains "Any"
(has type
"Callable[[Any, NamedArg(bool, 'ephemeral')], Coroutine[Any, Any, bool]]") 
[misc]
        monkeypatch.setattr(cog, "_safe_defer", fake_safe, raising=True)
                                                ^~~~~~~~~
tests\test_trainer_cog_branches.py:115: error: Argument 1 to "_ack_interaction"
of "TrainerCog" has incompatible type "_Interaction"; expected
"Interaction[Client]"  [arg-type]
        ok = await cog._ack_interaction(_Interaction())
                                        ^~~~~~~~~~~~~~
tests\test_trainer_cog_branches.py:121: error: Argument 1 to "_decode_int_attr"
of "TrainerCog" has incompatible type "SimpleNamespace"; expected
"User | Member | None"  [arg-type]
        assert cog._decode_int_attr(SimpleNamespace(id=5), "id") == 5
                                    ^~~~~~~~~~~~~~~~~~~~~
tests\test_trainer_cog_branches.py:122: error: Argument 1 to "_decode_int_attr"
of "TrainerCog" has incompatible type "SimpleNamespace"; expected
"User | Member | None"  [arg-type]
        assert cog._decode_int_attr(SimpleNamespace(id="bad"), "id") is No...
                                    ^~~~~~~~~~~~~~~~~~~~~~~~~
tests\test_trainer_cog_branches.py:131: error: Function is missing a type
annotation  [no-untyped-def]
        async def fake_ack(_i):
        ^
tests\test_trainer_cog_branches.py:134: error: Function is missing a type
annotation for one or more arguments  [no-untyped-def]
        async def handle_user_error(_i, _log, msg: str) -> None:
        ^
tests\test_trainer_cog_branches.py:137: error: Expression type contains "Any"
(has type "Callable[[Any], Any]")  [misc]
        monkeypatch.setattr(cog, "_ack_interaction", fake_ack, raising=Tru...
                                                     ^~~~~~~~
tests\test_trainer_cog_branches.py:138: error: Expression type contains "Any"
(has type "Callable[[Any, Any, str], Coroutine[Any, Any, None]]")  [misc]
    ...   monkeypatch.setattr(cog, "handle_user_error", handle_user_error, ra...
                                                        ^~~~~~~~~~~~~~~~~
tests\test_trainer_cog_branches.py:140: error: Function gets multiple values
for keyword argument "model_family"  [misc]
        await TrainerCog.train_model.callback(
              ^
tests\test_trainer_cog_branches.py:141: error: Argument 1 has incompatible type
"TrainerCog"; expected "Interaction[Any]"  [arg-type]
            cog,
            ^~~
tests\test_trainer_cog_branches.py:142: error: Argument 2 has incompatible type
"_Interaction"; expected "Interaction[Any]"  [arg-type]
            inter,
            ^~~~~
tests\test_trainer_cog_branches.py:142: error: Argument 2 has incompatible type
"_Interaction"; expected "str"  [arg-type]
            inter,
            ^~~~~
tests\test_trainer_cog_branches.py:159: error: Function is missing a type
annotation  [no-untyped-def]
        async def fake_ack(_i):
        ^
tests\test_trainer_cog_branches.py:162: error: Expression type contains "Any"
(has type "Callable[[Any], Any]")  [misc]
        monkeypatch.setattr(cog, "_ack_interaction", fake_ack, raising=Tru...
                                                     ^~~~~~~~
tests\test_trainer_cog_branches.py:163: error: Expression type contains "Any"
(has type "Callable[[VarArg(Any)], tuple[bool, int]]")  [misc]
    ...  monkeypatch.setattr(cog.rate_limiter, "allow", lambda *_: (False, 3)...
                                                        ^
tests\test_trainer_cog_branches.py:165: error: Function gets multiple values
for keyword argument "model_family"  [misc]
        await TrainerCog.train_model.callback(
              ^
tests\test_trainer_cog_branches.py:166: error: Argument 1 has incompatible type
"TrainerCog"; expected "Interaction[Any]"  [arg-type]
            cog,
            ^~~
tests\test_trainer_cog_branches.py:167: error: Argument 2 has incompatible type
"_Interaction"; expected "Interaction[Any]"  [arg-type]
            inter,
            ^~~~~
tests\test_trainer_cog_branches.py:167: error: Argument 2 has incompatible type
"_Interaction"; expected "str"  [arg-type]
            inter,
            ^~~~~
tests\test_trainer_cog_branches.py:185: error: Function is missing a type
annotation  [no-untyped-def]
        async def fake_ack(_i):
        ^
tests\test_trainer_cog_branches.py:188: error: Function is missing a type
annotation for one or more arguments  [no-untyped-def]
        async def handle_user_error(_i, _log, msg: str) -> None:
        ^
tests\test_trainer_cog_branches.py:191: error: Expression type contains "Any"
(has type "Callable[[Any], Any]")  [misc]
        monkeypatch.setattr(cog, "_ack_interaction", fake_ack, raising=Tru...
                                                     ^~~~~~~~
tests\test_trainer_cog_branches.py:192: error: Expression type contains "Any"
(has type "Callable[[], Any]")  [misc]
        monkeypatch.setattr(cog, "_mk_client", lambda: (_ for _ in ()).thr...
                                               ^
tests\test_trainer_cog_branches.py:192: error: Expression type contains "Any"
(has type "Generator[Any, None, None]")  [misc]
    ...  monkeypatch.setattr(cog, "_mk_client", lambda: (_ for _ in ()).throw...
                                                        ^~~~~~~~~~~~~~~
tests\test_trainer_cog_branches.py:192: error: Expression has type "Any" 
[misc]
    ...  monkeypatch.setattr(cog, "_mk_client", lambda: (_ for _ in ()).throw...
                                                        ^~~~~~~~~~~~~~~~~~~~~...
tests\test_trainer_cog_branches.py:193: error: Expression type contains "Any"
(has type "Callable[[Any, Any, str], Coroutine[Any, Any, None]]")  [misc]
    ...   monkeypatch.setattr(cog, "handle_user_error", handle_user_error, ra...
                                                        ^~~~~~~~~~~~~~~~~
tests\test_trainer_cog_branches.py:195: error: Function gets multiple values
for keyword argument "model_family"  [misc]
        await TrainerCog.train_model.callback(
              ^
tests\test_trainer_cog_branches.py:196: error: Argument 1 has incompatible type
"TrainerCog"; expected "Interaction[Any]"  [arg-type]
            cog,
            ^~~
tests\test_trainer_cog_branches.py:197: error: Argument 2 has incompatible type
"_Interaction"; expected "Interaction[Any]"  [arg-type]
            inter,
            ^~~~~
tests\test_trainer_cog_branches.py:197: error: Argument 2 has incompatible type
"_Interaction"; expected "str"  [arg-type]
            inter,
            ^~~~~
tests\test_trainer_cog_branches.py:240: error: Function is missing a type
annotation  [no-untyped-def]
        async def fake_ack(_i):
        ^
tests\test_trainer_cog_branches.py:243: error: Function is missing a type
annotation for one or more arguments  [no-untyped-def]
        async def handle_user_error(_i, _log, msg: str) -> None:
        ^
tests\test_trainer_cog_branches.py:246: error: Expression type contains "Any"
(has type "Callable[[Any], Any]")  [misc]
        monkeypatch.setattr(cog, "_ack_interaction", fake_ack, raising=Tru...
                                                     ^~~~~~~~
tests\test_trainer_cog_branches.py:247: error: Expression type contains "Any"
(has type "Callable[[Any, Any, str], Coroutine[Any, Any, None]]")  [misc]
    ...   monkeypatch.setattr(cog, "handle_user_error", handle_user_error, ra...
                                                        ^~~~~~~~~~~~~~~~~
tests\test_trainer_cog_branches.py:251: error: Function gets multiple values
for keyword argument "model_family"  [misc]
        await TrainerCog.train_model.callback(
              ^
tests\test_trainer_cog_branches.py:252: error: Argument 1 has incompatible type
"TrainerCog"; expected "Interaction[Any]"  [arg-type]
            cog,
            ^~~
tests\test_trainer_cog_branches.py:253: error: Argument 2 has incompatible type
"_Interaction"; expected "Interaction[Any]"  [arg-type]
            inter1,
            ^~~~~~
tests\test_trainer_cog_branches.py:253: error: Argument 2 has incompatible type
"_Interaction"; expected "str"  [arg-type]
            inter1,
            ^~~~~~
tests\test_trainer_cog_branches.py:268: error: Function gets multiple values
for keyword argument "model_family"  [misc]
        await TrainerCog.train_model.callback(
              ^
tests\test_trainer_cog_branches.py:269: error: Argument 1 has incompatible type
"TrainerCog"; expected "Interaction[Any]"  [arg-type]
            cog,
            ^~~
tests\test_trainer_cog_branches.py:270: error: Argument 2 has incompatible type
"_Interaction"; expected "Interaction[Any]"  [arg-type]
            inter2,
            ^~~~~~
tests\test_trainer_cog_branches.py:270: error: Argument 2 has incompatible type
"_Interaction"; expected "str"  [arg-type]
            inter2,
            ^~~~~~
tests\test_trainer_cog_branches.py:319: error: Function is missing a type
annotation  [no-untyped-def]
        async def fake_ack(_i):
        ^
tests\test_trainer_cog_branches.py:322: error: Expression type contains "Any"
(has type "Callable[[Any], Any]")  [misc]
        monkeypatch.setattr(cog, "_ack_interaction", fake_ack, raising=Tru...
                                                     ^~~~~~~~
tests\test_trainer_cog_branches.py:325: error: Function gets multiple values
for keyword argument "model_family"  [misc]
        await TrainerCog.train_model.callback(
              ^
tests\test_trainer_cog_branches.py:326: error: Argument 1 has incompatible type
"TrainerCog"; expected "Interaction[Any]"  [arg-type]
            cog,
            ^~~
tests\test_trainer_cog_branches.py:327: error: Argument 2 has incompatible type
"_Interaction"; expected "Interaction[Any]"  [arg-type]
            inter,
            ^~~~~
tests\test_trainer_cog_branches.py:327: error: Argument 2 has incompatible type
"_Interaction"; expected "str"  [arg-type]
            inter,
            ^~~~~
tests\test_trainer_cog_branches.py:340: error: Expression has type "Any" 
[misc]
    logger = __import__("logging").getLogger(__name__)
             ^~~~~~~~~~~~~~~~~~~~~~~~~~~~~~~~~~~~~~~~~
tests\test_trainer_cog.py:45: error: Function is missing a type annotation for
one or more arguments  [no-untyped-def]
            async def __aexit__(self, exc_type, exc, tb) -> None:
            ^
tests\test_trainer_cog.py:71: error: Function is missing a type annotation for
one or more arguments  [no-untyped-def]
    def test_trainer_cog_train_model_happy_path(monkeypatch) -> None:
    ^
tests\test_trainer_cog.py:81: error: Expression has type "Any"  [misc]
            monkeypatch.setattr(cog, "_mk_client", lambda: _ClientStub())
            ^~~~~~~~~~~
tests\test_trainer_cog.py:83: error: Function gets multiple values for keyword
argument "model_family"  [misc]
            await TrainerCog.train_model.callback(
                  ^
tests\test_trainer_cog.py:84: error: Argument 1 has incompatible type
"TrainerCog"; expected "Interaction[Any]"  [arg-type]
                cog,
                ^~~
tests\test_trainer_cog.py:85: error: Argument 2 has incompatible type
"_Interaction"; expected "Interaction[Any]"  [arg-type]
                inter,
                ^~~~~
tests\test_trainer_cog.py:85: error: Argument 2 has incompatible type
"_Interaction"; expected "str"  [arg-type]
                inter,
                ^~~~~
tests\test_trainer_cog.py:97: error: Expression type contains "Any" (has type
"type[Embed]")  [misc]
        assert isinstance(inter.followup.last_embed, discord.Embed)
                                                     ^~~~~~~~~~~~~
tests\clubbot\test_trainer_cog_subscriber_start.py:10: error: Function is
missing a type annotation for one or more arguments  [no-untyped-def]
    def test_trainer_ensure_subscriber_started_invokes_start(monkeypatch) ...
    ^
tests\clubbot\test_trainer_cog_subscriber_start.py:19: error: Function is
missing a type annotation for one or more arguments  [no-untyped-def]
            def __init__(self, *a, **k) -> None:
            ^
tests\clubbot\test_trainer_cog_subscriber_start.py:41: error: Argument "bot" to
"TrainerCog" has incompatible type "None"; expected "BotProto"  [arg-type]
        _ = TrainerCog(bot=None, config=cfg)
                           ^~~~
tests\clubbot\test_config_parsing.py:13: error: Expression has type "Any" 
[misc]
        assert cfg["RQ_TRANSCRIPT_RETRY_INTERVALS_SEC"] == (30, 120)
               ^~~~~~~~~~~~~~~~~~~~~~~~~~~~~~~~~~~~~~~~
tests\clubbot\test_config_parsing.py:13: error: TypedDict "DiscordbotSettings"
has no key "RQ_TRANSCRIPT_RETRY_INTERVALS_SEC"  [typeddict-item]
        assert cfg["RQ_TRANSCRIPT_RETRY_INTERVALS_SEC"] == (30, 120)
                   ^~~~~~~~~~~~~~~~~~~~~~~~~~~~~~~~~~~
tests\clubbot\test_config_parsing.py:18: error: Expression has type "Any" 
[misc]
        assert cfg["QR_PUBLIC_RESPONSES"] is True
               ^~~~~~~~~~~~~~~~~~~~~~~~~~
tests\clubbot\test_config_parsing.py:18: error: TypedDict "DiscordbotSettings"
has no key "QR_PUBLIC_RESPONSES"  [typeddict-item]
        assert cfg["QR_PUBLIC_RESPONSES"] is True
                   ^~~~~~~~~~~~~~~~~~~~~
tests\clubbot\test_config_parsing.py:19: error: Expression has type "Any" 
[misc]
        assert cfg["TRANSCRIPT_PUBLIC_RESPONSES"] is False
               ^~~~~~~~~~~~~~~~~~~~~~~~~~~~~~~~~~
tests\clubbot\test_config_parsing.py:19: error: TypedDict "DiscordbotSettings"
has no key "TRANSCRIPT_PUBLIC_RESPONSES"  [typeddict-item]
        assert cfg["TRANSCRIPT_PUBLIC_RESPONSES"] is False
                   ^~~~~~~~~~~~~~~~~~~~~~~~~~~~~
tests\clubbot\test_config_parsing.py:24: error: Expression has type "Any" 
[misc]
        assert cfg["DISCORD_GUILD_IDS"] == [1, 2, 4]
               ^~~~~~~~~~~~~~~~~~~~~~~~
tests\clubbot\test_config_parsing.py:24: error: TypedDict "DiscordbotSettings"
has no key "DISCORD_GUILD_IDS"  [typeddict-item]
        assert cfg["DISCORD_GUILD_IDS"] == [1, 2, 4]
                   ^~~~~~~~~~~~~~~~~~~
tests\clubbot\utils\test_youtube_validator.py:5: error: Cannot find
implementation or library stub for module named "clubbot.utils.errors" 
[import-not-found]
    from clubbot.utils.errors import UserInputError
    ^
tests\clubbot\utils\test_youtube_validator.py:18: error: Expression type
contains "Any" (has type "RaisesExc[Any]")  [misc]
        with pytest.raises(UserInputError):
             ^~~~~~~~~~~~~~~~~~~~~~~~~~~~~
tests\clubbot\utils\test_youtube_validator.py:18: error: Expression has type
"Any"  [misc]
        with pytest.raises(UserInputError):
                           ^~~~~~~~~~~~~~
tests\clubbot\utils\test_youtube_validator.py:23: error: Expression type
contains "Any" (has type "RaisesExc[Any]")  [misc]
        with pytest.raises(UserInputError):
             ^~~~~~~~~~~~~~~~~~~~~~~~~~~~~
tests\clubbot\utils\test_youtube_validator.py:23: error: Expression has type
"Any"  [misc]
        with pytest.raises(UserInputError):
                           ^~~~~~~~~~~~~~
tests\clubbot\utils\test_youtube_validator.py:28: error: Expression type
contains "Any" (has type "RaisesExc[Any]")  [misc]
        with pytest.raises(UserInputError):
             ^~~~~~~~~~~~~~~~~~~~~~~~~~~~~
tests\clubbot\utils\test_youtube_validator.py:28: error: Expression has type
"Any"  [misc]
        with pytest.raises(UserInputError):
                           ^~~~~~~~~~~~~~
tests\clubbot\utils\test_youtube_validator.py:32: error: Expression type
contains "Any" (has type "RaisesExc[Any]")  [misc]
    with pytest.raises(UserInputError):
         ^~~~~~~~~~~~~~~~~~~~~~~~~~~~~
tests\clubbot\utils\test_youtube_validator.py:32: error: Expression has type
"Any"  [misc]
    with pytest.raises(UserInputError):
                       ^~~~~~~~~~~~~~
tests\clubbot\utils\test_youtube_unit.py:8: error: Cannot find implementation
or library stub for module named "clubbot.utils.errors"  [import-not-found]
    from clubbot.utils.errors import UserInputError
    ^
tests\clubbot\utils\test_youtube_unit.py:13: error: Expression type contains
"Any" (has type "RaisesExc[Any]")  [misc]
        with pytest.raises(UserInputError):
             ^~~~~~~~~~~~~~~~~~~~~~~~~~~~~
tests\clubbot\utils\test_youtube_unit.py:13: error: Expression has type "Any" 
[misc]
        with pytest.raises(UserInputError):
                           ^~~~~~~~~~~~~~
tests\clubbot\utils\test_youtube_unit.py:18: error: Expression type contains
"Any" (has type "RaisesExc[Any]")  [misc]
        with pytest.raises(UserInputError):
             ^~~~~~~~~~~~~~~~~~~~~~~~~~~~~
tests\clubbot\utils\test_youtube_unit.py:18: error: Expression has type "Any" 
[misc]
        with pytest.raises(UserInputError):
                           ^~~~~~~~~~~~~~
tests\clubbot\utils\test_youtube_unit.py:29: error: Expression type contains
"Any" (has type "RaisesExc[Any]")  [misc]
        with pytest.raises(UserInputError):
             ^~~~~~~~~~~~~~~~~~~~~~~~~~~~~
tests\clubbot\utils\test_youtube_unit.py:29: error: Expression has type "Any" 
[misc]
        with pytest.raises(UserInputError):
                           ^~~~~~~~~~~~~~
tests\clubbot\utils\test_youtube_invalid_shapes.py:7: error: Cannot find
implementation or library stub for module named "clubbot.utils.errors" 
[import-not-found]
    from clubbot.utils.errors import UserInputError
    ^
tests\clubbot\utils\test_youtube_invalid_shapes.py:22: error: Expression type
contains "Any" (has type "RaisesExc[Any]")  [misc]
        with pytest.raises(UserInputError):
             ^~~~~~~~~~~~~~~~~~~~~~~~~~~~~
tests\clubbot\utils\test_youtube_invalid_shapes.py:22: error: Expression has
type "Any"  [misc]
        with pytest.raises(UserInputError):
                           ^~~~~~~~~~~~~~
tests\clubbot\services\test_service_registry.py:27: error: Expression has type
"Any"  [misc]
        assert dec_d(__import__("json").dumps(d_started)) is not None
                     ^~~~~~~~~~~~~~~~~~~~~~~~~~~~~~~~~~~
tests\clubbot\services\test_service_registry.py:41: error: Expression has type
"Any"  [misc]
        assert dec_t(__import__("json").dumps(t_started)) is not None
                     ^~~~~~~~~~~~~~~~~~~~~~~~~~~~~~~~~~~
tests\clubbot\services\test_service_registry.py:52: error: Expression has type
"Any"  [misc]
        assert dec_tr(__import__("json").dumps(c)) is not None
                      ^~~~~~~~~~~~~~~~~~~~~~~~~~~
tests\clubbot\services\test_qr_service.py:29: error: Function is missing a
return type annotation  [no-untyped-def]
    def _cfg():
    ^
tests\clubbot\services\test_qr_service.py:41: error: Call to untyped function
"_cfg" in typed context  [no-untyped-call]
        cfg = _cfg()
              ^~~~~~
tests\clubbot\services\test_qr_service.py:41: error: Expression has type "Any" 
[misc]
        cfg = _cfg()
              ^~~~~~
tests\clubbot\services\test_qr_service.py:42: error: Expression has type "Any" 
[misc]
        svc = QRService(cfg, client=_FakeClient(back="#FFFFFF", box=10, bo...
                        ^~~
tests\clubbot\services\test_qr_service.py:50: error: Expression has type "Any" 
[misc]
            assert img.getpixel((0, 0)) == ImageColor.getrgb("#FFFFFF")
                   ^~~~~~~~~~~~~~~~~~~~
tests\clubbot\services\test_qr_service.py:54: error: Call to untyped function
"_cfg" in typed context  [no-untyped-call]
        cfg = _cfg()
              ^~~~~~
tests\clubbot\services\test_qr_service.py:54: error: Expression has type "Any" 
[misc]
        cfg = _cfg()
              ^~~~~~
tests\clubbot\services\test_qr_service.py:55: error: Expression has type "Any" 
[misc]
        svc = QRService(cfg, client=_FakeClient(back="#FEFEFE", box=8, bor...
                        ^~~
tests\clubbot\services\test_qr_service.py:68: error: Expression has type "Any" 
[misc]
            assert img.getpixel((0, 0)) == ImageColor.getrgb("#FEFEFE")
                   ^~~~~~~~~~~~~~~~~~~~
tests\clubbot\services\test_qr_http_client.py:37: error: Incompatible types in
assignment (expression has type "_PostClient", variable has type "HttpxClient") 
[assignment]
        client._client = _PostClient(200, _png())
                         ^~~~~~~~~~~~~~~~~~~~~~~~
tests\clubbot\services\test_qr_http_client.py:37: note: "_PostClient" is missing following "HttpxClient" protocol member:
tests\clubbot\services\test_qr_http_client.py:37: note:     close
tests\clubbot\services\test_qr_http_client.py:37: note: Following member(s) of "_PostClient" have conflicts:
tests\clubbot\services\test_qr_http_client.py:37: note:     Expected:
tests\clubbot\services\test_qr_http_client.py:37: note:         def post(self, url: str, *, headers: Mapping[str, str], json: JSONValue | None = ..., files: Mapping[str, tuple[str, bytes, str]] | None = ...) -> HttpxResponse
tests\clubbot\services\test_qr_http_client.py:37: note:     Got:
tests\clubbot\services\test_qr_http_client.py:37: note:         def post(self, endpoint: str, *, headers: dict[str, str], json: dict[str, UnknownJson]) -> _Resp
tests\clubbot\services\test_qr_http_client.py:47: error: Incompatible types in
assignment (expression has type "_PostClient", variable has type "HttpxClient") 
[assignment]
        client._client = _PostClient(500, b"")
                         ^~~~~~~~~~~~~~~~~~~~~
tests\clubbot\services\test_qr_http_client.py:47: note: "_PostClient" is missing following "HttpxClient" protocol member:
tests\clubbot\services\test_qr_http_client.py:47: note:     close
tests\clubbot\services\test_qr_http_client.py:47: note: Following member(s) of "_PostClient" have conflicts:
tests\clubbot\services\test_qr_http_client.py:47: note:     Expected:
tests\clubbot\services\test_qr_http_client.py:47: note:         def post(self, url: str, *, headers: Mapping[str, str], json: JSONValue | None = ..., files: Mapping[str, tuple[str, bytes, str]] | None = ...) -> HttpxResponse
tests\clubbot\services\test_qr_http_client.py:47: note:     Got:
tests\clubbot\services\test_qr_http_client.py:47: note:         def post(self, endpoint: str, *, headers: dict[str, str], json: dict[str, UnknownJson]) -> _Resp
tests\clubbot\services\test_qr_http_client.py:57: error: Incompatible types in
assignment (expression has type "_PostClient", variable has type "HttpxClient") 
[assignment]
        client._client = _PostClient(200, b"notpng")
                         ^~~~~~~~~~~~~~~~~~~~~~~~~~~
tests\clubbot\services\test_qr_http_client.py:57: note: "_PostClient" is missing following "HttpxClient" protocol member:
tests\clubbot\services\test_qr_http_client.py:57: note:     close
tests\clubbot\services\test_qr_http_client.py:57: note: Following member(s) of "_PostClient" have conflicts:
tests\clubbot\services\test_qr_http_client.py:57: note:     Expected:
tests\clubbot\services\test_qr_http_client.py:57: note:         def post(self, url: str, *, headers: Mapping[str, str], json: JSONValue | None = ..., files: Mapping[str, tuple[str, bytes, str]] | None = ...) -> HttpxResponse
tests\clubbot\services\test_qr_http_client.py:57: note:     Got:
tests\clubbot\services\test_qr_http_client.py:57: note:         def post(self, endpoint: str, *, headers: dict[str, str], json: dict[str, UnknownJson]) -> _Resp
tests\clubbot\services\test_qr_http_client.py:68: error: Incompatible types in
assignment (expression has type "_PostClient", variable has type "HttpxClient") 
[assignment]
        client._client = _PostClient(400, b"", err_json)
                         ^~~~~~~~~~~~~~~~~~~~~~~~~~~~~~~
tests\clubbot\services\test_qr_http_client.py:68: note: "_PostClient" is missing following "HttpxClient" protocol member:
tests\clubbot\services\test_qr_http_client.py:68: note:     close
tests\clubbot\services\test_qr_http_client.py:68: note: Following member(s) of "_PostClient" have conflicts:
tests\clubbot\services\test_qr_http_client.py:68: note:     Expected:
tests\clubbot\services\test_qr_http_client.py:68: note:         def post(self, url: str, *, headers: Mapping[str, str], json: JSONValue | None = ..., files: Mapping[str, tuple[str, bytes, str]] | None = ...) -> HttpxResponse
tests\clubbot\services\test_qr_http_client.py:68: note:     Got:
tests\clubbot\services\test_qr_http_client.py:68: note:         def post(self, endpoint: str, *, headers: dict[str, str], json: dict[str, UnknownJson]) -> _Resp
tests\clubbot\services\test_qr_app_unit.py:14: error: Incompatible types in
assignment (expression has type "QRRequestPayload", target has type
"bool | None")  [assignment]
                called["payload"] = payload
                                    ^~~~~~~
tests\clubbot\services\test_qr_app_unit.py:24: error: Non-overlapping equality
check (left operand type: "bool | None", right operand type: "dict[str, str]") 
[comparison-overlap]
        assert called["payload"] == {"url": "https://example.com"}
               ^~~~~~~~~~~~~~~~~~~~~~~~~~~~~~~~~~~~~~~~~~~~~~~~~~~
tests\clubbot\services\test_handai_shape_request_id_types.py:41: error:
Expression type contains "Any" (has type "Any | None")  [misc]
        assert getattr(err, "request_id", None) == "hdr-rid"
               ^~~~~~~~~~~~~~~~~~~~~~~~~~~~~~~~
tests\clubbot\services\test_handai_shape_request_id_types.py:41: error:
Expression type contains "Any" (has type "Any | bool")  [misc]
        assert getattr(err, "request_id", None) == "hdr-rid"
               ^~~~~~~~~~~~~~~~~~~~~~~~~~~~~~~~~~~~~~~~~~~~~
tests\clubbot\services\test_handai_shape_request_id_precedence.py:43: error:
Expression type contains "Any" (has type "Any | None")  [misc]
        assert getattr(err, "request_id", None) == "jsonrid"
               ^~~~~~~~~~~~~~~~~~~~~~~~~~~~~~~~
tests\clubbot\services\test_handai_shape_request_id_precedence.py:43: error:
Expression type contains "Any" (has type "Any | bool")  [misc]
        assert getattr(err, "request_id", None) == "jsonrid"
               ^~~~~~~~~~~~~~~~~~~~~~~~~~~~~~~~~~~~~~~~~~~~~
tests\clubbot\services\test_handai_shape_numeric_code.py:42: error: Expression
type contains "Any" (has type "Any | None")  [misc]
        assert getattr(err, "code", None) is None and str(err) and err.sta...
               ^~~~~~~~~~~~~~~~~~~~~~~~~~
tests\clubbot\cogs\test_invite_env_fallback.py:6: error: Function is missing a
type annotation  [no-untyped-def]
    def test_resolve_app_id_env_fallback(monkeypatch):
    ^
tests\clubbot\cogs\test_invite_env_fallback.py:14: error: Expression has type
"Any"  [misc]
        monkeypatch.setenv("DISCORD_APPLICATION_ID", "555")
        ^~~~~~~~~~~
tests\clubbot\cogs\test_invite_env_fallback.py:16: error: Argument 1 to
"_resolve_app_id" has incompatible type "_Client"; expected "BotProto" 
[arg-type]
            assert _resolve_app_id(_Client()) == 555
                                   ^~~~~~~~~
tests\clubbot\cogs\test_invite_env_fallback.py:18: error: Expression has type
"Any"  [misc]
            monkeypatch.delenv("DISCORD_APPLICATION_ID", raising=False)
            ^~~~~~~~~~~
tests\clubbot\cogs\test_invite_cog_branch_app_id_str.py:10: error: Argument 1
to "_resolve_app_id" has incompatible type "_Client"; expected "BotProto" 
[arg-type]
        assert _resolve_app_id(_Client()) == 1234567890
                               ^~~~~~~~~
tests\clubbot\cogs\test_invite_cog_behavior.py:36: error: Dict entry 1 has
incompatible type "str": "Embed | None"; expected "str":
"dict[str, UnknownJson] | list[UnknownJson] | str | int | float | None" 
[dict-item]
                    "embed": embed,
                    ^~~~~~~~~~~~~~
tests\clubbot\cogs\test_invite_cog_behavior.py:57: error: Dict entry 1 has
incompatible type "str": "Embed | None"; expected "str":
"dict[str, UnknownJson] | list[UnknownJson] | str | int | float | None" 
[dict-item]
                    "embed": embed,
                    ^~~~~~~~~~~~~~
tests\clubbot\cogs\test_invite_cog_behavior.py:71: error: Function is missing a
return type annotation  [no-untyped-def]
    def _cfg():
    ^
tests\clubbot\cogs\test_invite_cog_behavior.py:76: error: Expression type
contains "Any" (has type "Any | list[Never]")  [misc]
        fields = getattr(embed, "fields", [])
                 ^~~~~~~~~~~~~~~~~~~~~~~~~~~~
tests\clubbot\cogs\test_invite_cog_behavior.py:76: error: Need type annotation
for "fields"  [var-annotated]
        fields = getattr(embed, "fields", [])
                 ^~~~~~~~~~~~~~~~~~~~~~~~~~~~
tests\clubbot\cogs\test_invite_cog_behavior.py:77: error: Expression type
contains "Any" (has type "Any | list[Any]")  [misc]
        assert fields and isinstance(fields[0].value, str)
               ^~~~~~
tests\clubbot\cogs\test_invite_cog_behavior.py:77: error: Expression type
contains "Any" (has type "Any | list[Any] | bool")  [misc]
        assert fields and isinstance(fields[0].value, str)
               ^~~~~~~~~~~~~~~~~~~~~~~~~~~~~~~~~~~~~~~~~~~
tests\clubbot\cogs\test_invite_cog_behavior.py:77: error: Expression has type
"Any"  [misc]
        assert fields and isinstance(fields[0].value, str)
                                     ^~~~~~~~~
tests\clubbot\cogs\test_invite_cog_behavior.py:78: error: Expression type
contains "Any" (has type "Any | list[Any]")  [misc]
        return str(fields[0].value)
                   ^~~~~~
tests\clubbot\cogs\test_invite_cog_behavior.py:78: error: Expression has type
"Any"  [misc]
        return str(fields[0].value)
                   ^~~~~~~~~
tests\clubbot\cogs\test_invite_cog_behavior.py:95: error: Call to untyped
function "_cfg" in typed context  [no-untyped-call]
        cfg = _cfg()
              ^~~~~~
tests\clubbot\cogs\test_invite_cog_behavior.py:95: error: Expression has type
"Any"  [misc]
        cfg = _cfg()
              ^~~~~~
tests\clubbot\cogs\test_invite_cog_behavior.py:96: error: Expression has type
"Any"  [misc]
        cog = InviteCog(bot, cfg)
                             ^~~
tests\clubbot\cogs\test_invite_cog_behavior.py:98: error: Too many arguments 
[call-arg]
        await cog.invite.callback(cog, inter)
              ^~~~~~~~~~~~~~~~~~~~~~~~~~~~~~~
tests\clubbot\cogs\test_invite_cog_behavior.py:98: error: Argument 1 has
incompatible type "InviteCog"; expected "Interaction[Any]"  [arg-type]
        await cog.invite.callback(cog, inter)
                                  ^~~
tests\clubbot\cogs\test_invite_cog_behavior.py:98: error: Argument 2 has
incompatible type "_FakeInteraction"; expected "Interaction[Any]"  [arg-type]
        await cog.invite.callback(cog, inter)
                                       ^~~~~
tests\clubbot\cogs\test_invite_cog_behavior.py:103: error: Expression type
contains "Any" (has type "type[Embed]")  [misc]
        assert isinstance(last["embed"], discord.Embed)
                                         ^~~~~~~~~~~~~
tests\clubbot\cogs\test_invite_cog_behavior.py:113: error: Call to untyped
function "_cfg" in typed context  [no-untyped-call]
        cfg = _cfg()
              ^~~~~~
tests\clubbot\cogs\test_invite_cog_behavior.py:113: error: Expression has type
"Any"  [misc]
        cfg = _cfg()
              ^~~~~~
tests\clubbot\cogs\test_invite_cog_behavior.py:114: error: Expression has type
"Any"  [misc]
        cog = InviteCog(bot, cfg)
                             ^~~
tests\clubbot\cogs\test_invite_cog_behavior.py:118: error: Too many arguments 
[call-arg]
        await cog.invite.callback(cog, inter)
              ^~~~~~~~~~~~~~~~~~~~~~~~~~~~~~~
tests\clubbot\cogs\test_invite_cog_behavior.py:118: error: Argument 1 has
incompatible type "InviteCog"; expected "Interaction[Any]"  [arg-type]
        await cog.invite.callback(cog, inter)
                                  ^~~
tests\clubbot\cogs\test_invite_cog_behavior.py:118: error: Argument 2 has
incompatible type "_FakeInteraction"; expected "Interaction[Any]"  [arg-type]
        await cog.invite.callback(cog, inter)
                                       ^~~~~
tests\clubbot\cogs\test_invite_cog_behavior.py:123: error: Expression type
contains "Any" (has type "type[Embed]")  [misc]
        assert isinstance(last["embed"], discord.Embed)
                                         ^~~~~~~~~~~~~
tests\clubbot\cogs\test_invite_cog_behavior.py:133: error: Call to untyped
function "_cfg" in typed context  [no-untyped-call]
        cfg = _cfg()
              ^~~~~~
tests\clubbot\cogs\test_invite_cog_behavior.py:133: error: Expression has type
"Any"  [misc]
        cfg = _cfg()
              ^~~~~~
tests\clubbot\cogs\test_invite_cog_behavior.py:134: error: Expression has type
"Any"  [misc]
        cog = InviteCog(bot, cfg)
                             ^~~
tests\clubbot\cogs\test_invite_cog_behavior.py:137: error: Too many arguments 
[call-arg]
            await cog.invite.callback(cog, inter)
                  ^~~~~~~~~~~~~~~~~~~~~~~~~~~~~~~
tests\clubbot\cogs\test_invite_cog_behavior.py:137: error: Argument 1 has
incompatible type "InviteCog"; expected "Interaction[Any]"  [arg-type]
            await cog.invite.callback(cog, inter)
                                      ^~~
tests\clubbot\cogs\test_invite_cog_behavior.py:137: error: Argument 2 has
incompatible type "_FakeInteraction"; expected "Interaction[Any]"  [arg-type]
            await cog.invite.callback(cog, inter)
                                           ^~~~~
src\clubbot\cogs\qr.py:47: error: Argument 1 to "handle_user_error" of
"BaseCog" has incompatible type "Interaction[Client]"; expected
"InteractionProto"  [arg-type]
                    interaction, log, "Could not determine your user id fo...
                    ^~~~~~~~~~~
src\clubbot\cogs\qr.py:47: note: Following member(s) of "Interaction[Client]" have conflicts:
src\clubbot\cogs\qr.py:47: note:     followup: expected "FollowupProto", got "Webhook"
src\clubbot\cogs\qr.py:47: note:     response: expected "ResponseProto", got "InteractionResponse[Client]"
src\clubbot\cogs\qr.py:57: error: Argument 1 to "_safe_defer" of "BaseCog" has
incompatible type "Interaction[Client]"; expected "InteractionProto"  [arg-type]
            return await self._safe_defer(interaction, ephemeral=ephemeral...
                                          ^~~~~~~~~~~
src\clubbot\cogs\qr.py:57: note: Following member(s) of "Interaction[Client]" have conflicts:
src\clubbot\cogs\qr.py:57: note:     followup: expected "FollowupProto", got "Webhook"
src\clubbot\cogs\qr.py:57: note:     response: expected "ResponseProto", got "InteractionResponse[Client]"
src\clubbot\cogs\qr.py:82: error: Argument 1 to "handle_user_error" of
"BaseCog" has incompatible type "Interaction[Client]"; expected
"InteractionProto"  [arg-type]
                await self.handle_user_error(interaction, log, str(e))
                                             ^~~~~~~~~~~
src\clubbot\cogs\qr.py:82: note: Following member(s) of "Interaction[Client]" have conflicts:
src\clubbot\cogs\qr.py:82: note:     followup: expected "FollowupProto", got "Webhook"
src\clubbot\cogs\qr.py:82: note:     response: expected "ResponseProto", got "InteractionResponse[Client]"
src\clubbot\cogs\qr.py:86: error: Argument 1 to "handle_exception" of "BaseCog"
has incompatible type "Interaction[Client]"; expected "InteractionProto" 
[arg-type]
                await self.handle_exception(interaction, log, e)
                                            ^~~~~~~~~~~
src\clubbot\cogs\qr.py:86: note: Following member(s) of "Interaction[Client]" have conflicts:
src\clubbot\cogs\qr.py:86: note:     followup: expected "FollowupProto", got "Webhook"
src\clubbot\cogs\qr.py:86: note:     response: expected "ResponseProto", got "InteractionResponse[Client]"
tests\clubbot\services\test_transcript_app_api_provider.py:11: error: Name
"app_mod.TranscriptApiClient" is not defined  [name-defined]
        calls: dict[str, list[str] | app_mod.TranscriptApiClient] = {}
                                     ^
tests\clubbot\services\test_transcript_app_api_provider.py:14: error: Name
"app_mod.TranscriptApiClient" is not defined  [name-defined]
            client: app_mod.TranscriptApiClient, *, url: str, preferred_la...
                    ^
tests\clubbot\services\test_transcript_app_api_provider.py:17: error:
Expression type contains "Any" (has type "list[str | Any]")  [misc]
            calls["langs"] = list(preferred_langs)
                             ^~~~~~~~~~~~~~~~~~~~~
tests\clubbot\services\test_transcript_app_api_provider.py:20: error:
Expression type contains "Any" (has type "Callable[[Any], Any]")  [misc]
    ...eypatch.setattr(app_mod, "validate_youtube_url", lambda u: u, raising=...
                                                        ^
tests\clubbot\services\test_transcript_app_api_provider.py:21: error:
Expression type contains "Any" (has type "Callable[[Any], str]")  [misc]
    ...monkeypatch.setattr(app_mod, "extract_video_id", lambda _u: "vid", rai...
                                                        ^
tests\clubbot\services\test_transcript_app_api_provider.py:29: error:
Expression type contains "Any" (has type "bool | Any")  [misc]
        assert calls.get("langs") == ["en", "en-US"]
               ^~~~~~~~~~~~~~~~~~~~~~~~~~~~~~~~~~~~~
tests\clubbot\services\test_transcript_app_api_provider.py:36: error: Name
"app_mod.TranscriptApiClient" is not defined  [name-defined]
            client: app_mod.TranscriptApiClient, *, url: str, preferred_la...
                    ^
tests\clubbot\services\test_transcript_app_api_provider.py:41: error:
Expression type contains "Any" (has type "Callable[[Any], Any]")  [misc]
    ...eypatch.setattr(app_mod, "validate_youtube_url", lambda u: u, raising=...
                                                        ^
tests\clubbot\services\test_transcript_app_api_provider.py:42: error:
Expression type contains "Any" (has type "Callable[[Any], str]")  [misc]
    ...monkeypatch.setattr(app_mod, "extract_video_id", lambda _u: "vid", rai...
                                                        ^
tests\clubbot\services\test_digits_app_unit.py:31: error: Function is missing a
type annotation  [no-untyped-def]
            async def read_digit(self, **kwargs):
            ^
tests\clubbot\cogs\test_spam_and_inputs.py:39: error: Dict entry 1 has
incompatible type "str": "File | None"; expected "str":
"dict[str, UnknownJson] | list[UnknownJson] | str | int | float | None" 
[dict-item]
    ...  self._parent.calls.append({"message": content, "file": file, "epheme...
                                                        ^~~~~~~~~~~~
tests\clubbot\cogs\test_spam_and_inputs.py:50: error: Function is missing a
return type annotation  [no-untyped-def]
    def make_cfg(per: int = 1000, window: int = 1):
    ^
tests\clubbot\cogs\test_spam_and_inputs.py:79: error: Expression has type "Any"
 [misc]
        cfg = make_cfg(per=1000, window=1)
              ^~~~~~~~~~~~~~~~~~~~~~~~~~~~
tests\clubbot\cogs\test_spam_and_inputs.py:81: error: Expression has type "Any"
 [misc]
        cog = QRCog(bot, cfg, svc)
                         ^~~
tests\clubbot\cogs\test_spam_and_inputs.py:81: error: Argument 3 to "QRCog" has
incompatible type "SlowQRService"; expected "QRService"  [arg-type]
        cog = QRCog(bot, cfg, svc)
                              ^~~
tests\clubbot\cogs\test_spam_and_inputs.py:91: error: Expression type contains
"Any" (has type "Future[list[Any]]")  [misc]
        await asyncio.gather(*(run_one(c) for c in ctxs))
              ^~~~~~~~~~~~~~~~~~~~~~~~~~~~~~~~~~~~~~~~~~~
tests\clubbot\cogs\test_spam_and_inputs.py:91: error: Expression type contains
"Any" (has type "Generator[Any, None, None]")  [misc]
        await asyncio.gather(*(run_one(c) for c in ctxs))
                              ^~~~~~~~~~~~~~~~~~~~~~~~~~
tests\clubbot\cogs\test_spam_and_inputs.py:91: error: Expression has type "Any"
 [misc]
        await asyncio.gather(*(run_one(c) for c in ctxs))
                               ^~~~~~~~~~
tests\clubbot\cogs\test_spam_and_inputs.py:102: error: Expression has type
"Any"  [misc]
        cfg = make_cfg(per=1000, window=1)
              ^~~~~~~~~~~~~~~~~~~~~~~~~~~~
tests\clubbot\cogs\test_spam_and_inputs.py:111: error: Expression has type
"Any"  [misc]
        cog = QRCog(bot, cfg, QRService(cfg, client=_RejectingClient()))
                         ^~~
tests\clubbot\cogs\test_spam_and_inputs.py:126: error: Expression has type
"Any"  [misc]
            await _call(ctx, raw)
                  ^~~~~~~~~~~~~~~
tests\clubbot\cogs\test_qr_cog_paths.py:44: error: Function is missing a return
type annotation  [no-untyped-def]
    def _cfg():
    ^
tests\clubbot\cogs\test_qr_cog_paths.py:150: error: Expression type contains
"Any" (has type "Callable[[], Any]")  [misc]
        monkeypatch.setattr(qr_mod, "load_config", lambda: _cfg())
                                                   ^
tests\clubbot\cogs\test_qr_cog_paths.py:150: error: Call to untyped function
"_cfg" in typed context  [no-untyped-call]
        monkeypatch.setattr(qr_mod, "load_config", lambda: _cfg())
                                                           ^~~~~~
tests\clubbot\cogs\test_qr_cog_paths.py:150: error: Expression has type "Any" 
[misc]
        monkeypatch.setattr(qr_mod, "load_config", lambda: _cfg())
                                                           ^~~~~~
tests\clubbot\cogs\test_qr_cog_paths.py:151: error: Expression type contains
"Any" (has type "Callable[[Any], _FakeService]")  [misc]
        monkeypatch.setattr(qr_mod, "QRService", lambda cfg: _FakeService(...
                                                 ^
tests\clubbot\cogs\test_qr_cog_paths.py:154: error: Argument 1 to "setup" has
incompatible type "_FakeBot"; expected "BotForSetup"  [arg-type]
    ..._asyncio.get_event_loop().run_until_complete(qr_mod.setup(_FakeBot()))
                                                                 ^~~~~~~~~~
tests\clubbot\cogs\test_qr_cog_paths.py:154: note: "_FakeBot" is missing following "BotForSetup" protocol member:
tests\clubbot\cogs\test_qr_cog_paths.py:154: note:     fetch_user
tests\clubbot\cogs\test_qr_cog_paths.py:154: note: Following member(s) of "_FakeBot" have conflicts:
tests\clubbot\cogs\test_qr_cog_paths.py:154: note:     Expected:
tests\clubbot\cogs\test_qr_cog_paths.py:154: note:         def add_cog(self, cog: Cog) -> Coroutine[Any, Any, object]
tests\clubbot\cogs\test_qr_cog_paths.py:154: note:     Got:
tests\clubbot\cogs\test_qr_cog_paths.py:154: note:         def add_cog(self, cog: UnknownJson) -> Coroutine[Any, Any, None]
tests\clubbot\cogs\test_qr_cog_behavior.py:18: error: Function is missing a
return type annotation  [no-untyped-def]
        def generate_qr(self, url: str):
        ^
tests\clubbot\cogs\test_qr_cog_behavior.py:22: error: Expression has type "Any"
 [misc]
            return type("QRResult", (), {"image_png": b"\x89PNG\r\n\x1a\n"...
                   ^~~~~~~~~~~~~~~~~~~~~~~~~~~~~~~~~~~~~~~~~~~~~~~~~~~~~~~...
tests\clubbot\cogs\test_qr_cog_behavior.py:22: error: Expression type contains
"Any" (has type "dict[str, Any]")  [misc]
            return type("QRResult", (), {"image_png": b"\x89PNG\r\n\x1a\n"...
                                        ^~~~~~~~~~~~~~~~~~~~~~~~~~~~~~~~~~...
tests\clubbot\cogs\test_qr_cog_behavior.py:48: error: Dict entry 1 has
incompatible type "str": "File | None"; expected "str":
"dict[str, UnknownJson] | list[UnknownJson] | str | int | float | None" 
[dict-item]
    ...  self._parent.calls.append({"message": content, "file": file, "epheme...
                                                        ^~~~~~~~~~~~
tests\clubbot\cogs\test_qr_cog_behavior.py:59: error: Function is missing a
return type annotation  [no-untyped-def]
    def make_cfg(per: int = 5, window: int = 60):
    ^
tests\clubbot\cogs\test_qr_cog_behavior.py:69: error: Expression type contains
"Any" (has type "Callable[[], Any]")  [misc]
    @pytest.mark.asyncio
     ^
tests\clubbot\cogs\test_qr_cog_behavior.py:70: error: Function is missing a
return type annotation  [no-untyped-def]
    async def test_qrcode_accepts_bare_hostname_and_replies_with_file():
    ^
tests\clubbot\cogs\test_qr_cog_behavior.py:70: error: Type of decorated
function contains type "Any" ("Callable[[], Any]")  [misc]
    async def test_qrcode_accepts_bare_hostname_and_replies_with_file():
    ^
tests\clubbot\cogs\test_qr_cog_behavior.py:73: error: Expression has type "Any"
 [misc]
        cfg = make_cfg(per=1_000_000, window=1)
              ^~~~~~~~~~~~~~~~~~~~~~~~~~~~~~~~~
tests\clubbot\cogs\test_qr_cog_behavior.py:77: error: Function is missing a
type annotation for one or more arguments  [no-untyped-def]
            def png(self, *, payload, request_id: str) -> bytes:
            ^
tests\clubbot\cogs\test_qr_cog_behavior.py:80: error: Expression has type "Any"
 [misc]
        svc = QRService(cfg, client=_FakeClient())
                        ^~~
tests\clubbot\cogs\test_qr_cog_behavior.py:81: error: Expression has type "Any"
 [misc]
        cog = QRCog(bot, cfg, svc)
                         ^~~
tests\clubbot\cogs\test_qr_cog_behavior.py:83: error: Too many arguments 
[call-arg]
        await cog.qrcode.callback(cog, interaction, "example.com")
              ^~~~~~~~~~~~~~~~~~~~~~~~~~~~~~~~~~~~~~~~~~~~~~~~~~~~
tests\clubbot\cogs\test_qr_cog_behavior.py:83: error: Argument 1 has
incompatible type "QRCog"; expected "Interaction[Any]"  [arg-type]
        await cog.qrcode.callback(cog, interaction, "example.com")
                                  ^~~
tests\clubbot\cogs\test_qr_cog_behavior.py:83: error: Argument 2 has
incompatible type "FakeInteraction"; expected "Interaction[Any]"  [arg-type]
        await cog.qrcode.callback(cog, interaction, "example.com")
                                       ^~~~~~~~~~~
tests\clubbot\cogs\test_qr_cog_behavior.py:83: error: Argument 2 has
incompatible type "FakeInteraction"; expected "str"  [arg-type]
        await cog.qrcode.callback(cog, interaction, "example.com")
                                       ^~~~~~~~~~~
tests\clubbot\cogs\test_qr_cog_behavior.py:90: error: Expression type contains
"Any" (has type "Callable[[], Any]")  [misc]
    @pytest.mark.asyncio
     ^
tests\clubbot\cogs\test_qr_cog_behavior.py:91: error: Function is missing a
return type annotation  [no-untyped-def]
    async def test_qrcode_invalid_url_returns_user_message():
    ^
tests\clubbot\cogs\test_qr_cog_behavior.py:91: error: Type of decorated
function contains type "Any" ("Callable[[], Any]")  [misc]
    async def test_qrcode_invalid_url_returns_user_message():
    ^
tests\clubbot\cogs\test_qr_cog_behavior.py:94: error: Expression has type "Any"
 [misc]
        cfg = make_cfg()
              ^~~~~~~~~~
tests\clubbot\cogs\test_qr_cog_behavior.py:98: error: Function is missing a
type annotation for one or more arguments  [no-untyped-def]
            def png(self, *, payload, request_id: str) -> bytes:
            ^
tests\clubbot\cogs\test_qr_cog_behavior.py:99: error: Expression has type "Any"
 [misc]
    ...      url_val = payload.get("url") if isinstance(payload, dict) else N...
                                                        ^~~~~~~
tests\clubbot\cogs\test_qr_cog_behavior.py:104: error: Expression has type
"Any"  [misc]
        svc = QRService(cfg, client=_FakeClient())
                        ^~~
tests\clubbot\cogs\test_qr_cog_behavior.py:105: error: Expression has type
"Any"  [misc]
        cog = QRCog(bot, cfg, svc)
                         ^~~
tests\clubbot\cogs\test_qr_cog_behavior.py:107: error: Too many arguments 
[call-arg]
        await cog.qrcode.callback(cog, interaction, "not a url with spaces...
              ^~~~~~~~~~~~~~~~~~~~~~~~~~~~~~~~~~~~~~~~~~~~~~~~~~~~~~~~~~~~~~
tests\clubbot\cogs\test_qr_cog_behavior.py:107: error: Argument 1 has
incompatible type "QRCog"; expected "Interaction[Any]"  [arg-type]
        await cog.qrcode.callback(cog, interaction, "not a url with spaces...
                                  ^~~
tests\clubbot\cogs\test_qr_cog_behavior.py:107: error: Argument 2 has
incompatible type "FakeInteraction"; expected "Interaction[Any]"  [arg-type]
        await cog.qrcode.callback(cog, interaction, "not a url with spaces...
                                       ^~~~~~~~~~~
tests\clubbot\cogs\test_qr_cog_behavior.py:107: error: Argument 2 has
incompatible type "FakeInteraction"; expected "str"  [arg-type]
        await cog.qrcode.callback(cog, interaction, "not a url with spaces...
                                       ^~~~~~~~~~~
tests\clubbot\cogs\test_qr_cog_behavior.py:121: error: Expression type contains
"Any" (has type "Callable[[], Any]")  [misc]
    @pytest.mark.asyncio
     ^
tests\clubbot\cogs\test_qr_cog_behavior.py:122: error: Function is missing a
return type annotation  [no-untyped-def]
    async def test_qrcode_rate_limit_message_on_second_call():
    ^
tests\clubbot\cogs\test_qr_cog_behavior.py:122: note: Use "-> None" if function does not return a value
tests\clubbot\cogs\test_qr_cog_behavior.py:122: error: Type of decorated
function contains type "Any" ("Callable[[], Any]")  [misc]
    async def test_qrcode_rate_limit_message_on_second_call():
    ^
tests\clubbot\cogs\test_qr_cog_behavior.py:125: error: Expression has type
"Any"  [misc]
        cfg = make_cfg(per=1, window=1)
              ^~~~~~~~~~~~~~~~~~~~~~~~~
tests\clubbot\cogs\test_qr_cog_behavior.py:127: error: Expression has type
"Any"  [misc]
        cog = QRCog(bot, cfg, svc)
                         ^~~
tests\clubbot\cogs\test_qr_cog_behavior.py:127: error: Argument 3 to "QRCog"
has incompatible type "FakeQRService"; expected "QRService"  [arg-type]
        cog = QRCog(bot, cfg, svc)
                              ^~~
tests\clubbot\cogs\test_qr_cog_behavior.py:129: error: Too many arguments 
[call-arg]
        await cog.qrcode.callback(cog, interaction, "https://example.com")
              ^~~~~~~~~~~~~~~~~~~~~~~~~~~~~~~~~~~~~~~~~~~~~~~~~~~~~~~~~~~~
tests\clubbot\cogs\test_qr_cog_behavior.py:129: error: Argument 1 has
incompatible type "QRCog"; expected "Interaction[Any]"  [arg-type]
        await cog.qrcode.callback(cog, interaction, "https://example.com")
                                  ^~~
tests\clubbot\cogs\test_qr_cog_behavior.py:129: error: Argument 2 has
incompatible type "FakeInteraction"; expected "Interaction[Any]"  [arg-type]
        await cog.qrcode.callback(cog, interaction, "https://example.com")
                                       ^~~~~~~~~~~
tests\clubbot\cogs\test_qr_cog_behavior.py:129: error: Argument 2 has
incompatible type "FakeInteraction"; expected "str"  [arg-type]
        await cog.qrcode.callback(cog, interaction, "https://example.com")
                                       ^~~~~~~~~~~
tests\clubbot\cogs\test_qr_cog_behavior.py:130: error: Too many arguments 
[call-arg]
        await cog.qrcode.callback(cog, interaction, "https://example.com")
              ^~~~~~~~~~~~~~~~~~~~~~~~~~~~~~~~~~~~~~~~~~~~~~~~~~~~~~~~~~~~
tests\clubbot\cogs\test_qr_cog_behavior.py:130: error: Argument 1 has
incompatible type "QRCog"; expected "Interaction[Any]"  [arg-type]
        await cog.qrcode.callback(cog, interaction, "https://example.com")
                                  ^~~
tests\clubbot\cogs\test_qr_cog_behavior.py:130: error: Argument 2 has
incompatible type "FakeInteraction"; expected "Interaction[Any]"  [arg-type]
        await cog.qrcode.callback(cog, interaction, "https://example.com")
                                       ^~~~~~~~~~~
tests\clubbot\cogs\test_qr_cog_behavior.py:130: error: Argument 2 has
incompatible type "FakeInteraction"; expected "str"  [arg-type]
        await cog.qrcode.callback(cog, interaction, "https://example.com")
                                       ^~~~~~~~~~~
tests\clubbot\cogs\test_qr_cog_behavior.py:137: error: Expression has type
"Any"  [misc]
        assert last["ephemeral"] == (not cfg.QR_PUBLIC_RESPONSES)
                                         ^~~
tests\clubbot\cogs\test_qr_cog_behavior.py:140: error: Expression type contains
"Any" (has type "Callable[[], Any]")  [misc]
    @pytest.mark.asyncio
     ^
tests\clubbot\cogs\test_qr_cog_behavior.py:141: error: Function is missing a
return type annotation  [no-untyped-def]
    async def test_qrcode_handles_internal_exception_with_generic_message(...
    ^
tests\clubbot\cogs\test_qr_cog_behavior.py:141: note: Use "-> None" if function does not return a value
tests\clubbot\cogs\test_qr_cog_behavior.py:141: error: Type of decorated
function contains type "Any" ("Callable[[], Any]")  [misc]
    async def test_qrcode_handles_internal_exception_with_generic_message(...
    ^
tests\clubbot\cogs\test_qr_cog_behavior.py:144: error: Expression has type
"Any"  [misc]
        cfg = make_cfg(per=1_000_000, window=1)
              ^~~~~~~~~~~~~~~~~~~~~~~~~~~~~~~~~
tests\clubbot\cogs\test_qr_cog_behavior.py:146: error: Expression has type
"Any"  [misc]
        cog = QRCog(bot, cfg, svc)
                         ^~~
tests\clubbot\cogs\test_qr_cog_behavior.py:146: error: Argument 3 to "QRCog"
has incompatible type "FakeQRService"; expected "QRService"  [arg-type]
        cog = QRCog(bot, cfg, svc)
                              ^~~
tests\clubbot\cogs\test_qr_cog_behavior.py:148: error: Too many arguments 
[call-arg]
        await cog.qrcode.callback(cog, interaction, "https://example.com")
              ^~~~~~~~~~~~~~~~~~~~~~~~~~~~~~~~~~~~~~~~~~~~~~~~~~~~~~~~~~~~
tests\clubbot\cogs\test_qr_cog_behavior.py:148: error: Argument 1 has
incompatible type "QRCog"; expected "Interaction[Any]"  [arg-type]
        await cog.qrcode.callback(cog, interaction, "https://example.com")
                                  ^~~
tests\clubbot\cogs\test_qr_cog_behavior.py:148: error: Argument 2 has
incompatible type "FakeInteraction"; expected "Interaction[Any]"  [arg-type]
        await cog.qrcode.callback(cog, interaction, "https://example.com")
                                       ^~~~~~~~~~~
tests\clubbot\cogs\test_qr_cog_behavior.py:148: error: Argument 2 has
incompatible type "FakeInteraction"; expected "str"  [arg-type]
        await cog.qrcode.callback(cog, interaction, "https://example.com")
                                       ^~~~~~~~~~~
tests\clubbot\cogs\test_cog_init.py:12: error: Function is missing a return
type annotation  [no-untyped-def]
    def make_cfg():
    ^
tests\clubbot\cogs\test_cog_init.py:16: error: Expression type contains "Any"
(has type "Callable[[], Any]")  [misc]
    @pytest.mark.asyncio
     ^
tests\clubbot\cogs\test_cog_init.py:17: error: Function is missing a return
type annotation  [no-untyped-def]
    async def test_qr_cog_can_be_added_to_bot():
    ^
tests\clubbot\cogs\test_cog_init.py:17: note: Use "-> None" if function does not return a value
tests\clubbot\cogs\test_cog_init.py:17: error: Type of decorated function
contains type "Any" ("Callable[[], Any]")  [misc]
    async def test_qr_cog_can_be_added_to_bot():
    ^
tests\clubbot\cogs\test_cog_init.py:20: error: Call to untyped function
"make_cfg" in typed context  [no-untyped-call]
        cfg = make_cfg()
              ^~~~~~~~~~
tests\clubbot\cogs\test_cog_init.py:20: error: Expression has type "Any" 
[misc]
        cfg = make_cfg()
              ^~~~~~~~~~
tests\clubbot\cogs\test_cog_init.py:21: error: Expression has type "Any" 
[misc]
        service = QRService(cfg)
                            ^~~
tests\clubbot\cogs\test_cog_init.py:23: error: Expression has type "Any" 
[misc]
        cog = QRCog(bot, cfg, service)
                         ^~~
tests\clubbot\cogs\test_app_command_metadata.py:12: error: Function is missing
a return type annotation  [no-untyped-def]
    def make_cfg():
    ^
tests\clubbot\cogs\test_app_command_metadata.py:16: error: Expression type
contains "Any" (has type "Callable[[], Any]")  [misc]
    @pytest.mark.asyncio
     ^
tests\clubbot\cogs\test_app_command_metadata.py:17: error: Function is missing
a return type annotation  [no-untyped-def]
    async def test_qrcode_metadata_allows_dms_and_user_installs():
    ^
tests\clubbot\cogs\test_app_command_metadata.py:17: note: Use "-> None" if function does not return a value
tests\clubbot\cogs\test_app_command_metadata.py:17: error: Type of decorated
function contains type "Any" ("Callable[[], Any]")  [misc]
    async def test_qrcode_metadata_allows_dms_and_user_installs():
    ^
tests\clubbot\cogs\test_app_command_metadata.py:20: error: Call to untyped
function "make_cfg" in typed context  [no-untyped-call]
        cfg = make_cfg()
              ^~~~~~~~~~
tests\clubbot\cogs\test_app_command_metadata.py:20: error: Expression has type
"Any"  [misc]
        cfg = make_cfg()
              ^~~~~~~~~~
tests\clubbot\cogs\test_app_command_metadata.py:21: error: Expression has type
"Any"  [misc]
        service = QRService(cfg)
                            ^~~
tests\clubbot\cogs\test_app_command_metadata.py:23: error: Expression has type
"Any"  [misc]
        await bot.add_cog(QRCog(bot, cfg, service))
                                     ^~~
tests\clubbot\cogs\test_app_command_metadata.py:25: error: Expression type
contains "Any" (has type
"Command[Any, [VarArg(Any), KwArg(Any)], Any] | Group | ContextMenu")  [misc]
        cmds = {c.name: c for c in bot.tree.get_commands()}
               ^
tests\clubbot\cogs\test_app_command_metadata.py:25: error: Expression type
contains "Any" (has type
"dict[str, Command[Any, [VarArg(Any), KwArg(Any)], Any] | Group | ContextMenu]")
 [misc]
        cmds = {c.name: c for c in bot.tree.get_commands()}
               ^~~~~~~~~~~~~~~~~~~~~~~~~~~~~~~~~~~~~~~~~~~~
tests\clubbot\cogs\test_app_command_metadata.py:25: error: Expression type
contains "Any" (has type
"list[Command[Any, [VarArg(Any), KwArg(Any)], Any] | Group | ContextMenu]") 
[misc]
        cmds = {c.name: c for c in bot.tree.get_commands()}
                                   ^~~~~~~~~~~~~~~~~~~~~~~
tests\clubbot\cogs\test_app_command_metadata.py:26: error: Expression type
contains "Any" (has type
"dict[str, Command[Any, [VarArg(Any), KwArg(Any)], Any] | Group | ContextMenu]")
 [misc]
        assert "qrcode" in cmds, "qrcode command not registered on app com...
                           ^~~~
tests\clubbot\cogs\test_app_command_metadata.py:27: error: Expression type
contains "Any" (has type
"dict[str, Command[Any, [VarArg(Any), KwArg(Any)], Any] | Group | ContextMenu]")
 [misc]
        cmd = cmds["qrcode"]
              ^~~~
tests\clubbot\cogs\test_app_command_metadata.py:27: error: Expression type
contains "Any" (has type
"Command[Any, [VarArg(Any), KwArg(Any)], Any] | Group | ContextMenu")  [misc]
        cmd = cmds["qrcode"]
              ^~~~~~~~~~~~~~
tests\clubbot\cogs\test_app_command_metadata.py:30: error: Expression type
contains "Any" (has type
"Command[Any, [VarArg(Any), KwArg(Any)], Any] | Group | ContextMenu")  [misc]
        assert cmd.allowed_contexts is not None
               ^~~
tests\clubbot\cogs\test_app_command_metadata.py:31: error: Expression type
contains "Any" (has type
"Command[Any, [VarArg(Any), KwArg(Any)], Any] | Group | ContextMenu")  [misc]
        ctxs = cmd.allowed_contexts
               ^~~
tests\clubbot\cogs\test_app_command_metadata.py:37: error: Expression type
contains "Any" (has type
"Command[Any, [VarArg(Any), KwArg(Any)], Any] | Group | ContextMenu")  [misc]
        assert cmd.allowed_installs is not None
               ^~~
tests\clubbot\cogs\test_app_command_metadata.py:38: error: Expression type
contains "Any" (has type
"Command[Any, [VarArg(Any), KwArg(Any)], Any] | Group | ContextMenu")  [misc]
        inst = cmd.allowed_installs
               ^~~
src\clubbot\cogs\transcript.py:66: error: Argument 1 to "handle_user_error" of
"BaseCog" has incompatible type "Interaction[Client]"; expected
"InteractionProto"  [arg-type]
                    interaction, log, "Could not determine your user id fo...
                    ^~~~~~~~~~~
src\clubbot\cogs\transcript.py:66: note: Following member(s) of "Interaction[Client]" have conflicts:
src\clubbot\cogs\transcript.py:66: note:     followup: expected "FollowupProto", got "Webhook"
src\clubbot\cogs\transcript.py:66: note:     response: expected "ResponseProto", got "InteractionResponse[Client]"
src\clubbot\cogs\transcript.py:93: error: Argument 1 to "handle_user_error" of
"BaseCog" has incompatible type "Interaction[Client]"; expected
"InteractionProto"  [arg-type]
                await self.handle_user_error(interaction, log, str(exc))
                                             ^~~~~~~~~~~
src\clubbot\cogs\transcript.py:93: note: Following member(s) of "Interaction[Client]" have conflicts:
src\clubbot\cogs\transcript.py:93: note:     followup: expected "FollowupProto", got "Webhook"
src\clubbot\cogs\transcript.py:93: note:     response: expected "ResponseProto", got "InteractionResponse[Client]"
src\clubbot\cogs\transcript.py:97: error: Argument 1 to "handle_exception" of
"BaseCog" has incompatible type "Interaction[Client]"; expected
"InteractionProto"  [arg-type]
                await self.handle_exception(interaction, log, exc)
                                            ^~~~~~~~~~~
src\clubbot\cogs\transcript.py:97: note: Following member(s) of "Interaction[Client]" have conflicts:
src\clubbot\cogs\transcript.py:97: note:     followup: expected "FollowupProto", got "Webhook"
src\clubbot\cogs\transcript.py:97: note:     response: expected "ResponseProto", got "InteractionResponse[Client]"
src\clubbot\cogs\transcript.py:112: error: Argument 1 to "handle_user_error" of
"BaseCog" has incompatible type "Interaction[Client]"; expected
"InteractionProto"  [arg-type]
                    interaction,
                    ^~~~~~~~~~~
src\clubbot\cogs\transcript.py:112: note: Following member(s) of "Interaction[Client]" have conflicts:
src\clubbot\cogs\transcript.py:112: note:     followup: expected "FollowupProto", got "Webhook"
src\clubbot\cogs\transcript.py:112: note:     response: expected "ResponseProto", got "InteractionResponse[Client]"
src\clubbot\cogs\transcript.py:152: error: Argument 1 to "_safe_defer" of
"BaseCog" has incompatible type "Interaction[Client]"; expected
"InteractionProto"  [arg-type]
                interaction, ephemeral=self.config["transcript"]["public_r...
                ^~~~~~~~~~~
src\clubbot\cogs\transcript.py:152: note: Following member(s) of "Interaction[Client]" have conflicts:
src\clubbot\cogs\transcript.py:152: note:     followup: expected "FollowupProto", got "Webhook"
src\clubbot\cogs\transcript.py:152: note:     response: expected "ResponseProto", got "InteractionResponse[Client]"
src\clubbot\cogs\digits.py:81: error: Argument 1 to "handle_user_error" of
"BaseCog" has incompatible type "Interaction[Client]"; expected
"InteractionProto"  [arg-type]
                await self.handle_user_error(interaction, log, "Could not ...
                                             ^~~~~~~~~~~
src\clubbot\cogs\digits.py:81: note: Following member(s) of "Interaction[Client]" have conflicts:
src\clubbot\cogs\digits.py:81: note:     followup: expected "FollowupProto", got "Webhook"
src\clubbot\cogs\digits.py:81: note:     response: expected "ResponseProto", got "InteractionResponse[Client]"
src\clubbot\cogs\digits.py:104: error: Argument 1 to "handle_user_error" of
"BaseCog" has incompatible type "Interaction[Client]"; expected
"InteractionProto"  [arg-type]
                await self.handle_user_error(interaction, log, str(e))
                                             ^~~~~~~~~~~
src\clubbot\cogs\digits.py:104: note: Following member(s) of "Interaction[Client]" have conflicts:
src\clubbot\cogs\digits.py:104: note:     followup: expected "FollowupProto", got "Webhook"
src\clubbot\cogs\digits.py:104: note:     response: expected "ResponseProto", got "InteractionResponse[Client]"
src\clubbot\cogs\digits.py:109: error: Argument 1 to "handle_user_error" of
"BaseCog" has incompatible type "Interaction[Client]"; expected
"InteractionProto"  [arg-type]
                await self.handle_user_error(interaction, log, msg)
                                             ^~~~~~~~~~~
src\clubbot\cogs\digits.py:109: note: Following member(s) of "Interaction[Client]" have conflicts:
src\clubbot\cogs\digits.py:109: note:     followup: expected "FollowupProto", got "Webhook"
src\clubbot\cogs\digits.py:109: note:     response: expected "ResponseProto", got "InteractionResponse[Client]"
src\clubbot\cogs\digits.py:113: error: Argument 1 to "handle_exception" of
"BaseCog" has incompatible type "Interaction[Client]"; expected
"InteractionProto"  [arg-type]
                await self.handle_exception(interaction, log, e)
                                            ^~~~~~~~~~~
src\clubbot\cogs\digits.py:113: note: Following member(s) of "Interaction[Client]" have conflicts:
src\clubbot\cogs\digits.py:113: note:     followup: expected "FollowupProto", got "Webhook"
src\clubbot\cogs\digits.py:113: note:     response: expected "ResponseProto", got "InteractionResponse[Client]"
src\clubbot\cogs\digits.py:135: error: Argument 1 to "handle_user_error" of
"BaseCog" has incompatible type "Interaction[Client]"; expected
"InteractionProto"  [arg-type]
                await self.handle_user_error(interaction, log, "Could not ...
                                             ^~~~~~~~~~~
src\clubbot\cogs\digits.py:135: note: Following member(s) of "Interaction[Client]" have conflicts:
src\clubbot\cogs\digits.py:135: note:     followup: expected "FollowupProto", got "Webhook"
src\clubbot\cogs\digits.py:135: note:     response: expected "ResponseProto", got "InteractionResponse[Client]"
src\clubbot\cogs\digits.py:165: error: Argument 1 to "handle_exception" of
"BaseCog" has incompatible type "Interaction[Client]"; expected
"InteractionProto"  [arg-type]
                await self.handle_exception(interaction, log, e)
                                            ^~~~~~~~~~~
src\clubbot\cogs\digits.py:165: note: Following member(s) of "Interaction[Client]" have conflicts:
src\clubbot\cogs\digits.py:165: note:     followup: expected "FollowupProto", got "Webhook"
src\clubbot\cogs\digits.py:165: note:     response: expected "ResponseProto", got "InteractionResponse[Client]"
src\clubbot\cogs\digits.py:204: error: Argument 1 to "_safe_defer" of "BaseCog"
has incompatible type "Interaction[Client]"; expected "InteractionProto" 
[arg-type]
                interaction, ephemeral=self.config["digits"]["public_respo...
                ^~~~~~~~~~~
src\clubbot\cogs\digits.py:204: note: Following member(s) of "Interaction[Client]" have conflicts:
src\clubbot\cogs\digits.py:204: note:     followup: expected "FollowupProto", got "Webhook"
src\clubbot\cogs\digits.py:204: note:     response: expected "ResponseProto", got "InteractionResponse[Client]"
tests\clubbot\cogs\test_transcript_cog_unload_set_none.py:23: error: Argument
"transcript_service" to "TranscriptCog" has incompatible type "SimpleNamespace";
expected "TranscriptService"  [arg-type]
    ...t=SimpleNamespace(), config=cfg, transcript_service=SimpleNamespace())
                                                           ^~~~~~~~~~~~~~~~~
tests\clubbot\cogs\test_transcript_cog_more.py:6: error: Cannot find
implementation or library stub for module named "clubbot.utils.errors" 
[import-not-found]
    from clubbot.utils.errors import UserInputError
    ^
tests\clubbot\cogs\test_transcript_cog_more.py:47: error: Argument
"transcript_service" to "TranscriptCog" has incompatible type "SimpleNamespace";
expected "TranscriptService"  [arg-type]
    ...t=SimpleNamespace(), config=cfg, transcript_service=SimpleNamespace())
                                                           ^~~~~~~~~~~~~~~~~
tests\clubbot\cogs\test_transcript_cog_more.py:48: error: Argument 1 to
"_decode_int_attr" of "TranscriptCog" has incompatible type "SimpleNamespace";
expected
"User | Member | dict[str, UnknownJson] | list[UnknownJson] | str | int | float | bool | None"
 [arg-type]
        assert cog._decode_int_attr(SimpleNamespace(id=5), "id") == 5
                                    ^~~~~~~~~~~~~~~~~~~~~
tests\clubbot\cogs\test_transcript_cog_more.py:49: error: Argument 1 to
"_decode_int_attr" of "TranscriptCog" has incompatible type "SimpleNamespace";
expected
"User | Member | dict[str, UnknownJson] | list[UnknownJson] | str | int | float | bool | None"
 [arg-type]
        assert cog._decode_int_attr(SimpleNamespace(id="bad"), "id") is No...
                                    ^~~~~~~~~~~~~~~~~~~~~~~~~
tests\clubbot\cogs\test_transcript_cog_more.py:61: error: Function is missing a
type annotation for one or more arguments  [no-untyped-def]
            async def handle_user_error(self, interaction, log, message: s...
            ^
tests\clubbot\cogs\test_transcript_cog_more.py:64: error: Function is missing a
type annotation for one or more arguments  [no-untyped-def]
        def fake_fetch_cleaned(_svc, _url: str) -> TranscriptResult:
        ^
tests\clubbot\cogs\test_transcript_cog_more.py:68: error: Function is missing a
type annotation  [no-untyped-def]
        async def run_in_thread(func, *args, **kwargs):
        ^
tests\clubbot\cogs\test_transcript_cog_more.py:69: error: Expression has type
"Any"  [misc]
            return func(*args, **kwargs)
                   ^~~~~~~~~~~~~~~~~~~~~
tests\clubbot\cogs\test_transcript_cog_more.py:69: error: Expression type
contains "Any" (has type "tuple[Any, ...]")  [misc]
            return func(*args, **kwargs)
                         ^~~~
tests\clubbot\cogs\test_transcript_cog_more.py:69: error: Expression type
contains "Any" (has type "dict[str, Any]")  [misc]
            return func(*args, **kwargs)
                                 ^~~~~~
tests\clubbot\cogs\test_transcript_cog_more.py:71: error: Expression type
contains "Any" (has type "Callable[[Any], Any]")  [misc]
    ...nkeypatch.setattr(t_mod, "validate_youtube_url", lambda u: u, raising=...
                                                        ^
tests\clubbot\cogs\test_transcript_cog_more.py:72: error: Module
"clubbot.cogs.transcript" does not explicitly export attribute "asyncio" 
[attr-defined]
        monkeypatch.setattr(t_mod.asyncio, "to_thread", run_in_thread, rai...
                            ^~~~~~~~~~~~~
tests\clubbot\cogs\test_transcript_cog_more.py:72: error: Expression type
contains "Any" (has type "Callable[[Any, VarArg(Any), KwArg(Any)], Any]") 
[misc]
    ... monkeypatch.setattr(t_mod.asyncio, "to_thread", run_in_thread, raisin...
                                                        ^~~~~~~~~~~~~
tests\clubbot\cogs\test_transcript_cog_more.py:73: error: Expression type
contains "Any" (has type "Callable[[Any, str], TranscriptResult]")  [misc]
    ...   monkeypatch.setattr(app_mod, "fetch_cleaned", fake_fetch_cleaned, r...
                                                        ^~~~~~~~~~~~~~~~~~
tests\clubbot\cogs\test_transcript_cog_more.py:75: error: Argument
"transcript_service" to "_Cog" has incompatible type "SimpleNamespace"; expected
"TranscriptService"  [arg-type]
    ...t=SimpleNamespace(), config=cfg, transcript_service=SimpleNamespace())
                                                           ^~~~~~~~~~~~~~~~~
tests\clubbot\cogs\test_transcript_cog_more.py:77: error: Too many arguments 
[call-arg]
        await cog.transcript.callback(cog, inter, "https://example.com/wat...
              ^~~~~~~~~~~~~~~~~~~~~~~~~~~~~~~~~~~~~~~~~~~~~~~~~~~~~~~~~~~~...
tests\clubbot\cogs\test_transcript_cog_more.py:77: error: Argument 1 has
incompatible type "_Cog"; expected "Interaction[Any]"  [arg-type]
        await cog.transcript.callback(cog, inter, "https://example.com/wat...
                                      ^~~
tests\clubbot\cogs\test_transcript_cog_more.py:77: error: Argument 2 has
incompatible type "_FakeInteraction"; expected "Interaction[Any]"  [arg-type]
        await cog.transcript.callback(cog, inter, "https://example.com/wat...
                                           ^~~~~
tests\clubbot\cogs\test_transcript_cog_more.py:77: error: Argument 2 has
incompatible type "_FakeInteraction"; expected "str"  [arg-type]
        await cog.transcript.callback(cog, inter, "https://example.com/wat...
                                           ^~~~~
tests\clubbot\cogs\test_transcript_cog_more.py:88: error: Function is missing a
type annotation for one or more arguments  [no-untyped-def]
            async def handle_user_error(self, interaction, log, message: s...
            ^
tests\clubbot\cogs\test_transcript_cog_more.py:91: error: Function is missing a
type annotation for one or more arguments  [no-untyped-def]
            async def handle_exception(self, interaction, log, e: Exceptio...
            ^
tests\clubbot\cogs\test_transcript_cog_more.py:94: error: Function is missing a
type annotation  [no-untyped-def]
        async def run_in_thread(func, *args, **kwargs):
        ^
tests\clubbot\cogs\test_transcript_cog_more.py:95: error: Expression has type
"Any"  [misc]
            return func(*args, **kwargs)
                   ^~~~~~~~~~~~~~~~~~~~~
tests\clubbot\cogs\test_transcript_cog_more.py:95: error: Expression type
contains "Any" (has type "tuple[Any, ...]")  [misc]
            return func(*args, **kwargs)
                         ^~~~
tests\clubbot\cogs\test_transcript_cog_more.py:95: error: Expression type
contains "Any" (has type "dict[str, Any]")  [misc]
            return func(*args, **kwargs)
                                 ^~~~~~
tests\clubbot\cogs\test_transcript_cog_more.py:97: error: Module
"clubbot.cogs.transcript" does not explicitly export attribute "asyncio" 
[attr-defined]
        monkeypatch.setattr(t_mod.asyncio, "to_thread", run_in_thread, rai...
                            ^~~~~~~~~~~~~
tests\clubbot\cogs\test_transcript_cog_more.py:97: error: Expression type
contains "Any" (has type "Callable[[Any, VarArg(Any), KwArg(Any)], Any]") 
[misc]
    ... monkeypatch.setattr(t_mod.asyncio, "to_thread", run_in_thread, raisin...
                                                        ^~~~~~~~~~~~~
tests\clubbot\cogs\test_transcript_cog_more.py:98: error: Expression type
contains "Any" (has type "Callable[[Any], Any]")  [misc]
    ...nkeypatch.setattr(t_mod, "validate_youtube_url", lambda u: u, raising=...
                                                        ^
tests\clubbot\cogs\test_transcript_cog_more.py:101: error: Argument
"transcript_service" to "_Cog" has incompatible type "SimpleNamespace"; expected
"TranscriptService"  [arg-type]
    ...t=SimpleNamespace(), config=cfg, transcript_service=SimpleNamespace())
                                                           ^~~~~~~~~~~~~~~~~
tests\clubbot\cogs\test_transcript_cog_more.py:102: error: Expression type
contains "Any" (has type "Callable[[VarArg(Any)], tuple[bool, float]]")  [misc]
    ...  monkeypatch.setattr(cog.rate_limiter, "allow", lambda *_a: (False, 3...
                                                        ^
tests\clubbot\cogs\test_transcript_cog_more.py:104: error: Too many arguments 
[call-arg]
        await cog.transcript.callback(cog, inter, "https://example.com/wat...
              ^~~~~~~~~~~~~~~~~~~~~~~~~~~~~~~~~~~~~~~~~~~~~~~~~~~~~~~~~~~~...
tests\clubbot\cogs\test_transcript_cog_more.py:104: error: Argument 1 has
incompatible type "_Cog"; expected "Interaction[Any]"  [arg-type]
        await cog.transcript.callback(cog, inter, "https://example.com/wat...
                                      ^~~
tests\clubbot\cogs\test_transcript_cog_more.py:104: error: Argument 2 has
incompatible type "_FakeInteraction"; expected "Interaction[Any]"  [arg-type]
        await cog.transcript.callback(cog, inter, "https://example.com/wat...
                                           ^~~~~
tests\clubbot\cogs\test_transcript_cog_more.py:104: error: Argument 2 has
incompatible type "_FakeInteraction"; expected "str"  [arg-type]
        await cog.transcript.callback(cog, inter, "https://example.com/wat...
                                           ^~~~~
tests\clubbot\cogs\test_transcript_cog_more.py:108: error: Function is missing
a type annotation for one or more arguments  [no-untyped-def]
        def bad_fetch(_svc, _url: str) -> TranscriptResult:
        ^
tests\clubbot\cogs\test_transcript_cog_more.py:109: error: Expression has type
"Any"  [misc]
            raise UserInputError("bad")
                  ^~~~~~~~~~~~~~~~~~~~~
tests\clubbot\cogs\test_transcript_cog_more.py:111: error: Expression type
contains "Any" (has type "Callable[[Any, str], TranscriptResult]")  [misc]
    ...   monkeypatch.setattr(app_mod, "fetch_cleaned", bad_fetch, raising=Tr...
                                                        ^~~~~~~~~
tests\clubbot\cogs\test_transcript_cog_more.py:112: error: Expression type
contains "Any" (has type "Callable[[VarArg(Any)], tuple[bool, float]]")  [misc]
    ...  monkeypatch.setattr(cog.rate_limiter, "allow", lambda *_a: (True, 0....
                                                        ^
tests\clubbot\cogs\test_transcript_cog_more.py:114: error: Too many arguments 
[call-arg]
        await cog.transcript.callback(cog, inter2, "https://example.com/wa...
              ^~~~~~~~~~~~~~~~~~~~~~~~~~~~~~~~~~~~~~~~~~~~~~~~~~~~~~~~~~~~...
tests\clubbot\cogs\test_transcript_cog_more.py:114: error: Argument 1 has
incompatible type "_Cog"; expected "Interaction[Any]"  [arg-type]
        await cog.transcript.callback(cog, inter2, "https://example.com/wa...
                                      ^~~
tests\clubbot\cogs\test_transcript_cog_more.py:114: error: Argument 2 has
incompatible type "_FakeInteraction"; expected "Interaction[Any]"  [arg-type]
        await cog.transcript.callback(cog, inter2, "https://example.com/wa...
                                           ^~~~~~
tests\clubbot\cogs\test_transcript_cog_more.py:114: error: Argument 2 has
incompatible type "_FakeInteraction"; expected "str"  [arg-type]
        await cog.transcript.callback(cog, inter2, "https://example.com/wa...
                                           ^~~~~~
tests\clubbot\cogs\test_transcript_cog_more.py:118: error: Function is missing
a type annotation for one or more arguments  [no-untyped-def]
        def boom_fetch(_svc, _url: str) -> TranscriptResult:
        ^
tests\clubbot\cogs\test_transcript_cog_more.py:121: error: Expression type
contains "Any" (has type "Callable[[Any, str], TranscriptResult]")  [misc]
    ...   monkeypatch.setattr(app_mod, "fetch_cleaned", boom_fetch, raising=T...
                                                        ^~~~~~~~~~
tests\clubbot\cogs\test_transcript_cog_more.py:123: error: Too many arguments 
[call-arg]
        await cog.transcript.callback(cog, inter3, "https://example.com/wa...
              ^~~~~~~~~~~~~~~~~~~~~~~~~~~~~~~~~~~~~~~~~~~~~~~~~~~~~~~~~~~~...
tests\clubbot\cogs\test_transcript_cog_more.py:123: error: Argument 1 has
incompatible type "_Cog"; expected "Interaction[Any]"  [arg-type]
        await cog.transcript.callback(cog, inter3, "https://example.com/wa...
                                      ^~~
tests\clubbot\cogs\test_transcript_cog_more.py:123: error: Argument 2 has
incompatible type "_FakeInteraction"; expected "Interaction[Any]"  [arg-type]
        await cog.transcript.callback(cog, inter3, "https://example.com/wa...
                                           ^~~~~~
tests\clubbot\cogs\test_transcript_cog_more.py:123: error: Argument 2 has
incompatible type "_FakeInteraction"; expected "str"  [arg-type]
        await cog.transcript.callback(cog, inter3, "https://example.com/wa...
                                           ^~~~~~
tests\clubbot\cogs\test_transcript_cog_more.py:127: error: Function is missing
a type annotation for one or more arguments  [no-untyped-def]
        def ok_fetch(_svc, _url: str) -> TranscriptResult:
        ^
tests\clubbot\cogs\test_transcript_cog_more.py:130: error: Expression type
contains "Any" (has type "Callable[[Any, str], TranscriptResult]")  [misc]
    ...   monkeypatch.setattr(app_mod, "fetch_cleaned", ok_fetch, raising=Tru...
                                                        ^~~~~~~~
tests\clubbot\cogs\test_transcript_cog_more.py:132: error: Too many arguments 
[call-arg]
        await cog.transcript.callback(cog, inter4, "https://example.com/wa...
              ^~~~~~~~~~~~~~~~~~~~~~~~~~~~~~~~~~~~~~~~~~~~~~~~~~~~~~~~~~~~...
tests\clubbot\cogs\test_transcript_cog_more.py:132: error: Argument 1 has
incompatible type "_Cog"; expected "Interaction[Any]"  [arg-type]
        await cog.transcript.callback(cog, inter4, "https://example.com/wa...
                                      ^~~
tests\clubbot\cogs\test_transcript_cog_more.py:132: error: Argument 2 has
incompatible type "_FakeInteraction"; expected "Interaction[Any]"  [arg-type]
        await cog.transcript.callback(cog, inter4, "https://example.com/wa...
                                           ^~~~~~
tests\clubbot\cogs\test_transcript_cog_more.py:132: error: Argument 2 has
incompatible type "_FakeInteraction"; expected "str"  [arg-type]
        await cog.transcript.callback(cog, inter4, "https://example.com/wa...
                                           ^~~~~~
tests\clubbot\cogs\test_transcript_cog_more.py:136: error: Expression has type
"Any"  [misc]
    logger = __import__("logging").getLogger(__name__)
             ^~~~~~~~~~~~~~~~~~~~~~~~~~~~~~~~~~~~~~~~~
tests\clubbot\cogs\test_transcript_cog_ensure_start_noop.py:22: error: Argument
"transcript_service" to "TranscriptCog" has incompatible type "SimpleNamespace";
expected "TranscriptService"  [arg-type]
    ...t=SimpleNamespace(), config=cfg, transcript_service=SimpleNamespace())
                                                           ^~~~~~~~~~~~~~~~~
tests\clubbot\cogs\test_transcript_cog_cov_helpers.py:13: error: Function is
missing a return type annotation  [no-untyped-def]
    def _cfg():
    ^
tests\clubbot\cogs\test_transcript_cog_cov_helpers.py:23: error: Call to
untyped function "_cfg" in typed context  [no-untyped-call]
        cfg = _cfg()
              ^~~~~~
tests\clubbot\cogs\test_transcript_cog_cov_helpers.py:23: error: Expression has
type "Any"  [misc]
        cfg = _cfg()
              ^~~~~~
tests\clubbot\cogs\test_transcript_cog_cov_helpers.py:24: error: Expression has
type "Any"  [misc]
    ...og = TranscriptCog(bot=SimpleNamespace(), config=cfg, transcript_servi...
                                                        ^~~
tests\clubbot\cogs\test_transcript_cog_cov_helpers.py:24: error: Argument
"transcript_service" to "TranscriptCog" has incompatible type "SimpleNamespace";
expected "TranscriptService"  [arg-type]
    ...t=SimpleNamespace(), config=cfg, transcript_service=SimpleNamespace())
                                                           ^~~~~~~~~~~~~~~~~
tests\clubbot\cogs\test_transcript_cog_behavior.py:54: error: Dict entry 1 has
incompatible type "str": "File | None"; expected "str":
"dict[str, UnknownJson] | list[UnknownJson] | str | int | float | None" 
[dict-item]
    ...  self._parent.calls.append({"message": content, "file": file, "epheme...
                                                        ^~~~~~~~~~~~
tests\clubbot\cogs\test_transcript_cog_behavior.py:65: error: Function is
missing a return type annotation  [no-untyped-def]
    def make_cfg():
    ^
tests\clubbot\cogs\test_transcript_cog_behavior.py:73: error: Expression type
contains "Any" (has type "Callable[[], Any]")  [misc]
    @pytest.mark.asyncio
     ^
tests\clubbot\cogs\test_transcript_cog_behavior.py:74: error: Function is
missing a return type annotation  [no-untyped-def]
    async def test_transcript_command_always_responds_with_file():
    ^
tests\clubbot\cogs\test_transcript_cog_behavior.py:74: note: Use "-> None" if function does not return a value
tests\clubbot\cogs\test_transcript_cog_behavior.py:74: error: Type of decorated
function contains type "Any" ("Callable[[], Any]")  [misc]
    async def test_transcript_command_always_responds_with_file():
    ^
tests\clubbot\cogs\test_transcript_cog_behavior.py:77: error: Call to untyped
function "make_cfg" in typed context  [no-untyped-call]
        cfg = make_cfg()
              ^~~~~~~~~~
tests\clubbot\cogs\test_transcript_cog_behavior.py:77: error: Expression has
type "Any"  [misc]
        cfg = make_cfg()
              ^~~~~~~~~~
tests\clubbot\cogs\test_transcript_cog_behavior.py:79: error: Expression has
type "Any"  [misc]
        cog = TranscriptCog(bot, cfg, svc)
                                 ^~~
tests\clubbot\cogs\test_transcript_cog_behavior.py:79: error: Argument 3 to
"TranscriptCog" has incompatible type "FakeTranscriptService"; expected
"TranscriptService"  [arg-type]
        cog = TranscriptCog(bot, cfg, svc)
                                      ^~~
tests\clubbot\cogs\test_transcript_cog_behavior.py:81: error: Too many
arguments  [call-arg]
        await cog.transcript.callback(cog, interaction, "https://youtu.be/...
              ^~~~~~~~~~~~~~~~~~~~~~~~~~~~~~~~~~~~~~~~~~~~~~~~~~~~~~~~~~~~...
tests\clubbot\cogs\test_transcript_cog_behavior.py:81: error: Argument 1 has
incompatible type "TranscriptCog"; expected "Interaction[Any]"  [arg-type]
        await cog.transcript.callback(cog, interaction, "https://youtu.be/...
                                      ^~~
tests\clubbot\cogs\test_transcript_cog_behavior.py:81: error: Argument 2 has
incompatible type "FakeInteraction"; expected "Interaction[Any]"  [arg-type]
        await cog.transcript.callback(cog, interaction, "https://youtu.be/...
                                           ^~~~~~~~~~~
tests\clubbot\cogs\test_transcript_cog_behavior.py:81: error: Argument 2 has
incompatible type "FakeInteraction"; expected "str"  [arg-type]
        await cog.transcript.callback(cog, interaction, "https://youtu.be/...
                                           ^~~~~~~~~~~
tests\clubbot\cogs\test_digits_cog_train.py:50: error: Dict entry 1 has
incompatible type "str": "File | None"; expected "str":
"dict[str, UnknownJson] | list[UnknownJson] | str | int | float | None" 
[dict-item]
                {"message": content, "file": file, "embed": embed, "epheme...
                                     ^~~~~~~~~~~~
tests\clubbot\cogs\test_digits_cog_train.py:62: error: Function is missing a
return type annotation  [no-untyped-def]
    def make_cfg(public: bool = False):
    ^
tests\clubbot\cogs\test_digits_cog_train.py:111: error: Expression has type
"Any"  [misc]
        cfg = make_cfg(public=False)
              ^~~~~~~~~~~~~~~~~~~~~~
tests\clubbot\cogs\test_digits_cog_train.py:112: error: Expression has type
"Any"  [misc]
        cog = DigitsCog(bot, cfg, service, enqueuer=None)
                             ^~~
tests\clubbot\cogs\test_digits_cog_train.py:112: error: Argument 3 to
"DigitsCog" has incompatible type "FakeService"; expected "DigitService" 
[arg-type]
        cog = DigitsCog(bot, cfg, service, enqueuer=None)
                                  ^~~~~~~
tests\clubbot\cogs\test_digits_cog_train.py:114: error: Too many arguments 
[call-arg]
        await cog.train.callback(cog, inter)
              ^~~~~~~~~~~~~~~~~~~~~~~~~~~~~~
tests\clubbot\cogs\test_digits_cog_train.py:114: error: Argument 1 has
incompatible type "DigitsCog"; expected "Interaction[Any]"  [arg-type]
        await cog.train.callback(cog, inter)
                                 ^~~
tests\clubbot\cogs\test_digits_cog_train.py:114: error: Argument 2 has
incompatible type "FakeInteraction"; expected "Interaction[Any]"  [arg-type]
        await cog.train.callback(cog, inter)
                                      ^~~~~
tests\clubbot\cogs\test_digits_cog_train.py:124: error: Expression has type
"Any"  [misc]
        cfg = make_cfg(public=False)
              ^~~~~~~~~~~~~~~~~~~~~~
tests\clubbot\cogs\test_digits_cog_train.py:126: error: Expression has type
"Any"  [misc]
        cog = DigitsCog(bot, cfg, service, enqueuer=enq)
                             ^~~
tests\clubbot\cogs\test_digits_cog_train.py:126: error: Argument 3 to
"DigitsCog" has incompatible type "FakeService"; expected "DigitService" 
[arg-type]
        cog = DigitsCog(bot, cfg, service, enqueuer=enq)
                                  ^~~~~~~
tests\clubbot\cogs\test_digits_cog_train.py:128: error: Too many arguments 
[call-arg]
        await cog.train.callback(cog, inter)
              ^~~~~~~~~~~~~~~~~~~~~~~~~~~~~~
tests\clubbot\cogs\test_digits_cog_train.py:128: error: Argument 1 has
incompatible type "DigitsCog"; expected "Interaction[Any]"  [arg-type]
        await cog.train.callback(cog, inter)
                                 ^~~
tests\clubbot\cogs\test_digits_cog_train.py:128: error: Argument 2 has
incompatible type "FakeInteraction"; expected "Interaction[Any]"  [arg-type]
        await cog.train.callback(cog, inter)
                                      ^~~~~
tests\clubbot\cogs\test_digits_cog_train.py:141: error: Expression has type
"Any"  [misc]
        cfg = make_cfg(public=False)
              ^~~~~~~~~~~~~~~~~~~~~~
tests\clubbot\cogs\test_digits_cog_train.py:148: error: Expression has type
"Any"  [misc]
        cog = _Cog(bot, cfg, service, enqueuer=None)
                        ^~~
tests\clubbot\cogs\test_digits_cog_train.py:148: error: Argument 3 to "_Cog"
has incompatible type "FakeService"; expected "DigitService"  [arg-type]
        cog = _Cog(bot, cfg, service, enqueuer=None)
                             ^~~~~~~
tests\clubbot\cogs\test_digits_cog_train.py:150: error: Too many arguments 
[call-arg]
        await cog.train.callback(cog, inter)
              ^~~~~~~~~~~~~~~~~~~~~~~~~~~~~~
tests\clubbot\cogs\test_digits_cog_train.py:150: error: Argument 1 has
incompatible type "_Cog"; expected "Interaction[Any]"  [arg-type]
        await cog.train.callback(cog, inter)
                                 ^~~
tests\clubbot\cogs\test_digits_cog_train.py:150: error: Argument 2 has
incompatible type "FakeInteraction"; expected "Interaction[Any]"  [arg-type]
        await cog.train.callback(cog, inter)
                                      ^~~~~
tests\clubbot\cogs\test_digits_cog_train.py:160: error: Expression has type
"Any"  [misc]
        cfg = make_cfg(public=False)
              ^~~~~~~~~~~~~~~~~~~~~~
tests\clubbot\cogs\test_digits_cog_train.py:162: error: Expression has type
"Any"  [misc]
        cog = DigitsCog(bot, cfg, service, enqueuer=enq)
                             ^~~
tests\clubbot\cogs\test_digits_cog_train.py:162: error: Argument 3 to
"DigitsCog" has incompatible type "FakeService"; expected "DigitService" 
[arg-type]
        cog = DigitsCog(bot, cfg, service, enqueuer=enq)
                                  ^~~~~~~
tests\clubbot\cogs\test_digits_cog_train.py:164: error: Incompatible types in
assignment (expression has type "None", variable has type "SimpleNamespace") 
[assignment]
        inter.user = None  # simulate missing id
                     ^~~~
tests\clubbot\cogs\test_digits_cog_train.py:165: error: Too many arguments 
[call-arg]
        await cog.train.callback(cog, inter)
              ^~~~~~~~~~~~~~~~~~~~~~~~~~~~~~
tests\clubbot\cogs\test_digits_cog_train.py:165: error: Argument 1 has
incompatible type "DigitsCog"; expected "Interaction[Any]"  [arg-type]
        await cog.train.callback(cog, inter)
                                 ^~~
tests\clubbot\cogs\test_digits_cog_train.py:165: error: Argument 2 has
incompatible type "FakeInteraction"; expected "Interaction[Any]"  [arg-type]
        await cog.train.callback(cog, inter)
                                      ^~~~~
tests\clubbot\cogs\test_digits_cog_train.py:175: error: Expression has type
"Any"  [misc]
        cfg = make_cfg(public=False)
              ^~~~~~~~~~~~~~~~~~~~~~
tests\clubbot\cogs\test_digits_cog_train.py:193: error: Expression has type
"Any"  [misc]
        cog = DigitsCog(bot, cfg, service, enqueuer=_BadEnq())
                             ^~~
tests\clubbot\cogs\test_digits_cog_train.py:193: error: Argument 3 to
"DigitsCog" has incompatible type "FakeService"; expected "DigitService" 
[arg-type]
        cog = DigitsCog(bot, cfg, service, enqueuer=_BadEnq())
                                  ^~~~~~~
tests\clubbot\cogs\test_digits_cog_train.py:195: error: Too many arguments 
[call-arg]
        await cog.train.callback(cog, inter)
              ^~~~~~~~~~~~~~~~~~~~~~~~~~~~~~
tests\clubbot\cogs\test_digits_cog_train.py:195: error: Argument 1 has
incompatible type "DigitsCog"; expected "Interaction[Any]"  [arg-type]
        await cog.train.callback(cog, inter)
                                 ^~~
tests\clubbot\cogs\test_digits_cog_train.py:195: error: Argument 2 has
incompatible type "FakeInteraction"; expected "Interaction[Any]"  [arg-type]
        await cog.train.callback(cog, inter)
                                      ^~~~~
tests\clubbot\cogs\test_digits_cog_subscriber_start_stop.py:27: error: Argument
"service" to "DigitsCog" has incompatible type "SimpleNamespace"; expected
"DigitService"  [arg-type]
            service=SimpleNamespace(max_image_bytes=128),
                    ^~~~~~~~~~~~~~~~~~~~~~~~~~~~~~~~~~~~
tests\clubbot\cogs\test_digits_cog_subscriber_none.py:27: error: Argument
"service" to "DigitsCog" has incompatible type "SimpleNamespace"; expected
"DigitService"  [arg-type]
    ...tsCog(bot=SimpleNamespace(), config=cfg, service=SimpleNamespace(max_i...
                                                        ^~~~~~~~~~~~~~~~~~~~~...
tests\clubbot\cogs\test_digits_cog_rq_wiring.py:14: error: Function is missing
a return type annotation  [no-untyped-def]
        async def fetch_user(self, user_id: int):
        ^
tests\clubbot\cogs\test_digits_cog_rq_wiring.py:15: error: Expression type
contains "Any" (has type "Callable[[VarArg(Any), KwArg(Any)], None]")  [misc]
            return SimpleNamespace(send=lambda *a, **k: None)
                                        ^
tests\clubbot\cogs\test_digits_cog_rq_wiring.py:23: error: Function is missing
a return type annotation  [no-untyped-def]
    def _cfg():
    ^
tests\clubbot\cogs\test_digits_cog_rq_wiring.py:64: error: Call to untyped
function "_cfg" in typed context  [no-untyped-call]
        cfg = _cfg()
              ^~~~~~
tests\clubbot\cogs\test_digits_cog_rq_wiring.py:64: error: Expression has type
"Any"  [misc]
        cfg = _cfg()
              ^~~~~~
tests\clubbot\cogs\test_digits_cog_rq_wiring.py:66: error: Expression has type
"Any"  [misc]
        _ = DigitsCog(bot, cfg, svc)
                           ^~~
tests\clubbot\cogs\test_digits_cog_rq_wiring.py:66: error: Argument 3 to
"DigitsCog" has incompatible type "_FakeService"; expected "DigitService" 
[arg-type]
        _ = DigitsCog(bot, cfg, svc)
                                ^~~
tests\clubbot\cogs\test_digits_cog_rq_wiring.py:68: error: Module
"clubbot.cogs.digits" does not explicitly export attribute
"DEFAULT_DIGITS_EVENTS_CHANNEL"  [attr-defined]
        assert created.get("events_channel") == digits_mod.DEFAULT_DIGITS_...
                                                ^~~~~~~~~~~~~~~~~~~~~~~~~~...
tests\clubbot\cogs\test_digits_cog_paths.py:17: error: Expression type contains
"Any" (has type "Callable[[KwArg(Any)], None]")  [misc]
    ...sponse = SimpleNamespace(is_done=lambda: True, defer=lambda **_: None)
                                                            ^
tests\clubbot\cogs\test_digits_cog_paths.py:42: error: Function is missing a
return type annotation  [no-untyped-def]
        async def read_image(self, **_kw: UnknownJson):
        ^
tests\clubbot\cogs\test_digits_cog_paths.py:48: error: Function is missing a
return type annotation  [no-untyped-def]
    def _cfg():
    ^
tests\clubbot\cogs\test_digits_cog_paths.py:61: error: Signature of
"_ack_interaction" incompatible with supertype "clubbot.cogs.digits.DigitsCog" 
[override]
            async def _ack_interaction(self, *_: UnknownJson, **__: Unknow...
            ^
tests\clubbot\cogs\test_digits_cog_paths.py:61: note:      Superclass:
tests\clubbot\cogs\test_digits_cog_paths.py:61: note:          def _ack_interaction(self, interaction: Interaction[Client]) -> Coroutine[Any, Any, bool]
tests\clubbot\cogs\test_digits_cog_paths.py:61: note:      Subclass:
tests\clubbot\cogs\test_digits_cog_paths.py:61: note:          def _ack_interaction(self, *_: UnknownJson, **__: UnknownJson) -> Coroutine[Any, Any, bool]
tests\clubbot\cogs\test_digits_cog_paths.py:65: error: Call to untyped function
"_cfg" in typed context  [no-untyped-call]
        cfg = _cfg()
              ^~~~~~
tests\clubbot\cogs\test_digits_cog_paths.py:65: error: Expression has type
"Any"  [misc]
        cfg = _cfg()
              ^~~~~~
tests\clubbot\cogs\test_digits_cog_paths.py:66: error: Expression has type
"Any"  [misc]
        cog = _Cog(bot=SimpleNamespace(), config=cfg, service=_FakeService...
                                                 ^~~
tests\clubbot\cogs\test_digits_cog_paths.py:66: error: Argument "service" to
"_Cog" has incompatible type "_FakeService"; expected "DigitService"  [arg-type]
    ... cog = _Cog(bot=SimpleNamespace(), config=cfg, service=_FakeService())
                                                              ^~~~~~~~~~~~~~
tests\clubbot\cogs\test_digits_cog_paths.py:67: error: Too many arguments 
[call-arg]
        await cog.read.callback(cog, inter, SimpleNamespace())  # returns ...
              ^~~~~~~~~~~~~~~~~~~~~~~~~~~~~~~~~~~~~~~~~~~~~~~~
tests\clubbot\cogs\test_digits_cog_paths.py:67: error: Argument 1 has
incompatible type "_Cog"; expected "Interaction[Any]"  [arg-type]
        await cog.read.callback(cog, inter, SimpleNamespace())  # returns ...
                                ^~~
tests\clubbot\cogs\test_digits_cog_paths.py:67: error: Argument 2 has
incompatible type "_FakeInteraction"; expected "Interaction[Any]"  [arg-type]
        await cog.read.callback(cog, inter, SimpleNamespace())  # returns ...
                                     ^~~~~
tests\clubbot\cogs\test_digits_cog_paths.py:67: error: Argument 2 has
incompatible type "_FakeInteraction"; expected "Attachment"  [arg-type]
        await cog.read.callback(cog, inter, SimpleNamespace())  # returns ...
                                     ^~~~~
tests\clubbot\cogs\test_digits_cog_paths.py:67: error: Argument 3 has
incompatible type "SimpleNamespace"; expected "Attachment"  [arg-type]
        await cog.read.callback(cog, inter, SimpleNamespace())  # returns ...
                                            ^~~~~~~~~~~~~~~~~
tests\clubbot\cogs\test_digits_cog_paths.py:75: error: Function is missing a
type annotation for one or more arguments  [no-untyped-def]
            async def handle_user_error(self, interaction, log, message: s...
            ^
tests\clubbot\cogs\test_digits_cog_paths.py:79: error: "_FakeInteraction" has
no attribute "user"  [attr-defined]
        inter.user = SimpleNamespace()  # missing id
        ^~~~~~~~~~
tests\clubbot\cogs\test_digits_cog_paths.py:80: error: Call to untyped function
"_cfg" in typed context  [no-untyped-call]
        cfg = _cfg()
              ^~~~~~
tests\clubbot\cogs\test_digits_cog_paths.py:80: error: Expression has type
"Any"  [misc]
        cfg = _cfg()
              ^~~~~~
tests\clubbot\cogs\test_digits_cog_paths.py:81: error: Expression has type
"Any"  [misc]
        cog = _Cog(bot=SimpleNamespace(), config=cfg, service=_FakeService...
                                                 ^~~
tests\clubbot\cogs\test_digits_cog_paths.py:81: error: Argument "service" to
"_Cog" has incompatible type "_FakeService"; expected "DigitService"  [arg-type]
    ... cog = _Cog(bot=SimpleNamespace(), config=cfg, service=_FakeService())
                                                              ^~~~~~~~~~~~~~
tests\clubbot\cogs\test_digits_cog_paths.py:82: error: Too many arguments 
[call-arg]
        await cog.read.callback(cog, inter, SimpleNamespace())
              ^~~~~~~~~~~~~~~~~~~~~~~~~~~~~~~~~~~~~~~~~~~~~~~~
tests\clubbot\cogs\test_digits_cog_paths.py:82: error: Argument 1 has
incompatible type "_Cog"; expected "Interaction[Any]"  [arg-type]
        await cog.read.callback(cog, inter, SimpleNamespace())
                                ^~~
tests\clubbot\cogs\test_digits_cog_paths.py:82: error: Argument 2 has
incompatible type "_FakeInteraction"; expected "Interaction[Any]"  [arg-type]
        await cog.read.callback(cog, inter, SimpleNamespace())
                                     ^~~~~
tests\clubbot\cogs\test_digits_cog_paths.py:82: error: Argument 2 has
incompatible type "_FakeInteraction"; expected "Attachment"  [arg-type]
        await cog.read.callback(cog, inter, SimpleNamespace())
                                     ^~~~~
tests\clubbot\cogs\test_digits_cog_paths.py:82: error: Argument 3 has
incompatible type "SimpleNamespace"; expected "Attachment"  [arg-type]
        await cog.read.callback(cog, inter, SimpleNamespace())
                                            ^~~~~~~~~~~~~~~~~
tests\clubbot\cogs\test_digits_cog_paths.py:91: error: Function is missing a
type annotation for one or more arguments  [no-untyped-def]
            async def handle_user_error(self, interaction, log, message: s...
            ^
tests\clubbot\cogs\test_digits_cog_paths.py:94: error: Function is missing a
type annotation for one or more arguments  [no-untyped-def]
            async def handle_exception(self, interaction, log, exc: Except...
            ^
tests\clubbot\cogs\test_digits_cog_paths.py:97: error: Call to untyped function
"_cfg" in typed context  [no-untyped-call]
        cfg = _cfg()
              ^~~~~~
tests\clubbot\cogs\test_digits_cog_paths.py:97: error: Expression has type
"Any"  [misc]
        cfg = _cfg()
              ^~~~~~
tests\clubbot\cogs\test_digits_cog_paths.py:100: error: "_FakeInteraction" has
no attribute "user"  [attr-defined]
        inter.user = SimpleNamespace(id=1)
        ^~~~~~~~~~
tests\clubbot\cogs\test_digits_cog_paths.py:102: error: Expression has type
"Any"  [misc]
        cog = _Cog(bot=SimpleNamespace(), config=cfg, service=svc)
                                                 ^~~
tests\clubbot\cogs\test_digits_cog_paths.py:102: error: Argument "service" to
"_Cog" has incompatible type "_FakeService"; expected "DigitService"  [arg-type]
        cog = _Cog(bot=SimpleNamespace(), config=cfg, service=svc)
                                                              ^~~
tests\clubbot\cogs\test_digits_cog_paths.py:108: error: Too many arguments 
[call-arg]
        await cog.read.callback(
              ^
tests\clubbot\cogs\test_digits_cog_paths.py:109: error: Argument 1 has
incompatible type "_Cog"; expected "Interaction[Any]"  [arg-type]
            cog,
            ^~~
tests\clubbot\cogs\test_digits_cog_paths.py:110: error: Argument 2 has
incompatible type "_FakeInteraction"; expected "Interaction[Any]"  [arg-type]
            inter,
            ^~~~~
tests\clubbot\cogs\test_digits_cog_paths.py:110: error: Argument 2 has
incompatible type "_FakeInteraction"; expected "Attachment"  [arg-type]
            inter,
            ^~~~~
tests\clubbot\cogs\test_digits_cog_paths.py:111: error: Argument 3 has
incompatible type "SimpleNamespace"; expected "Attachment"  [arg-type]
            SimpleNamespace(content_type="image/png", filename="x", read=_...
            ^~~~~~~~~~~~~~~~~~~~~~~~~~~~~~~~~~~~~~~~~~~~~~~~~~~~~~~~~~~~~~...
tests\clubbot\cogs\test_digits_cog_paths.py:119: error: Too many arguments 
[call-arg]
        await cog.read.callback(
              ^
tests\clubbot\cogs\test_digits_cog_paths.py:120: error: Argument 1 has
incompatible type "_Cog"; expected "Interaction[Any]"  [arg-type]
            cog,
            ^~~
tests\clubbot\cogs\test_digits_cog_paths.py:121: error: Argument 2 has
incompatible type "_FakeInteraction"; expected "Interaction[Any]"  [arg-type]
            inter,
            ^~~~~
tests\clubbot\cogs\test_digits_cog_paths.py:121: error: Argument 2 has
incompatible type "_FakeInteraction"; expected "Attachment"  [arg-type]
            inter,
            ^~~~~
tests\clubbot\cogs\test_digits_cog_paths.py:122: error: Argument 3 has
incompatible type "SimpleNamespace"; expected "Attachment"  [arg-type]
            SimpleNamespace(content_type="image/png", filename="x", read=_...
            ^~~~~~~~~~~~~~~~~~~~~~~~~~~~~~~~~~~~~~~~~~~~~~~~~~~~~~~~~~~~~~...
tests\clubbot\cogs\test_digits_cog_paths.py:126: error: Too many arguments 
[call-arg]
        await cog.read.callback(
              ^
tests\clubbot\cogs\test_digits_cog_paths.py:127: error: Argument 1 has
incompatible type "_Cog"; expected "Interaction[Any]"  [arg-type]
            cog,
            ^~~
tests\clubbot\cogs\test_digits_cog_paths.py:128: error: Argument 2 has
incompatible type "_FakeInteraction"; expected "Interaction[Any]"  [arg-type]
            inter,
            ^~~~~
tests\clubbot\cogs\test_digits_cog_paths.py:128: error: Argument 2 has
incompatible type "_FakeInteraction"; expected "Attachment"  [arg-type]
            inter,
            ^~~~~
tests\clubbot\cogs\test_digits_cog_paths.py:129: error: Argument 3 has
incompatible type "SimpleNamespace"; expected "Attachment"  [arg-type]
            SimpleNamespace(content_type="image/png", filename="x", read=_...
            ^~~~~~~~~~~~~~~~~~~~~~~~~~~~~~~~~~~~~~~~~~~~~~~~~~~~~~~~~~~~~~...
tests\clubbot\cogs\test_digits_cog_paths.py:135: error: Call to untyped
function "_cfg" in typed context  [no-untyped-call]
        cfg = _cfg()
              ^~~~~~
tests\clubbot\cogs\test_digits_cog_paths.py:135: error: Expression has type
"Any"  [misc]
        cfg = _cfg()
              ^~~~~~
tests\clubbot\cogs\test_digits_cog_paths.py:136: error: Expression has type
"Any"  [misc]
    ...   cog = DigitsCog(bot=SimpleNamespace(), config=cfg, service=_FakeSer...
                                                        ^~~
tests\clubbot\cogs\test_digits_cog_paths.py:136: error: Argument "service" to
"DigitsCog" has incompatible type "_FakeService"; expected "DigitService" 
[arg-type]
    ...= DigitsCog(bot=SimpleNamespace(), config=cfg, service=_FakeService())
                                                              ^~~~~~~~~~~~~~
tests\clubbot\cogs\test_digits_cog_paths.py:137: error: "DigitsCog" has no
attribute "_extract_int_attr"  [attr-defined]
        assert cog._extract_int_attr(None, "id") is None
               ^~~~~~~~~~~~~~~~~~~~~
tests\clubbot\cogs\test_digits_cog_paths.py:137: error: Expression has type
"Any"  [misc]
        assert cog._extract_int_attr(None, "id") is None
               ^~~~~~~~~~~~~~~~~~~~~~~~~~~~~~~~~
tests\clubbot\cogs\test_digits_cog_paths.py:144: error: Expression has type
"Any"  [misc]
        att = _A(size=(cfg.DIGITS_MAX_IMAGE_MB * 1024 * 1024) + 1)
                      ^~~~~~~~~~~~~~~~~~~~~~~~~~~~~~~~~~~~~~~~~~~
tests\clubbot\cogs\test_digits_cog_paths.py:145: error: Expression type
contains "Any" (has type "RaisesExc[Any]")  [misc]
        with pytest.raises(digits_mod.UserInputError):
             ^~~~~~~~~~~~~~~~~~~~~~~~~~~~~~~~~~~~~~~~
tests\clubbot\cogs\test_digits_cog_paths.py:145: error: Module has no attribute
"UserInputError"  [attr-defined]
        with pytest.raises(digits_mod.UserInputError):
                           ^~~~~~~~~~~~~~~~~~~~~~~~~
tests\clubbot\cogs\test_digits_cog_paths.py:145: error: Expression has type
"Any"  [misc]
        with pytest.raises(digits_mod.UserInputError):
                           ^~~~~~~~~~~~~~~~~~~~~~~~~
tests\clubbot\cogs\test_digits_cog_paths.py:146: error: Argument 1 to
"_validate_attachment" of "DigitsCog" has incompatible type "_A"; expected
"Attachment"  [arg-type]
            cog._validate_attachment(att)
                                     ^~~
tests\clubbot\cogs\test_digits_cog_events_error.py:19: error: Function is
missing a return type annotation  [no-untyped-def]
    def _cfg():
    ^
tests\clubbot\cogs\test_digits_cog_events_error.py:33: error: Expression has
type "Any"  [misc]
            __import__("sys").modules,
            ^~~~~~~~~~~~~~~~~~~~~~~~~
tests\clubbot\cogs\test_digits_cog_events_error.py:39: error: Call to untyped
function "_cfg" in typed context  [no-untyped-call]
        cfg = _cfg()
              ^~~~~~
tests\clubbot\cogs\test_digits_cog_events_error.py:39: error: Expression has
type "Any"  [misc]
        cfg = _cfg()
              ^~~~~~
tests\clubbot\cogs\test_digits_cog_events_error.py:42: error: Expression has
type "Any"  [misc]
        _ = DigitsCog(bot, cfg, svc)
                           ^~~
tests\clubbot\cogs\test_digits_cog_events_error.py:42: error: Argument 3 to
"DigitsCog" has incompatible type "_FakeService"; expected "DigitService" 
[arg-type]
        _ = DigitsCog(bot, cfg, svc)
                                ^~~
tests\clubbot\cogs\test_digits_cog_edges.py:29: error: Expression type contains
"Any" (has type "Callable[[VarArg(Any), KwArg(Any)], None]")  [misc]
            self.followup = SimpleNamespace(send=lambda *a, **k: None)
                                                 ^
tests\clubbot\cogs\test_digits_cog_edges.py:32: error: Function is missing a
return type annotation  [no-untyped-def]
    def _cfg(public: bool = False):
    ^
tests\clubbot\cogs\test_digits_cog_edges.py:57: error: Expression has type
"Any"  [misc]
        cfg = _cfg()
              ^~~~~~
tests\clubbot\cogs\test_digits_cog_edges.py:59: error: Expression has type
"Any"  [misc]
        cog = DigitsCog(bot, cfg, svc)
                             ^~~
tests\clubbot\cogs\test_digits_cog_edges.py:59: error: Argument 3 to
"DigitsCog" has incompatible type "_Svc"; expected "DigitService"  [arg-type]
        cog = DigitsCog(bot, cfg, svc)
                                  ^~~
tests\clubbot\cogs\test_digits_cog_edges.py:61: error: Argument 1 to
"_ack_interaction" of "DigitsCog" has incompatible type "_Inter"; expected
"Interaction[Client]"  [arg-type]
        ok = await cog._ack_interaction(inter)
                                        ^~~~~
tests\clubbot\cogs\test_digits_cog_edges.py:70: error: Expression type contains
"Any" (has type "dict[str, Any]")  [misc]
    ...(HTTPException=_FakeHTTPError, NotFound=type("NF", (Exception,), {})),
                                                                        ^~
tests\clubbot\cogs\test_digits_cog_edges.py:74: error: Expression has type
"Any"  [misc]
        cfg = _cfg()
              ^~~~~~
tests\clubbot\cogs\test_digits_cog_edges.py:76: error: Expression has type
"Any"  [misc]
        cog = DigitsCog(bot, cfg, svc)
                             ^~~
tests\clubbot\cogs\test_digits_cog_edges.py:76: error: Argument 3 to
"DigitsCog" has incompatible type "_Svc"; expected "DigitService"  [arg-type]
        cog = DigitsCog(bot, cfg, svc)
                                  ^~~
tests\clubbot\cogs\test_digits_cog_edges.py:78: error: Argument 1 to
"_ack_interaction" of "DigitsCog" has incompatible type "_Inter"; expected
"Interaction[Client]"  [arg-type]
        ok = await cog._ack_interaction(inter)
                                        ^~~~~
tests\clubbot\cogs\test_digits_cog_edges.py:87: error: Expression type contains
"Any" (has type "dict[str, Any]")  [misc]
    ...(HTTPException=_FakeHTTPError, NotFound=type("NF", (Exception,), {})),
                                                                        ^~
tests\clubbot\cogs\test_digits_cog_edges.py:91: error: Expression has type
"Any"  [misc]
        cfg = _cfg()
              ^~~~~~
tests\clubbot\cogs\test_digits_cog_edges.py:93: error: Expression has type
"Any"  [misc]
        cog = DigitsCog(bot, cfg, svc)
                             ^~~
tests\clubbot\cogs\test_digits_cog_edges.py:93: error: Argument 3 to
"DigitsCog" has incompatible type "_Svc"; expected "DigitService"  [arg-type]
        cog = DigitsCog(bot, cfg, svc)
                                  ^~~
tests\clubbot\cogs\test_digits_cog_edges.py:95: error: Argument 1 to
"_ack_interaction" of "DigitsCog" has incompatible type "_Inter"; expected
"Interaction[Client]"  [arg-type]
        ok = await cog._ack_interaction(inter)
                                        ^~~~~
tests\clubbot\cogs\test_digits_cog_edges.py:105: error: Function is missing a
type annotation for one or more arguments  [no-untyped-def]
            async def handle_user_error(self, interaction, log, message: s...
            ^
tests\clubbot\cogs\test_digits_cog_edges.py:108: error: Function is missing a
type annotation for one or more arguments  [no-untyped-def]
            async def handle_exception(self, interaction, log, exc: Except...
            ^
tests\clubbot\cogs\test_digits_cog_edges.py:112: error: Expression has type
"Any"  [misc]
        cfg = _cfg()
              ^~~~~~
tests\clubbot\cogs\test_digits_cog_edges.py:114: error: Expression has type
"Any"  [misc]
        cog = _Cog(bot, cfg, svc)
                        ^~~
tests\clubbot\cogs\test_digits_cog_edges.py:114: error: Argument 3 to "_Cog"
has incompatible type "_Svc"; expected "DigitService"  [arg-type]
        cog = _Cog(bot, cfg, svc)
                             ^~~
tests\clubbot\cogs\test_digits_cog_edges.py:120: error: Cannot find
implementation or library stub for module named "clubbot.utils.errors" 
[import-not-found]
        from clubbot.utils.errors import UserInputError
    ^
tests\clubbot\cogs\test_digits_cog_edges.py:120: note: See https://mypy.readthedocs.io/en/stable/running_mypy.html#missing-imports
tests\clubbot\cogs\test_digits_cog_edges.py:122: error: Expression type
contains "Any" (has type "RaisesExc[Any]")  [misc]
        with pytest.raises(UserInputError) as exc:
             ^~~~~~~~~~~~~~~~~~~~~~~~~~~~~
tests\clubbot\cogs\test_digits_cog_edges.py:122: error: Expression type
contains "Any" (has type "ExceptionInfo[Any]")  [misc]
        with pytest.raises(UserInputError) as exc:
             ^
tests\clubbot\cogs\test_digits_cog_edges.py:122: error: Expression has type
"Any"  [misc]
        with pytest.raises(UserInputError) as exc:
                           ^~~~~~~~~~~~~~
tests\clubbot\cogs\test_digits_cog_edges.py:123: error: Argument 1 to
"_validate_attachment" of "DigitsCog" has incompatible type "SimpleNamespace";
expected "Attachment"  [arg-type]
            cog._validate_attachment(att)
                                     ^~~
tests\clubbot\cogs\test_digits_cog_edges.py:124: error: Expression type
contains "Any" (has type "ExceptionInfo[Any]")  [misc]
        await cog.handle_user_error(inter, log, str(exc.value))
                                                    ^~~
tests\clubbot\cogs\test_digits_cog_edges.py:124: error: Expression has type
"Any"  [misc]
        await cog.handle_user_error(inter, log, str(exc.value))
                                                    ^~~~~~~~~
tests\clubbot\cogs\test_digits_cog_behavior.py:69: error: Dict entry 1 has
incompatible type "str": "File | None"; expected "str":
"dict[str, UnknownJson] | list[UnknownJson] | str | int | float | None" 
[dict-item]
    ...  self._parent.calls.append({"message": content, "file": file, "epheme...
                                                        ^~~~~~~~~~~~
tests\clubbot\cogs\test_digits_cog_behavior.py:80: error: Function is missing a
return type annotation  [no-untyped-def]
    def make_cfg(public: bool = True, limit: int = 5, window: int = 60):
    ^
tests\clubbot\cogs\test_digits_cog_behavior.py:101: error: Expression has type
"Any"  [misc]
        cfg = make_cfg(public=True)
              ^~~~~~~~~~~~~~~~~~~~~
tests\clubbot\cogs\test_digits_cog_behavior.py:102: error: Expression has type
"Any"  [misc]
        cog = DigitsCog(bot, cfg, service)
                             ^~~
tests\clubbot\cogs\test_digits_cog_behavior.py:102: error: Argument 3 to
"DigitsCog" has incompatible type "FakeService"; expected "DigitService" 
[arg-type]
        cog = DigitsCog(bot, cfg, service)
                                  ^~~~~~~
tests\clubbot\cogs\test_digits_cog_behavior.py:105: error: Too many arguments 
[call-arg]
        await cog.read.callback(cog, inter, att)
              ^~~~~~~~~~~~~~~~~~~~~~~~~~~~~~~~~~
tests\clubbot\cogs\test_digits_cog_behavior.py:105: error: Argument 1 has
incompatible type "DigitsCog"; expected "Interaction[Any]"  [arg-type]
        await cog.read.callback(cog, inter, att)
                                ^~~
tests\clubbot\cogs\test_digits_cog_behavior.py:105: error: Argument 2 has
incompatible type "FakeInteraction"; expected "Interaction[Any]"  [arg-type]
        await cog.read.callback(cog, inter, att)
                                     ^~~~~
tests\clubbot\cogs\test_digits_cog_behavior.py:105: error: Argument 2 has
incompatible type "FakeInteraction"; expected "Attachment"  [arg-type]
        await cog.read.callback(cog, inter, att)
                                     ^~~~~
tests\clubbot\cogs\test_digits_cog_behavior.py:105: error: Argument 3 has
incompatible type "FakeAttachment"; expected "Attachment"  [arg-type]
        await cog.read.callback(cog, inter, att)
                                            ^~~
tests\clubbot\cogs\test_digits_cog_behavior.py:114: error: Expression has type
"Any"  [misc]
        cfg = make_cfg()
              ^~~~~~~~~~
tests\clubbot\cogs\test_digits_cog_behavior.py:115: error: Expression has type
"Any"  [misc]
        cog = DigitsCog(bot, cfg, service)
                             ^~~
tests\clubbot\cogs\test_digits_cog_behavior.py:115: error: Argument 3 to
"DigitsCog" has incompatible type "FakeService"; expected "DigitService" 
[arg-type]
        cog = DigitsCog(bot, cfg, service)
                                  ^~~~~~~
tests\clubbot\cogs\test_digits_cog_behavior.py:118: error: Too many arguments 
[call-arg]
        await cog.read.callback(cog, inter, att)
              ^~~~~~~~~~~~~~~~~~~~~~~~~~~~~~~~~~
tests\clubbot\cogs\test_digits_cog_behavior.py:118: error: Argument 1 has
incompatible type "DigitsCog"; expected "Interaction[Any]"  [arg-type]
        await cog.read.callback(cog, inter, att)
                                ^~~
tests\clubbot\cogs\test_digits_cog_behavior.py:118: error: Argument 2 has
incompatible type "FakeInteraction"; expected "Interaction[Any]"  [arg-type]
        await cog.read.callback(cog, inter, att)
                                     ^~~~~
tests\clubbot\cogs\test_digits_cog_behavior.py:118: error: Argument 2 has
incompatible type "FakeInteraction"; expected "Attachment"  [arg-type]
        await cog.read.callback(cog, inter, att)
                                     ^~~~~
tests\clubbot\cogs\test_digits_cog_behavior.py:118: error: Argument 3 has
incompatible type "FakeAttachment"; expected "Attachment"  [arg-type]
        await cog.read.callback(cog, inter, att)
                                            ^~~
tests\clubbot\cogs\test_digits_cog_behavior.py:128: error: Expression has type
"Any"  [misc]
        cfg = make_cfg(limit=1, window=1)
              ^~~~~~~~~~~~~~~~~~~~~~~~~~~
tests\clubbot\cogs\test_digits_cog_behavior.py:129: error: Expression has type
"Any"  [misc]
        cog = DigitsCog(bot, cfg, service)
                             ^~~
tests\clubbot\cogs\test_digits_cog_behavior.py:129: error: Argument 3 to
"DigitsCog" has incompatible type "FakeService"; expected "DigitService" 
[arg-type]
        cog = DigitsCog(bot, cfg, service)
                                  ^~~~~~~
tests\clubbot\cogs\test_digits_cog_behavior.py:132: error: Too many arguments 
[call-arg]
        await cog.read.callback(cog, inter, att)
              ^~~~~~~~~~~~~~~~~~~~~~~~~~~~~~~~~~
tests\clubbot\cogs\test_digits_cog_behavior.py:132: error: Argument 1 has
incompatible type "DigitsCog"; expected "Interaction[Any]"  [arg-type]
        await cog.read.callback(cog, inter, att)
                                ^~~
tests\clubbot\cogs\test_digits_cog_behavior.py:132: error: Argument 2 has
incompatible type "FakeInteraction"; expected "Interaction[Any]"  [arg-type]
        await cog.read.callback(cog, inter, att)
                                     ^~~~~
tests\clubbot\cogs\test_digits_cog_behavior.py:132: error: Argument 2 has
incompatible type "FakeInteraction"; expected "Attachment"  [arg-type]
        await cog.read.callback(cog, inter, att)
                                     ^~~~~
tests\clubbot\cogs\test_digits_cog_behavior.py:132: error: Argument 3 has
incompatible type "FakeAttachment"; expected "Attachment"  [arg-type]
        await cog.read.callback(cog, inter, att)
                                            ^~~
tests\clubbot\cogs\test_digits_cog_behavior.py:133: error: Too many arguments 
[call-arg]
        await cog.read.callback(cog, inter, att)
              ^~~~~~~~~~~~~~~~~~~~~~~~~~~~~~~~~~
tests\clubbot\cogs\test_digits_cog_behavior.py:133: error: Argument 1 has
incompatible type "DigitsCog"; expected "Interaction[Any]"  [arg-type]
        await cog.read.callback(cog, inter, att)
                                ^~~
tests\clubbot\cogs\test_digits_cog_behavior.py:133: error: Argument 2 has
incompatible type "FakeInteraction"; expected "Interaction[Any]"  [arg-type]
        await cog.read.callback(cog, inter, att)
                                     ^~~~~
tests\clubbot\cogs\test_digits_cog_behavior.py:133: error: Argument 2 has
incompatible type "FakeInteraction"; expected "Attachment"  [arg-type]
        await cog.read.callback(cog, inter, att)
                                     ^~~~~
tests\clubbot\cogs\test_digits_cog_behavior.py:133: error: Argument 3 has
incompatible type "FakeAttachment"; expected "Attachment"  [arg-type]
        await cog.read.callback(cog, inter, att)
                                            ^~~
tests\clubbot\cogs\test_digits_cog_behavior.py:145: error: Argument 1 to
"__init__" of "DigitsCog" has incompatible type "*tuple[UnknownJson, ...]";
expected "BotProto"  [arg-type]
                super().__init__(*a, **k)
                                  ^
tests\clubbot\cogs\test_digits_cog_behavior.py:145: error: Argument 1 to
"__init__" of "DigitsCog" has incompatible type "*tuple[UnknownJson, ...]";
expected "DiscordbotSettings"  [arg-type]
                super().__init__(*a, **k)
                                  ^
tests\clubbot\cogs\test_digits_cog_behavior.py:145: error: Argument 1 to
"__init__" of "DigitsCog" has incompatible type "*tuple[UnknownJson, ...]";
expected "DigitService"  [arg-type]
                super().__init__(*a, **k)
                                  ^
tests\clubbot\cogs\test_digits_cog_behavior.py:145: error: Argument 1 to
"__init__" of "DigitsCog" has incompatible type "*tuple[UnknownJson, ...]";
expected "DigitsEnqueuer | None"  [arg-type]
                super().__init__(*a, **k)
                                  ^
tests\clubbot\cogs\test_digits_cog_behavior.py:145: error: Argument 2 to
"__init__" of "DigitsCog" has incompatible type "**dict[str, UnknownJson]";
expected "BotProto"  [arg-type]
                super().__init__(*a, **k)
                                       ^
tests\clubbot\cogs\test_digits_cog_behavior.py:145: error: Argument 2 to
"__init__" of "DigitsCog" has incompatible type "**dict[str, UnknownJson]";
expected "DiscordbotSettings"  [arg-type]
                super().__init__(*a, **k)
                                       ^
tests\clubbot\cogs\test_digits_cog_behavior.py:145: error: Argument 2 to
"__init__" of "DigitsCog" has incompatible type "**dict[str, UnknownJson]";
expected "DigitService"  [arg-type]
                super().__init__(*a, **k)
                                       ^
tests\clubbot\cogs\test_digits_cog_behavior.py:145: error: Argument 2 to
"__init__" of "DigitsCog" has incompatible type "**dict[str, UnknownJson]";
expected "DigitsEnqueuer | None"  [arg-type]
                super().__init__(*a, **k)
                                       ^
tests\clubbot\cogs\test_digits_cog_behavior.py:145: error: Argument 2 to
"__init__" of "DigitsCog" has incompatible type "**dict[str, UnknownJson]";
expected "bool"  [arg-type]
                super().__init__(*a, **k)
                                       ^
tests\clubbot\cogs\test_digits_cog_behavior.py:149: error: Function is missing
a type annotation for one or more arguments  [no-untyped-def]
            async def handle_user_error(self, interaction, log, message: s...
            ^
tests\clubbot\cogs\test_digits_cog_behavior.py:154: error: Expression has type
"Any"  [misc]
        cfg = make_cfg(public=True)
              ^~~~~~~~~~~~~~~~~~~~~
tests\clubbot\cogs\test_digits_cog_behavior.py:155: error: Argument 1 to "_Cog"
has incompatible type "Bot"; expected "UnknownJson"  [arg-type]
        cog = _Cog(bot, cfg, service)
                   ^~~
tests\clubbot\cogs\test_digits_cog_behavior.py:155: error: Expression has type
"Any"  [misc]
        cog = _Cog(bot, cfg, service)
                        ^~~
tests\clubbot\cogs\test_digits_cog_behavior.py:155: error: Argument 3 to "_Cog"
has incompatible type "FakeService"; expected "UnknownJson"  [arg-type]
        cog = _Cog(bot, cfg, service)
                             ^~~~~~~
tests\clubbot\cogs\test_digits_cog_behavior.py:158: error: Too many arguments 
[call-arg]
        await cog.read.callback(cog, inter, att)
              ^~~~~~~~~~~~~~~~~~~~~~~~~~~~~~~~~~
tests\clubbot\cogs\test_digits_cog_behavior.py:158: error: Argument 1 has
incompatible type "_Cog"; expected "Interaction[Any]"  [arg-type]
        await cog.read.callback(cog, inter, att)
                                ^~~
tests\clubbot\cogs\test_digits_cog_behavior.py:158: error: Argument 2 has
incompatible type "FakeInteraction"; expected "Interaction[Any]"  [arg-type]
        await cog.read.callback(cog, inter, att)
                                     ^~~~~
tests\clubbot\cogs\test_digits_cog_behavior.py:158: error: Argument 2 has
incompatible type "FakeInteraction"; expected "Attachment"  [arg-type]
        await cog.read.callback(cog, inter, att)
                                     ^~~~~
tests\clubbot\cogs\test_digits_cog_behavior.py:158: error: Argument 3 has
incompatible type "FakeAttachment"; expected "Attachment"  [arg-type]
        await cog.read.callback(cog, inter, att)
                                            ^~~
tests\clubbot\test_container_from_env_provider_branch.py:6: error: Function is
missing a type annotation  [no-untyped-def]
    def test_container_from_env_transcript_provider_stt(monkeypatch):
    ^
tests\clubbot\test_container_from_env_provider_branch.py:7: error: Expression
has type "Any"  [misc]
        monkeypatch.setenv("DISCORD_TOKEN", "x")
        ^~~~~~~~~~~
tests\clubbot\test_container_from_env_provider_branch.py:8: error: Expression
has type "Any"  [misc]
        monkeypatch.setenv("TRANSCRIPT_PROVIDER", "stt")
        ^~~~~~~~~~~
tests\clubbot\test_container_branches.py:10: error: Expression type contains
"Any" (has type "Callable[[Any, Any], Coroutine[Any, Any, None]]")  [misc]
    @pytest.mark.asyncio
     ^
tests\clubbot\test_container_branches.py:11: error: Function is missing a type
annotation for one or more arguments  [no-untyped-def]
    async def test_container_digits_wiring(tmp_path, monkeypatch) -> None:
    ^
tests\clubbot\test_container_branches.py:11: error: Type of decorated function
contains type "Any" ("Callable[[Any, Any], Coroutine[Any, Any, None]]")  [misc]
    async def test_container_digits_wiring(tmp_path, monkeypatch) -> None:
    ^
tests\clubbot\test_container_branches.py:13: error: Expression has type "Any" 
[misc]
        monkeypatch.setenv("DISCORD_TOKEN", "x")
        ^~~~~~~~~~~
tests\clubbot\test_container_branches.py:14: error: Expression has type "Any" 
[misc]
        monkeypatch.setenv("TRANSCRIPT_PROVIDER", "api")
        ^~~~~~~~~~~
tests\clubbot\test_container_branches.py:15: error: Expression has type "Any" 
[misc]
        monkeypatch.setenv("TRANSCRIPT_API_URL", "http://localhost:8000")
        ^~~~~~~~~~~
tests\clubbot\test_container_branches.py:16: error: Expression has type "Any" 
[misc]
        monkeypatch.setenv("HANDWRITING_API_URL", "http://localhost:1234")
        ^~~~~~~~~~~
tests\clubbot\test_container_branches.py:24: error: Expression has type "Any" 
[misc]
        monkeypatch.setenv("REDIS_URL", "redis://fake")
        ^~~~~~~~~~~
tests\clubbot\test_container_branches.py:28: error: Expression has type "Any" 
[misc]
        monkeypatch.setattr(cont_mod, "_build_digits_enqueuer", lambda _u:...
        ^~~~~~~~~~~
tests\clubbot\test_container_branches.py:28: error: Expression type contains
"Any" (has type "Callable[[Any], object]")  [misc]
    ...atch.setattr(cont_mod, "_build_digits_enqueuer", lambda _u: sentinel, ...
                                                        ^
tests\clubbot\test_orchestrator_start_subscribers.py:21: error: Function is
missing a return type annotation  [no-untyped-def]
            def get_cog(self, name: str):
            ^
tests\clubbot\test_orchestrator_start_subscribers.py:28: error: Argument 1 to
"BotOrchestrator" has incompatible type "SimpleNamespace"; expected
"ServiceContainer"  [arg-type]
        orch = BotOrchestrator(SimpleNamespace(cfg=SimpleNamespace()))
                               ^~~~~~~~~~~~~~~~~~~~~~~~~~~~~~~~~~~~~~
tests\clubbot\test_orchestrator_start_subscribers.py:29: error: Incompatible
types in assignment (expression has type "_Bot", variable has type "Bot | None")
 [assignment]
        orch.bot = _Bot()  # inject bot stub
                   ^~~~~~
tests\clubbot\test_orchestrator_registry_branches.py:6: error: Function is
missing a type annotation for one or more arguments  [no-untyped-def]
    def test_orchestrator_registry_skip_branch(monkeypatch) -> None:
    ^
tests\clubbot\test_orchestrator_registry_branches.py:11: error: Expression has
type "Any"  [misc]
        monkeypatch.setattr(
        ^~~~~~~~~~~
tests\clubbot\test_orchestrator_registry_branches.py:14: error: Expression type
contains "Any" (has type "Callable[[Any], None]")  [misc]
    ...digits", "channel": "digits:events", "decode_event": lambda s: None}},
                                                            ^
tests\clubbot\test_orchestrator_registry_branches.py:19: error: Function is
missing a return type annotation  [no-untyped-def]
            def get_cog(self, name: str):
            ^
tests\clubbot\test_orchestrator_registry_branches.py:22: error: Argument 1 to
"BotOrchestrator" has incompatible type "SimpleNamespace"; expected
"ServiceContainer"  [arg-type]
        orch = BotOrchestrator(SimpleNamespace(cfg=SimpleNamespace()))
                               ^~~~~~~~~~~~~~~~~~~~~~~~~~~~~~~~~~~~~~
tests\clubbot\test_orchestrator_registry_branches.py:23: error: Incompatible
types in assignment (expression has type "_Bot", variable has type "Bot | None")
 [assignment]
        orch.bot = _Bot()
                   ^~~~~~
tests\clubbot\test_orchestrator_preflight_more.py:12: error: Function is
missing a type annotation for one or more arguments  [no-untyped-def]
    def test_preflight_no_application_id(monkeypatch) -> None:
    ^
tests\clubbot\test_orchestrator_preflight_more.py:13: error: Expression has
type "Any"  [misc]
        monkeypatch.delenv("DISCORD_APPLICATION_ID", raising=False)
        ^~~~~~~~~~~
tests\clubbot\test_orchestrator_preflight_more.py:15: error: Argument 1 to
"BotOrchestrator" has incompatible type "SimpleNamespace"; expected
"ServiceContainer"  [arg-type]
        orch = BotOrchestrator(SimpleNamespace(cfg=cfg))
                               ^~~~~~~~~~~~~~~~~~~~~~~~
tests\clubbot\test_orchestrator_preflight_more.py:20: error: Function is
missing a type annotation for one or more arguments  [no-untyped-def]
    def test_preflight_app_id_matches_token(monkeypatch) -> None:
    ^
tests\clubbot\test_orchestrator_preflight_more.py:23: error: Expression has
type "Any"  [misc]
        monkeypatch.setenv("DISCORD_APPLICATION_ID", "999")
        ^~~~~~~~~~~
tests\clubbot\test_orchestrator_preflight_more.py:25: error: Argument 1 to
"BotOrchestrator" has incompatible type "SimpleNamespace"; expected
"ServiceContainer"  [arg-type]
        orch = BotOrchestrator(SimpleNamespace(cfg=cfg))
                               ^~~~~~~~~~~~~~~~~~~~~~~~
tests\clubbot\test_orchestrator_preflight_more.py:29: error: Function is
missing a type annotation for one or more arguments  [no-untyped-def]
    def test_run_invokes_preflight_match_branch(monkeypatch) -> None:
    ^
tests\clubbot\test_orchestrator_preflight_more.py:32: error: Expression has
type "Any"  [misc]
        monkeypatch.setenv("DISCORD_APPLICATION_ID", "999")
        ^~~~~~~~~~~
tests\clubbot\test_orchestrator_preflight_more.py:34: error: Argument 1 to
"BotOrchestrator" has incompatible type "SimpleNamespace"; expected
"ServiceContainer"  [arg-type]
        orch = BotOrchestrator(SimpleNamespace(cfg=cfg))
                               ^~~~~~~~~~~~~~~~~~~~~~~~
tests\clubbot\test_orchestrator_preflight_more.py:40: error: Expression has
type "Any"  [misc]
        monkeypatch.setattr(orch, "build_bot", lambda: _Bot(), raising=Tru...
        ^~~~~~~~~~~
tests\clubbot\test_orchestrator_error_handler.py:47: error: Expression type
contains "Any" (has type "Callable[[Any], Coroutine[Any, Any, None]]")  [misc]
    ...  cont = SimpleNamespace(cfg=cfg, wire_bot_async=lambda bot: asyncio.s...
                                                        ^
tests\clubbot\test_orchestrator_error_handler.py:48: error: Argument 1 to
"BotOrchestrator" has incompatible type "SimpleNamespace"; expected
"ServiceContainer"  [arg-type]
        orch = BotOrchestrator(cont)
                               ^~~~
tests\clubbot\test_orchestrator_error_handler.py:56: error: Explicit "Any" is
not allowed  [explicit-any]
        captured: dict[str, Callable[..., Awaitable[None]]] = {}
        ^~~~~~~~~~~~~~~~~~~~~~~~~~~~~~~~~~~~~~~~~~~~~~~~~~~~~~~~
tests\clubbot\test_orchestrator_error_handler.py:58: error: Explicit "Any" is
not allowed  [explicit-any]
        def capture_add_listener(func: Callable[..., Awaitable[None]], nam...
        ^
tests\clubbot\test_orchestrator_error_handler.py:59: error: Expression type
contains "Any" (has type "Callable[..., Awaitable[None]]")  [misc]
            key = name or func.__name__
                          ^~~~
tests\clubbot\test_orchestrator_error_handler.py:60: error: Expression type
contains "Any" (has type "dict[str, Callable[..., Awaitable[None]]]")  [misc]
            captured[key] = func
            ^~~~~~~~
tests\clubbot\test_orchestrator_error_handler.py:60: error: Expression type
contains "Any" (has type "Callable[..., Awaitable[None]]")  [misc]
            captured[key] = func
                            ^~~~
tests\clubbot\test_orchestrator_error_handler.py:62: error: Expression type
contains "Any" (has type
"Callable[[Callable[..., Awaitable[None]], str | None], None]")  [misc]
    ...   monkeypatch.setattr(orch.bot, "add_listener", capture_add_listener,...
                                                        ^~~~~~~~~~~~~~~~~~~~
tests\clubbot\test_orchestrator_error_handler.py:64: error: Expression type
contains "Any" (has type "dict[str, Callable[..., Awaitable[None]]]")  [misc]
        handler = captured["on_application_command_error"]
                  ^~~~~~~~
tests\clubbot\test_orchestrator_error_handler.py:64: error: Expression type
contains "Any" (has type "Callable[..., Awaitable[None]]")  [misc]
        handler = captured["on_application_command_error"]
                  ^~~~~~~~~~~~~~~~~~~~~~~~~~~~~~~~~~~~~~~~
tests\clubbot\test_orchestrator_error_handler.py:90: error: Expression type
contains "Any" (has type "Callable[[Any], Coroutine[Any, Any, None]]")  [misc]
            wire_bot_async=lambda bot: asyncio.sleep(0) if not calls.updat...
                           ^
tests\clubbot\test_orchestrator_error_handler.py:92: error: Argument 1 to
"BotOrchestrator" has incompatible type "SimpleNamespace"; expected
"ServiceContainer"  [arg-type]
        orch = BotOrchestrator(cont)
                               ^~~~
tests\clubbot\test_orchestrator_error_handler.py:106: error: Expression type
contains "Any" (has type "dict[str, Any]")  [misc]
        forbidden_exc = type("Forbidden", (Exception,), {})
                                                        ^~
tests\clubbot\test_orchestrator_error_handler.py:107: error: Expression type
contains "Any" (has type "dict[str, Any]")  [misc]
        http_exc = type("HTTPException", (Exception,), {})
                                                       ^~
tests\clubbot\test_orchestrator_error_handler.py:110: error: Expression has
type "Any"  [misc]
            raise forbidden_exc()
                  ^~~~~~~~~~~~~~~
tests\clubbot\test_orchestrator_error_handler.py:113: error: Expression has
type "Any"  [misc]
            raise http_exc()
                  ^~~~~~~~~~
tests\clubbot\test_orchestrator_error_handler.py:139: error: Explicit "Any" is
not allowed  [explicit-any]
        captured: dict[str, Callable[..., Awaitable[None]]] = {}
        ^~~~~~~~~~~~~~~~~~~~~~~~~~~~~~~~~~~~~~~~~~~~~~~~~~~~~~~~
tests\clubbot\test_orchestrator_error_handler.py:141: error: Explicit "Any" is
not allowed  [explicit-any]
        def capture(func: Callable[..., Awaitable[None]], name: str | None...
        ^
tests\clubbot\test_orchestrator_error_handler.py:142: error: Expression type
contains "Any" (has type "dict[str, Callable[..., Awaitable[None]]]")  [misc]
            captured[name or func.__name__] = func
            ^~~~~~~~
tests\clubbot\test_orchestrator_error_handler.py:142: error: Expression type
contains "Any" (has type "Callable[..., Awaitable[None]]")  [misc]
            captured[name or func.__name__] = func
                             ^~~~
tests\clubbot\test_orchestrator_error_handler.py:144: error: Expression type
contains "Any" (has type
"Callable[[Callable[..., Awaitable[None]], str | None], None]")  [misc]
    ...   monkeypatch.setattr(orch.bot, "add_listener", capture, raising=True...
                                                        ^~~~~~~
tests\clubbot\test_orchestrator_error_handler.py:146: error: Expression type
contains "Any" (has type "dict[str, Callable[..., Awaitable[None]]]")  [misc]
        on_ready = captured["on_ready"]
                   ^~~~~~~~
tests\clubbot\test_orchestrator_error_handler.py:146: error: Expression type
contains "Any" (has type "Callable[..., Awaitable[None]]")  [misc]
        on_ready = captured["on_ready"]
                   ^~~~~~~~~~~~~~~~~~~~
tests\clubbot\test_orchestrator_error_handler.py:154: error: Item "None" of
"Bot | None" has no attribute "tree"  [union-attr]
        orch.bot.tree.sync = fake_tree_sync
        ^~~~~~~~~~~~~
tests\clubbot\test_orchestrator_error_handler.py:154: error: Expression type
contains "Any" (has type "CommandTree[Bot] | Any")  [misc]
        orch.bot.tree.sync = fake_tree_sync
        ^~~~~~~~~~~~~
tests\clubbot\test_orchestrator_error_handler.py:154: error: Cannot assign to a
method  [method-assign]
        orch.bot.tree.sync = fake_tree_sync
        ^~~~~~~~~~~~~~~~~~
tests\clubbot\test_orchestrator_error_handler.py:162: error: Explicit "Any" is
not allowed  [explicit-any]
        captured: dict[str, Callable[..., Awaitable[None]]] = {}
        ^~~~~~~~~~~~~~~~~~~~~~~~~~~~~~~~~~~~~~~~~~~~~~~~~~~~~~~~
tests\clubbot\test_orchestrator_error_handler.py:164: error: Explicit "Any" is
not allowed  [explicit-any]
        def capture(func: Callable[..., Awaitable[None]], name: str | None...
        ^
tests\clubbot\test_orchestrator_error_handler.py:165: error: Expression type
contains "Any" (has type "dict[str, Callable[..., Awaitable[None]]]")  [misc]
            captured[name or func.__name__] = func
            ^~~~~~~~
tests\clubbot\test_orchestrator_error_handler.py:165: error: Expression type
contains "Any" (has type "Callable[..., Awaitable[None]]")  [misc]
            captured[name or func.__name__] = func
                             ^~~~
tests\clubbot\test_orchestrator_error_handler.py:167: error: Expression type
contains "Any" (has type
"Callable[[Callable[..., Awaitable[None]], str | None], None]")  [misc]
    ...   monkeypatch.setattr(orch.bot, "add_listener", capture, raising=True...
                                                        ^~~~~~~
tests\clubbot\test_orchestrator_error_handler.py:169: error: Expression type
contains "Any" (has type "dict[str, Callable[..., Awaitable[None]]]")  [misc]
        handler = captured["on_application_command_error"]
                  ^~~~~~~~
tests\clubbot\test_orchestrator_error_handler.py:169: error: Expression type
contains "Any" (has type "Callable[..., Awaitable[None]]")  [misc]
        handler = captured["on_application_command_error"]
                  ^~~~~~~~~~~~~~~~~~~~~~~~~~~~~~~~~~~~~~~~
tests\clubbot\test_orchestrator_error_handler.py:176: error: Function is
missing a type annotation  [no-untyped-def]
            async def send(self, *a, **k):
            ^
tests\clubbot\test_orchestrator_error_handler.py:184: error: Expression has
type "Any"  [misc]
                self.response = type(
                                ^
tests\clubbot\test_orchestrator_error_handler.py:187: error: Expression type
contains "Any" (has type "dict[str, Any]")  [misc]
                    {"is_done": lambda self: False, "send_message": _Follo...
                    ^~~~~~~~~~~~~~~~~~~~~~~~~~~~~~~~~~~~~~~~~~~~~~~~~~~~~~...
tests\clubbot\test_orchestrator_error_handler.py:187: error: Expression type
contains "Any" (has type "tuple[str, Callable[[Any], bool]]")  [misc]
                    {"is_done": lambda self: False, "send_message": _Follo...
                     ^
tests\clubbot\test_orchestrator_error_handler.py:187: error: Expression type
contains "Any" (has type "Callable[[Any], bool]")  [misc]
                    {"is_done": lambda self: False, "send_message": _Follo...
                                ^
tests\clubbot\test_orchestrator_error_handler.py:187: error: Expression type
contains "Any" (has type "tuple[str, Callable[[VarArg(Any), KwArg(Any)], Any]]")
 [misc]
                    {"is_done": lambda self: False, "send_message": _Follo...
                                                    ^~~~~~~~~~~~~~~~~~~~~~...
tests\clubbot\test_orchestrator_error_handler.py:187: error: Expression type
contains "Any" (has type "Callable[[VarArg(Any), KwArg(Any)], Any]")  [misc]
    ...      {"is_done": lambda self: False, "send_message": _Follow().send},
                                                             ^~~~~~~~~~~~~~
tests\clubbot\test_orchestrator_error_handler.py:206: error: TypedDict
"DiscordbotSettings" has no key "DISCORD_TOKEN"  [typeddict-unknown-key]
        cfg["DISCORD_TOKEN"] = "MTIz.x.y"
            ^~~~~~~~~~~~~~~
tests\clubbot\test_orchestrator_error_handler.py:207: error: Argument 1 to
"BotOrchestrator" has incompatible type "SimpleNamespace"; expected
"ServiceContainer"  [arg-type]
        orch = BotOrchestrator(SimpleNamespace(cfg=cfg))
                               ^~~~~~~~~~~~~~~~~~~~~~~~
tests\clubbot\test_orchestrator_error_handler.py:215: error: TypedDict
"DiscordbotSettings" has no key "DISCORD_TOKEN"  [typeddict-unknown-key]
        cfg["DISCORD_TOKEN"] = "tkn"
            ^~~~~~~~~~~~~~~
tests\clubbot\test_orchestrator_error_handler.py:216: error: Argument 1 to
"BotOrchestrator" has incompatible type "SimpleNamespace"; expected
"ServiceContainer"  [arg-type]
        orch = BotOrchestrator(SimpleNamespace(cfg=cfg))
                               ^~~~~~~~~~~~~~~~~~~~~~~~
tests\clubbot\test_orchestrator_error_handler.py:221: error: Incompatible types
in assignment (expression has type "str", target has type "None")  [assignment]
                called["token"] = token
                                  ^~~~~
tests\clubbot\test_orchestrator_connect_resumed.py:11: error: Expression type
contains "Any" (has type
"Callable[[MonkeyPatch, Any], Coroutine[Any, Any, None]]")  [misc]
    @pytest.mark.asyncio
     ^
tests\clubbot\test_orchestrator_connect_resumed.py:12: error: Function is
missing a type annotation for one or more arguments  [no-untyped-def]
    async def test_on_connect_and_resumed_logs(monkeypatch: pytest.MonkeyP...
    ^
tests\clubbot\test_orchestrator_connect_resumed.py:12: error: Type of decorated
function contains type "Any"
("Callable[[MonkeyPatch, Any], Coroutine[Any, Any, None]]")  [misc]
    async def test_on_connect_and_resumed_logs(monkeypatch: pytest.MonkeyP...
    ^
tests\clubbot\test_orchestrator_connect_resumed.py:20: error: Missing type
parameters for generic type "list"  [type-arg]
        captured: dict[str, list] = {"connect": [], "resumed": []}
                            ^
tests\clubbot\test_orchestrator_connect_resumed.py:20: error: Expression type
contains "Any" (has type "tuple[str, list[Any]]")  [misc]
        captured: dict[str, list] = {"connect": [], "resumed": []}
                                     ^~~~~~~~~~~~~
tests\clubbot\test_orchestrator_connect_resumed.py:20: error: Expression type
contains "Any" (has type "list[Any]")  [misc]
        captured: dict[str, list] = {"connect": [], "resumed": []}
                                                ^~
tests\clubbot\test_orchestrator_connect_resumed.py:22: error: Function is
missing a type annotation  [no-untyped-def]
        def _add_listener(coro, name=None):
        ^
tests\clubbot\test_orchestrator_connect_resumed.py:23: error: Expression has
type "Any"  [misc]
            event = (name or getattr(coro, "__name__", "")).removeprefix("...
                    ^~~~~~~~~~~~~~~~~~~~~~~~~~~~~~~~~~~~~~~~~~~~~~~~~~~~~~...
tests\clubbot\test_orchestrator_connect_resumed.py:24: error: Expression type
contains "Any" (has type "dict[str, list[Any]]")  [misc]
            captured.setdefault(event, []).append(coro)
            ^~~~~~~~
tests\clubbot\test_orchestrator_connect_resumed.py:24: error: Expression type
contains "Any" (has type "list[Any]")  [misc]
            captured.setdefault(event, []).append(coro)
            ^~~~~~~~~~~~~~~~~~~~~~~~~~~~~~
tests\clubbot\test_orchestrator_connect_resumed.py:24: error: Expression has
type "Any"  [misc]
            captured.setdefault(event, []).append(coro)
                                ^~~~~
tests\clubbot\test_orchestrator_connect_resumed.py:26: error: Expression has
type "Any"  [misc]
            return original_add_listener(coro, name=name)
                                         ^~~~
tests\clubbot\test_orchestrator_connect_resumed.py:29: error: Expression type
contains "Any" (has type "Callable[[Any, Any], Any]")  [misc]
        monkeypatch.setattr(bot, "add_listener", _add_listener)
                                                 ^~~~~~~~~~~~~
tests\clubbot\test_orchestrator_connect_resumed.py:33: error: Expression has
type "Any"  [misc]
        for fn in captured.get("connect", []):
        ^
tests\clubbot\test_orchestrator_connect_resumed.py:33: error: Expression type
contains "Any" (has type "dict[str, list[Any]]")  [misc]
        for fn in captured.get("connect", []):
                  ^~~~~~~~
tests\clubbot\test_orchestrator_connect_resumed.py:33: error: Expression type
contains "Any" (has type "list[Any]")  [misc]
        for fn in captured.get("connect", []):
                  ^~~~~~~~~~~~~~~~~~~~~~~~~~~
tests\clubbot\test_orchestrator_connect_resumed.py:34: error: Expression has
type "Any"  [misc]
            await fn()
                  ^~~~
tests\clubbot\test_orchestrator_connect_resumed.py:35: error: Expression has
type "Any"  [misc]
        for fn in captured.get("resumed", []):
        ^
tests\clubbot\test_orchestrator_connect_resumed.py:35: error: Expression type
contains "Any" (has type "dict[str, list[Any]]")  [misc]
        for fn in captured.get("resumed", []):
                  ^~~~~~~~
tests\clubbot\test_orchestrator_connect_resumed.py:35: error: Expression type
contains "Any" (has type "list[Any]")  [misc]
        for fn in captured.get("resumed", []):
                  ^~~~~~~~~~~~~~~~~~~~~~~~~~~
tests\clubbot\test_orchestrator_connect_resumed.py:36: error: Expression has
type "Any"  [misc]
            await fn()
                  ^~~~
tests\clubbot\test_orchestrator.py:124: error: Argument 1 has incompatible type
"_GuildLike"; expected "Guild"  [arg-type]
        await join_listener(guild)
                            ^~~~~
tests\clubbot\test_cov_orchestrator_error_send_fail.py:78: error: Expression
has type "Any"  [misc]
            fallback = str(object.__getattribute__(func, "__name__"))
                           ^~~~~~~~~~~~~~~~~~~~~~~~~~~~~~~~~~~~~~~~~
tests\clubbot\test_cov_orchestrator_error_send_fail.py:95: error: Argument 1 to
"run" has incompatible type "Awaitable[None]"; expected
"Coroutine[Any, Any, Never]"  [arg-type]
            asyncio.run(handler(interaction, RuntimeError("x")))
                        ^~~~~~~~~~~~~~~~~~~~~~~~~~~~~~~~~~~~~~~
Found 929 errors in 75 files (checked 148 source files)
